2025-07-04T13:52:10Z POST /api/order/cancel 404 74ms
2025-07-04T13:53:10Z DELETE /api/user/logout 204 259ms
2025-07-04T13:54:10Z GET /api/order/cancel 204 288ms
2025-07-04T13:55:10Z DELETE /api/user/login 204 266ms
2025-07-04T13:56:10Z DELETE /api/order/create 404 191ms
2025-07-04T13:57:10Z PUT /api/order/cancel 503 481ms
2025-07-04T13:58:10Z DELETE /api/order/create 400 135ms
2025-07-04T13:59:10Z GET /api/order/create 400 161ms
2025-07-04T14:00:10Z POST /api/product/detail 200 174ms
2025-07-04T14:01:10Z PUT /api/product/list 400 106ms
2025-07-04T14:02:10Z GET /api/order/cancel 204 244ms
2025-07-04T14:03:10Z GET /api/user/login 200 225ms
2025-07-04T14:04:10Z POST /api/user/list 201 122ms
2025-07-04T14:05:10Z DELETE /api/user/login 200 104ms
2025-07-04T14:06:10Z PUT /api/product/list 204 292ms
2025-07-04T14:07:10Z POST /api/product/list 200 248ms
2025-07-04T14:08:10Z POST /api/order/cancel 502 440ms
2025-07-04T14:09:10Z POST /api/product/detail 204 88ms
2025-07-04T14:10:10Z POST /api/order/cancel 200 196ms
2025-07-04T14:11:10Z GET /api/order/create 200 127ms
2025-07-04T14:12:10Z GET /api/order/cancel 502 513ms
2025-07-04T14:13:10Z GET /api/product/detail 503 500ms
2025-07-04T14:14:10Z DELETE /api/order/cancel 404 128ms
2025-07-04T14:15:10Z GET /api/user/list 204 265ms
2025-07-04T14:16:10Z DELETE /api/product/list 403 123ms
2025-07-04T14:17:10Z GET /api/user/login 200 105ms
2025-07-04T14:18:10Z POST /api/order/cancel 401 140ms
2025-07-04T14:19:10Z PUT /api/order/create 401 108ms
2025-07-04T14:20:10Z PUT /api/admin/stats 200 848ms
2025-07-04T14:21:10Z DELETE /api/user/list 201 165ms
2025-07-04T14:22:10Z PUT /api/user/login 200 101ms
2025-07-04T14:23:10Z DELETE /api/product/detail 403 200ms
2025-07-04T14:24:10Z PUT /api/product/list 201 144ms
2025-07-04T14:25:10Z GET /api/admin/stats 204 924ms
2025-07-04T14:26:10Z GET /api/admin/stats 204 954ms
2025-07-04T14:27:10Z GET /api/user/logout 201 78ms
2025-07-04T14:28:10Z POST /api/order/cancel 200 89ms
2025-07-04T14:29:10Z GET /api/order/cancel 200 68ms
2025-07-04T14:30:10Z PUT /api/user/login 204 63ms
2025-07-04T14:31:10Z DELETE /api/product/list 200 234ms
2025-07-04T14:32:10Z POST /api/order/cancel 400 138ms
2025-07-04T14:33:10Z PUT /api/order/create 201 76ms
2025-07-04T14:34:10Z DELETE /api/user/list 204 296ms
2025-07-04T14:35:10Z PUT /api/product/detail 200 152ms
2025-07-04T14:36:10Z GET /api/order/cancel 400 87ms
2025-07-04T14:37:10Z PUT /api/product/detail 201 180ms
2025-07-04T14:38:10Z PUT /api/admin/stats 200 941ms
2025-07-04T14:39:10Z PUT /api/order/cancel 400 76ms
2025-07-04T14:40:10Z POST /api/user/logout 204 163ms
2025-07-04T14:41:10Z DELETE /api/order/create 500 736ms
2025-07-04T14:42:10Z PUT /api/user/list 204 254ms
2025-07-04T14:43:10Z DELETE /api/product/list 201 148ms
2025-07-04T14:44:10Z DELETE /api/product/detail 400 90ms
2025-07-04T14:45:10Z PUT /api/user/login 204 299ms
2025-07-04T14:46:10Z GET /api/order/cancel 401 181ms
2025-07-04T14:47:10Z PUT /api/admin/stats 204 946ms
2025-07-04T14:48:10Z GET /api/user/list 204 241ms
2025-07-04T14:49:10Z DELETE /api/admin/stats 201 1016ms
2025-07-04T14:50:10Z GET /api/order/cancel 404 57ms
2025-07-04T14:51:10Z GET /api/order/create 200 237ms
2025-07-04T14:52:10Z PUT /api/admin/stats 204 1049ms
2025-07-04T14:53:10Z GET /api/product/list 403 126ms
2025-07-04T14:54:10Z GET /api/product/detail 201 129ms
2025-07-04T14:55:10Z GET /api/order/cancel 500 226ms
2025-07-04T14:56:10Z POST /api/order/cancel 201 268ms
2025-07-04T14:57:10Z POST /api/product/detail 204 172ms
2025-07-04T14:58:10Z GET /api/user/logout 404 119ms
2025-07-04T14:59:10Z DELETE /api/product/list 201 241ms
2025-07-04T15:00:10Z GET /api/user/logout 200 162ms
2025-07-04T15:01:10Z POST /api/user/login 204 144ms
2025-07-04T15:02:10Z GET /api/product/list 500 312ms
2025-07-04T15:03:10Z POST /api/order/create 200 195ms
2025-07-04T15:04:10Z DELETE /api/product/list 200 244ms
2025-07-04T15:05:10Z DELETE /api/order/create 200 111ms
2025-07-04T15:06:10Z GET /api/order/cancel 201 260ms
2025-07-04T15:07:10Z GET /api/user/list 503 357ms
2025-07-04T15:08:10Z POST /api/admin/stats 200 827ms
2025-07-04T15:09:10Z POST /api/order/create 200 238ms
2025-07-04T15:10:10Z POST /api/user/login 200 203ms
2025-07-04T15:11:10Z POST /api/order/create 200 223ms
2025-07-04T15:12:10Z GET /api/product/detail 403 65ms
2025-07-04T15:13:10Z POST /api/order/cancel 204 293ms
2025-07-04T15:14:10Z PUT /api/admin/stats 200 1056ms
2025-07-04T15:15:10Z DELETE /api/order/create 204 77ms
2025-07-04T15:16:10Z POST /api/order/cancel 200 244ms
2025-07-04T15:17:10Z GET /api/user/logout 404 185ms
2025-07-04T15:18:10Z POST /api/product/detail 201 225ms
2025-07-04T15:19:10Z DELETE /api/user/login 204 80ms
2025-07-04T15:20:10Z POST /api/user/list 403 91ms
2025-07-04T15:21:10Z POST /api/user/list 502 507ms
2025-07-04T15:22:10Z PUT /api/admin/stats 201 1026ms
2025-07-04T15:23:10Z DELETE /api/product/detail 200 115ms
2025-07-04T15:24:10Z PUT /api/user/list 404 59ms
2025-07-04T15:25:10Z DELETE /api/product/detail 204 173ms
2025-07-04T15:26:10Z GET /api/order/cancel 403 144ms
2025-07-04T15:27:10Z DELETE /api/order/cancel 500 302ms
2025-07-04T15:28:10Z PUT /api/user/login 201 66ms
2025-07-04T15:29:10Z PUT /api/user/login 201 281ms
2025-07-04T15:30:10Z POST /api/admin/stats 200 815ms
2025-07-04T15:31:10Z DELETE /api/order/create 200 260ms
2025-07-04T13:52:13Z GET /api/product/detail 502 416ms
2025-07-04T13:52:13Z POST /api/order/cancel 201 182ms
2025-07-04T13:52:16Z PUT /api/order/cancel 204 179ms
2025-07-04T13:52:16Z PUT /api/product/detail 401 137ms
2025-07-04T13:52:19Z PUT /api/product/list 503 474ms
2025-07-04T13:52:19Z DELETE /api/order/cancel 403 195ms
2025-07-04T13:52:22Z DELETE /api/user/list 401 126ms
2025-07-04T13:52:22Z GET /api/user/list 503 224ms
2025-07-04T13:52:25Z DELETE /api/user/logout 204 287ms
2025-07-04T13:52:25Z PUT /api/order/cancel 201 290ms
2025-07-04T13:52:28Z PUT /api/user/login 201 186ms
2025-07-04T13:52:28Z PUT /api/user/login 201 134ms
2025-07-04T13:52:31Z POST /api/admin/stats 200 897ms
2025-07-04T13:52:31Z POST /api/product/list 204 210ms
2025-07-04T13:52:34Z GET /api/admin/stats 404 1001ms
2025-07-04T13:52:34Z GET /api/user/login 404 130ms
2025-07-04T13:52:37Z DELETE /api/order/create 200 278ms
2025-07-04T13:52:37Z DELETE /api/admin/stats 200 951ms
2025-07-04T13:52:40Z POST /api/admin/stats 204 1178ms
2025-07-04T13:52:40Z PUT /api/admin/stats 404 955ms
2025-07-04T13:52:43Z POST /api/user/login 200 225ms
2025-07-04T13:52:43Z PUT /api/user/logout 200 71ms
2025-07-04T13:52:46Z GET /api/order/create 400 96ms
2025-07-04T13:52:46Z DELETE /api/product/detail 204 148ms
2025-07-04T13:52:49Z GET /api/user/list 201 294ms
2025-07-04T13:52:49Z POST /api/admin/stats 201 906ms
2025-07-04T13:52:52Z GET /api/order/create 200 222ms
2025-07-04T13:52:52Z GET /api/product/list 503 447ms
2025-07-04T13:52:55Z GET /api/product/detail 201 178ms
2025-07-04T13:52:55Z POST /api/product/list 401 63ms
2025-07-04T13:52:58Z DELETE /api/product/detail 204 129ms
2025-07-04T13:52:58Z DELETE /api/user/list 201 191ms
2025-07-04T13:53:01Z POST /api/product/detail 204 75ms
2025-07-04T13:53:01Z POST /api/user/login 403 186ms
2025-07-04T13:53:04Z GET /api/user/login 204 264ms
2025-07-04T13:53:04Z GET /api/order/cancel 404 185ms
2025-07-04T13:53:07Z GET /api/product/list 400 91ms
2025-07-04T13:53:07Z DELETE /api/user/list 200 216ms
2025-07-04T13:53:10Z PUT /api/admin/stats 200 980ms
2025-07-04T13:53:10Z PUT /api/order/create 201 136ms
2025-07-04T13:53:13Z PUT /api/user/logout 403 102ms
2025-07-04T13:53:13Z PUT /api/user/login 204 164ms
2025-07-04T13:53:16Z POST /api/user/list 403 134ms
2025-07-04T13:53:16Z POST /api/product/list 204 233ms
2025-07-04T13:53:19Z POST /api/product/detail 201 108ms
2025-07-04T13:53:19Z DELETE /api/user/login 200 93ms
2025-07-04T13:53:22Z GET /api/order/cancel 500 708ms
2025-07-04T13:53:22Z GET /api/order/cancel 201 298ms
2025-07-04T13:53:25Z POST /api/admin/stats 201 871ms
2025-07-04T13:53:25Z PUT /api/admin/stats 400 845ms
2025-07-04T13:53:28Z DELETE /api/user/login 204 249ms
2025-07-04T13:53:28Z PUT /api/admin/stats 200 1122ms
2025-07-04T13:53:31Z GET /api/user/list 204 88ms
2025-07-04T13:53:31Z POST /api/product/list 204 246ms
2025-07-04T13:53:34Z GET /api/product/list 201 155ms
2025-07-04T13:53:34Z GET /api/product/detail 400 76ms
2025-07-04T13:53:37Z DELETE /api/user/logout 401 129ms
2025-07-04T13:53:37Z GET /api/user/login 204 66ms
2025-07-04T13:53:40Z PUT /api/order/create 201 111ms
2025-07-04T13:53:40Z POST /api/user/login 503 352ms
2025-07-04T13:53:43Z PUT /api/order/create 404 154ms
2025-07-04T13:53:43Z PUT /api/admin/stats 403 830ms
2025-07-04T13:53:46Z PUT /api/user/list 400 197ms
2025-07-04T13:53:46Z DELETE /api/order/cancel 400 180ms
2025-07-04T13:53:49Z GET /api/user/list 404 111ms
2025-07-04T13:53:49Z DELETE /api/admin/stats 204 874ms
2025-07-04T13:53:52Z DELETE /api/user/list 204 109ms
2025-07-04T13:53:52Z PUT /api/user/login 404 136ms
2025-07-04T13:53:55Z POST /api/order/cancel 201 85ms
2025-07-04T13:53:55Z DELETE /api/product/detail 201 121ms
2025-07-04T13:53:58Z POST /api/user/login 200 277ms
2025-07-04T13:53:58Z PUT /api/user/login 502 472ms
2025-07-04T13:54:01Z DELETE /api/user/list 201 284ms
2025-07-04T13:54:01Z PUT /api/user/login 401 152ms
2025-07-04T13:54:04Z POST /api/product/list 403 154ms
2025-07-04T13:54:04Z GET /api/admin/stats 401 811ms
2025-07-04T13:54:07Z PUT /api/admin/stats 401 1161ms
2025-07-04T13:54:07Z POST /api/product/list 204 285ms
2025-07-04T13:54:10Z DELETE /api/product/detail 400 93ms
2025-07-04T13:54:10Z PUT /api/user/login 200 277ms
2025-07-04T13:54:13Z GET /api/product/list 200 52ms
2025-07-04T13:54:13Z DELETE /api/user/login 200 287ms
2025-07-04T13:54:16Z POST /api/order/create 403 82ms
2025-07-04T13:54:16Z GET /api/product/list 404 138ms
2025-07-04T13:54:19Z GET /api/user/list 201 202ms
2025-07-04T13:54:19Z POST /api/user/login 204 209ms
2025-07-04T13:54:22Z PUT /api/user/logout 201 199ms
2025-07-04T13:54:22Z GET /api/user/login 404 185ms
2025-07-04T13:54:25Z POST /api/product/list 200 283ms
2025-07-04T13:54:25Z POST /api/user/login 200 197ms
2025-07-04T13:54:28Z PUT /api/admin/stats 404 1121ms
2025-07-04T13:54:28Z POST /api/order/cancel 500 375ms
2025-07-04T13:54:31Z DELETE /api/user/logout 200 260ms
2025-07-04T13:54:31Z DELETE /api/product/list 401 72ms
2025-07-04T13:54:34Z GET /api/admin/stats 401 1107ms
2025-07-04T13:54:34Z PUT /api/product/list 201 147ms
2025-07-04T13:54:37Z POST /api/order/cancel 204 258ms
2025-07-04T13:54:37Z POST /api/admin/stats 200 1004ms
2025-07-04T13:54:40Z POST /api/order/create 200 93ms
2025-07-04T13:54:40Z GET /api/product/list 204 270ms
2025-07-04T13:54:43Z DELETE /api/product/detail 403 76ms
2025-07-04T13:54:44Z POST /api/product/detail 404 139ms
2025-07-04T13:54:46Z PUT /api/user/logout 500 321ms
2025-07-04T13:54:47Z GET /api/product/detail 200 204ms
2025-07-04T13:54:49Z DELETE /api/product/detail 403 171ms
2025-07-04T13:54:50Z DELETE /api/user/list 500 740ms
2025-07-04T13:54:52Z DELETE /api/order/create 200 300ms
2025-07-04T13:54:53Z DELETE /api/user/logout 404 176ms
2025-07-04T13:54:55Z GET /api/user/login 200 78ms
2025-07-04T13:54:56Z DELETE /api/user/login 500 746ms
2025-07-04T13:54:58Z DELETE /api/user/list 204 92ms
2025-07-04T13:54:59Z POST /api/user/list 403 193ms
2025-07-04T13:55:01Z DELETE /api/user/login 201 245ms
2025-07-04T13:55:02Z PUT /api/user/logout 404 89ms
2025-07-04T13:55:04Z DELETE /api/user/login 200 268ms
2025-07-04T13:55:05Z GET /api/product/list 200 127ms
2025-07-04T13:55:07Z POST /api/user/list 200 56ms
2025-07-04T13:55:08Z PUT /api/user/list 201 170ms
2025-07-04T13:55:10Z DELETE /api/admin/stats 201 1093ms
2025-07-04T13:55:11Z POST /api/user/login 403 150ms
2025-07-04T13:55:13Z POST /api/admin/stats 403 906ms
2025-07-04T13:55:14Z POST /api/product/detail 200 259ms
2025-07-04T13:55:16Z POST /api/admin/stats 204 1025ms
2025-07-04T13:55:17Z GET /api/product/list 204 236ms
2025-07-04T13:55:19Z PUT /api/user/logout 403 140ms
2025-07-04T13:55:20Z GET /api/user/logout 204 103ms
2025-07-04T13:55:22Z GET /api/order/create 201 252ms
2025-07-04T13:55:23Z PUT /api/product/detail 201 122ms
2025-07-04T13:55:25Z POST /api/user/logout 201 250ms
2025-07-04T13:55:26Z GET /api/order/create 201 152ms
2025-07-04T13:55:28Z DELETE /api/order/create 204 78ms
2025-07-04T13:55:29Z POST /api/product/list 201 274ms
2025-07-04T13:55:31Z GET /api/user/logout 200 145ms
2025-07-04T13:55:32Z GET /api/product/detail 201 185ms
2025-07-04T13:55:34Z GET /api/product/list 401 200ms
2025-07-04T13:55:35Z DELETE /api/user/logout 200 236ms
2025-07-04T13:55:37Z POST /api/user/list 404 109ms
2025-07-04T13:55:38Z POST /api/product/detail 201 257ms
2025-07-04T13:55:40Z POST /api/user/list 204 174ms
2025-07-04T13:55:41Z PUT /api/user/logout 403 81ms
2025-07-04T13:55:43Z PUT /api/product/list 404 122ms
2025-07-04T13:55:44Z PUT /api/product/detail 403 75ms
2025-07-04T13:55:46Z PUT /api/user/list 204 73ms
2025-07-04T13:55:47Z DELETE /api/order/cancel 404 174ms
2025-07-04T13:55:49Z GET /api/order/cancel 201 56ms
2025-07-04T13:55:50Z PUT /api/user/list 502 288ms
2025-07-04T13:55:52Z POST /api/product/detail 502 427ms
2025-07-04T13:55:53Z PUT /api/order/cancel 201 91ms
2025-07-04T13:55:55Z PUT /api/order/cancel 201 230ms
2025-07-04T13:55:56Z POST /api/user/list 204 96ms
2025-07-04T13:55:58Z POST /api/order/cancel 200 246ms
2025-07-04T13:55:59Z PUT /api/product/list 204 271ms
2025-07-04T13:56:01Z POST /api/product/detail 404 85ms
2025-07-04T13:56:02Z DELETE /api/order/create 201 170ms
2025-07-04T13:56:04Z DELETE /api/admin/stats 204 918ms
2025-07-04T13:56:05Z PUT /api/order/cancel 200 141ms
2025-07-04T13:56:07Z PUT /api/user/list 204 80ms
2025-07-04T13:56:08Z PUT /api/user/logout 403 101ms
2025-07-04T13:56:10Z GET /api/product/detail 503 590ms
2025-07-04T13:56:11Z PUT /api/product/detail 404 161ms
2025-07-04T13:56:14Z POST /api/user/list 400 191ms
2025-07-04T13:56:14Z POST /api/order/create 201 191ms
2025-07-04T13:56:17Z PUT /api/user/list 200 240ms
2025-07-04T13:56:17Z DELETE /api/order/cancel 503 438ms
2025-07-04T13:56:20Z GET /api/product/list 204 128ms
2025-07-04T13:56:20Z DELETE /api/product/detail 502 658ms
2025-07-04T13:56:23Z GET /api/product/list 201 55ms
2025-07-04T13:56:23Z POST /api/user/list 204 161ms
2025-07-04T13:56:26Z DELETE /api/user/login 200 276ms
2025-07-04T13:56:26Z GET /api/product/list 200 75ms
2025-07-04T13:56:29Z POST /api/user/list 502 559ms
2025-07-04T13:56:29Z PUT /api/user/login 204 132ms
2025-07-04T13:56:32Z GET /api/product/detail 404 96ms
2025-07-04T13:56:32Z PUT /api/product/detail 204 68ms
2025-07-04T13:56:35Z DELETE /api/user/login 401 127ms
2025-07-04T13:56:35Z POST /api/order/cancel 200 94ms
2025-07-04T13:56:38Z DELETE /api/user/logout 403 78ms
2025-07-04T13:56:38Z DELETE /api/product/detail 200 225ms
2025-07-04T13:56:41Z GET /api/order/cancel 204 282ms
2025-07-04T13:56:41Z POST /api/user/login 401 72ms
2025-07-04T13:56:44Z GET /api/order/create 201 253ms
2025-07-04T13:56:44Z GET /api/user/login 200 277ms
2025-07-04T13:56:47Z GET /api/order/cancel 200 143ms
2025-07-04T13:56:47Z GET /api/product/list 204 164ms
2025-07-04T13:56:50Z PUT /api/admin/stats 401 1035ms
2025-07-04T13:56:50Z GET /api/order/create 201 233ms
2025-07-04T13:56:53Z DELETE /api/product/detail 200 229ms
2025-07-04T13:56:53Z DELETE /api/order/create 200 173ms
2025-07-04T13:56:56Z PUT /api/user/list 201 53ms
2025-07-04T13:56:56Z PUT /api/order/cancel 200 285ms
2025-07-04T13:56:59Z PUT /api/order/create 201 79ms
2025-07-04T13:56:59Z DELETE /api/product/list 204 98ms
2025-07-04T13:57:02Z GET /api/product/detail 200 270ms
2025-07-04T13:57:02Z POST /api/user/list 201 77ms
2025-07-04T13:57:05Z GET /api/user/list 403 113ms
2025-07-04T13:57:05Z PUT /api/admin/stats 200 1144ms
2025-07-04T13:57:08Z GET /api/order/create 200 162ms
2025-07-04T13:57:08Z GET /api/user/login 500 659ms
2025-07-04T13:57:11Z POST /api/user/list 404 156ms
2025-07-04T13:57:11Z PUT /api/product/detail 400 190ms
2025-07-04T13:57:14Z DELETE /api/order/cancel 503 608ms
2025-07-04T13:57:14Z DELETE /api/admin/stats 201 1022ms
2025-07-04T13:57:17Z PUT /api/admin/stats 400 954ms
2025-07-04T13:57:17Z DELETE /api/order/cancel 201 280ms
2025-07-04T13:57:20Z PUT /api/order/create 400 161ms
2025-07-04T13:57:20Z DELETE /api/order/create 204 110ms
2025-07-04T13:57:23Z DELETE /api/product/detail 204 293ms
2025-07-04T13:57:23Z POST /api/order/create 201 161ms
2025-07-04T13:57:26Z PUT /api/product/detail 403 151ms
2025-07-04T13:57:26Z POST /api/order/create 403 98ms
2025-07-04T13:57:29Z DELETE /api/order/cancel 201 201ms
2025-07-04T13:57:29Z DELETE /api/user/login 401 72ms
2025-07-04T13:57:32Z PUT /api/admin/stats 204 1194ms
2025-07-04T13:57:32Z POST /api/product/list 403 159ms
2025-07-04T13:57:35Z PUT /api/user/logout 200 106ms
2025-07-04T13:57:35Z DELETE /api/admin/stats 403 1058ms
2025-07-04T13:57:38Z GET /api/user/list 403 63ms
2025-07-04T13:57:38Z GET /api/user/list 200 96ms
2025-07-04T13:57:41Z PUT /api/order/create 200 149ms
2025-07-04T13:57:41Z POST /api/admin/stats 201 1027ms
2025-07-04T13:57:44Z GET /api/admin/stats 204 1055ms
2025-07-04T13:57:44Z GET /api/order/cancel 204 116ms
2025-07-04T13:57:47Z GET /api/user/logout 400 168ms
2025-07-04T13:57:47Z POST /api/product/list 503 558ms
2025-07-04T13:57:50Z DELETE /api/order/create 204 287ms
2025-07-04T13:57:50Z DELETE /api/product/detail 200 140ms
2025-07-04T13:57:53Z POST /api/product/list 201 123ms
2025-07-04T13:57:56Z PUT /api/admin/stats 204 1046ms
2025-07-04T13:57:59Z GET /api/user/list 201 260ms
2025-07-04T13:58:02Z POST /api/admin/stats 200 949ms
2025-07-04T13:58:05Z PUT /api/user/logout 201 131ms
2025-07-04T13:58:08Z DELETE /api/product/list 404 94ms
2025-07-04T13:58:11Z GET /api/product/detail 204 172ms
2025-07-04T13:58:14Z POST /api/user/logout 200 158ms
2025-07-04T13:58:17Z PUT /api/product/list 401 52ms
2025-07-04T13:58:20Z GET /api/order/cancel 502 368ms
2025-07-04T13:58:23Z POST /api/product/detail 400 139ms
2025-07-04T13:58:26Z GET /api/user/logout 204 148ms
2025-07-04T13:58:29Z PUT /api/user/login 403 50ms
2025-07-04T13:58:32Z POST /api/product/list 204 118ms
2025-07-04T13:58:35Z POST /api/product/detail 204 57ms
2025-07-04T13:58:38Z POST /api/user/logout 204 198ms
2025-07-04T13:58:41Z DELETE /api/product/detail 200 182ms
2025-07-04T13:58:44Z GET /api/user/logout 201 279ms
2025-07-04T13:58:47Z POST /api/user/list 204 158ms
2025-07-04T13:58:50Z POST /api/user/login 201 278ms
2025-07-04T13:58:53Z GET /api/product/list 200 138ms
2025-07-04T13:58:56Z GET /api/order/create 204 238ms
2025-07-04T13:58:59Z PUT /api/admin/stats 201 999ms
2025-07-04T13:59:02Z DELETE /api/product/detail 400 56ms
2025-07-04T13:59:05Z GET /api/order/cancel 200 102ms
2025-07-04T13:59:08Z GET /api/product/detail 200 300ms
2025-07-04T13:59:11Z POST /api/user/logout 201 72ms
2025-07-04T13:59:14Z POST /api/user/logout 201 198ms
2025-07-04T13:59:17Z POST /api/user/login 403 57ms
2025-07-04T13:59:20Z POST /api/user/logout 200 210ms
2025-07-04T13:59:23Z PUT /api/order/cancel 204 170ms
2025-07-04T13:59:26Z GET /api/user/login 200 278ms
2025-07-04T13:59:29Z PUT /api/product/detail 403 167ms
2025-07-04T13:59:32Z POST /api/order/cancel 201 238ms
2025-07-04T13:59:35Z PUT /api/order/create 204 105ms
2025-07-04T13:59:38Z GET /api/product/detail 204 249ms
2025-07-04T13:59:41Z PUT /api/user/list 400 83ms
2025-07-04T13:59:44Z DELETE /api/product/detail 500 707ms
2025-07-04T13:59:47Z GET /api/admin/stats 201 1008ms
2025-07-04T13:59:50Z DELETE /api/order/cancel 403 120ms
2025-07-04T13:59:53Z DELETE /api/product/list 200 236ms
2025-07-04T13:59:56Z PUT /api/user/login 201 272ms
2025-07-04T13:59:59Z POST /api/user/logout 204 230ms
2025-07-04T14:00:02Z PUT /api/user/login 201 126ms
2025-07-04T14:00:05Z GET /api/product/detail 503 747ms
2025-07-04T14:00:08Z POST /api/order/create 204 57ms
2025-07-04T14:00:11Z DELETE /api/admin/stats 400 1099ms
2025-07-04T14:00:14Z GET /api/product/list 403 73ms
2025-07-04T14:00:17Z PUT /api/order/create 204 83ms
2025-07-04T14:00:20Z GET /api/product/detail 401 151ms
2025-07-04T14:00:23Z POST /api/user/login 502 416ms
2025-07-04T14:00:26Z GET /api/order/create 204 246ms
2025-07-04T14:00:29Z POST /api/order/cancel 204 118ms
2025-07-04T14:00:32Z POST /api/user/login 200 67ms
2025-07-04T14:00:35Z PUT /api/user/login 400 77ms
2025-07-04T14:00:38Z POST /api/product/list 401 144ms
2025-07-04T14:00:41Z POST /api/user/list 200 190ms
2025-07-04T14:00:44Z PUT /api/product/detail 500 436ms
2025-07-04T14:00:47Z POST /api/user/login 200 56ms
2025-07-04T14:00:50Z POST /api/order/cancel 200 171ms
2025-07-04T14:00:53Z PUT /api/order/create 200 185ms
2025-07-04T14:00:56Z PUT /api/product/detail 200 203ms
2025-07-04T14:00:59Z GET /api/user/list 500 735ms
2025-07-04T14:01:03Z GET /api/order/create 403 86ms
2025-07-04T14:01:06Z PUT /api/product/list 404 118ms
2025-07-04T14:01:09Z DELETE /api/product/detail 204 188ms
2025-07-04T14:01:12Z POST /api/user/login 401 186ms
2025-07-04T14:01:15Z POST /api/product/detail 401 122ms
2025-07-04T14:01:18Z GET /api/user/logout 200 191ms
2025-07-04T14:01:21Z POST /api/user/logout 204 242ms
2025-07-04T14:01:24Z GET /api/user/list 204 167ms
2025-07-04T14:01:27Z GET /api/user/logout 403 199ms
2025-07-04T14:01:30Z POST /api/product/list 204 297ms
2025-07-04T14:01:33Z GET /api/order/create 200 65ms
2025-07-04T14:01:36Z GET /api/user/logout 403 124ms
2025-07-04T14:01:39Z PUT /api/user/login 204 97ms
2025-07-04T14:01:42Z DELETE /api/user/logout 204 121ms
2025-07-04T14:01:45Z PUT /api/admin/stats 204 839ms
2025-07-04T14:01:48Z GET /api/product/list 201 118ms
2025-07-04T14:01:51Z PUT /api/product/list 200 276ms
2025-07-04T14:01:54Z GET /api/user/logout 200 255ms
2025-07-04T14:01:57Z POST /api/user/list 404 63ms
2025-07-04T14:02:00Z PUT /api/order/create 404 185ms
2025-07-04T14:02:03Z DELETE /api/user/login 503 778ms
2025-07-04T14:02:06Z POST /api/product/detail 403 117ms
2025-07-04T14:02:09Z DELETE /api/order/cancel 404 87ms
2025-07-04T14:02:12Z GET /api/user/logout 404 165ms
2025-07-04T14:02:15Z POST /api/user/login 201 246ms
2025-07-04T14:02:18Z DELETE /api/product/list 200 102ms
2025-07-04T14:02:21Z POST /api/order/create 204 140ms
2025-07-04T14:02:24Z GET /api/product/list 200 72ms
2025-07-04T14:02:27Z DELETE /api/product/detail 401 105ms
2025-07-04T14:02:30Z GET /api/product/detail 401 191ms
2025-07-04T14:02:33Z DELETE /api/user/login 200 225ms
2025-07-04T14:02:36Z PUT /api/order/create 500 276ms
2025-07-04T14:02:39Z POST /api/product/detail 200 264ms
2025-07-04T14:02:42Z PUT /api/user/login 401 52ms
2025-07-04T14:02:45Z POST /api/user/login 401 186ms
2025-07-04T14:02:48Z GET /api/product/detail 400 69ms
2025-07-04T14:02:51Z GET /api/user/list 200 255ms
2025-07-04T14:02:54Z DELETE /api/order/cancel 502 403ms
2025-07-04T14:02:57Z POST /api/product/detail 200 295ms
2025-07-04T14:03:00Z POST /api/product/detail 204 101ms
2025-07-04T14:03:03Z GET /api/admin/stats 200 989ms
2025-07-04T14:03:06Z POST /api/order/create 201 227ms
2025-07-04T14:03:09Z POST /api/product/detail 204 289ms
2025-07-04T14:03:12Z DELETE /api/admin/stats 401 952ms
2025-07-04T14:03:15Z POST /api/order/create 200 126ms
2025-07-04T14:03:18Z PUT /api/product/list 200 225ms
2025-07-04T14:03:21Z DELETE /api/product/list 201 175ms
2025-07-04T14:03:24Z POST /api/order/create 400 131ms
2025-07-04T14:03:27Z PUT /api/user/list 200 152ms
2025-07-04T14:03:30Z POST /api/user/list 401 73ms
2025-07-04T14:03:33Z DELETE /api/user/login 201 263ms
2025-07-04T14:03:36Z PUT /api/admin/stats 403 1129ms
2025-07-04T14:03:39Z POST /api/user/list 200 170ms
2025-07-04T14:03:42Z DELETE /api/user/logout 401 127ms
2025-07-04T14:03:45Z GET /api/user/login 204 155ms
2025-07-04T14:03:48Z GET /api/product/detail 401 160ms
2025-07-04T14:03:51Z GET /api/order/cancel 404 159ms
2025-07-04T14:03:54Z POST /api/order/create 201 150ms
2025-07-04T14:03:57Z GET /api/product/list 401 116ms
2025-07-04T14:04:00Z DELETE /api/admin/stats 403 852ms
2025-07-04T14:04:03Z GET /api/product/list 201 237ms
2025-07-04T14:04:06Z GET /api/product/detail 200 154ms
2025-07-04T14:04:09Z PUT /api/user/login 200 117ms
2025-07-04T14:04:12Z GET /api/user/logout 204 298ms
2025-07-04T14:04:15Z DELETE /api/user/list 204 189ms
2025-07-04T14:04:18Z GET /api/product/list 200 170ms
2025-07-04T14:04:21Z POST /api/order/cancel 404 145ms
2025-07-04T14:04:24Z DELETE /api/product/list 201 281ms
2025-07-04T14:04:27Z POST /api/admin/stats 201 1139ms
2025-07-04T14:04:30Z POST /api/user/list 204 166ms
2025-07-04T14:04:33Z POST /api/order/cancel 401 132ms
2025-07-04T14:04:36Z GET /api/order/cancel 200 260ms
2025-07-04T14:04:39Z POST /api/admin/stats 200 1134ms
2025-07-04T14:04:42Z PUT /api/user/logout 403 83ms
2025-07-04T14:04:45Z GET /api/user/list 201 88ms
2025-07-04T14:04:48Z GET /api/order/create 200 50ms
2025-07-04T14:04:51Z GET /api/product/detail 204 264ms
2025-07-04T14:04:54Z PUT /api/product/list 200 99ms
2025-07-04T14:04:57Z GET /api/product/detail 201 77ms
2025-07-04T14:05:00Z PUT /api/order/cancel 503 593ms
2025-07-04T14:05:03Z POST /api/admin/stats 404 900ms
2025-07-04T14:05:06Z PUT /api/product/list 200 190ms
2025-07-04T14:05:09Z PUT /api/admin/stats 204 927ms
2025-07-04T14:05:12Z DELETE /api/order/cancel 400 69ms
2025-07-04T14:05:15Z DELETE /api/admin/stats 400 1170ms
2025-07-04T14:05:18Z GET /api/user/logout 204 118ms
2025-07-04T14:05:21Z GET /api/user/login 503 716ms
2025-07-04T14:05:24Z PUT /api/user/list 503 480ms
2025-07-04T14:05:27Z DELETE /api/product/list 502 261ms
2025-07-04T14:05:30Z DELETE /api/product/detail 204 164ms
2025-07-04T14:05:33Z DELETE /api/user/list 404 76ms
2025-07-04T14:05:37Z POST /api/user/logout 200 176ms
2025-07-04T14:05:40Z PUT /api/user/list 200 216ms
2025-07-04T14:05:43Z POST /api/order/create 404 191ms
2025-07-04T14:05:46Z DELETE /api/user/list 403 159ms
2025-07-04T14:05:49Z GET /api/product/detail 204 178ms
2025-07-04T14:05:52Z PUT /api/user/logout 200 120ms
2025-07-04T14:05:55Z POST /api/order/create 200 180ms
2025-07-04T14:05:58Z PUT /api/order/create 204 243ms
2025-07-04T14:06:01Z POST /api/order/cancel 200 188ms
2025-07-04T14:06:04Z GET /api/user/list 201 148ms
2025-07-04T14:06:07Z POST /api/user/login 201 127ms
2025-07-04T14:06:10Z POST /api/order/create 204 57ms
2025-07-04T14:06:13Z DELETE /api/user/list 204 73ms
2025-07-04T14:06:16Z PUT /api/user/login 201 275ms
2025-07-04T14:06:19Z GET /api/order/cancel 401 197ms
2025-07-04T14:06:22Z POST /api/admin/stats 201 1085ms
2025-07-04T14:06:25Z DELETE /api/product/list 403 117ms
2025-07-04T14:06:28Z PUT /api/user/login 403 63ms
2025-07-04T14:06:31Z DELETE /api/user/login 200 206ms
2025-07-04T14:06:34Z DELETE /api/user/list 204 157ms
2025-07-04T14:06:37Z GET /api/order/create 204 63ms
2025-07-04T14:06:40Z DELETE /api/product/list 502 732ms
2025-07-04T14:06:43Z GET /api/user/login 204 278ms
2025-07-04T14:06:46Z POST /api/user/login 400 187ms
2025-07-04T14:06:49Z POST /api/user/login 403 122ms
2025-07-04T14:06:52Z POST /api/user/list 403 188ms
2025-07-04T14:06:55Z GET /api/user/logout 500 694ms
2025-07-04T14:06:58Z GET /api/user/list 204 86ms
2025-07-04T14:07:01Z GET /api/user/logout 204 73ms
2025-07-04T14:07:04Z GET /api/order/create 404 193ms
2025-07-04T14:07:07Z DELETE /api/product/detail 200 222ms
2025-07-04T14:07:10Z PUT /api/product/detail 502 287ms
2025-07-04T14:07:13Z GET /api/order/cancel 201 202ms
2025-07-04T14:07:16Z PUT /api/product/list 200 178ms
2025-07-04T14:07:19Z GET /api/user/login 403 150ms
2025-07-04T14:07:22Z DELETE /api/user/login 400 120ms
2025-07-04T14:07:25Z POST /api/order/cancel 204 118ms
2025-07-04T14:07:28Z POST /api/order/create 204 288ms
2025-07-04T14:07:31Z DELETE /api/order/cancel 204 194ms
2025-07-04T14:07:34Z GET /api/product/detail 400 122ms
2025-07-04T14:07:37Z GET /api/order/cancel 403 165ms
2025-07-04T14:07:40Z POST /api/user/logout 400 69ms
2025-07-04T14:07:43Z POST /api/user/list 204 174ms
2025-07-04T14:07:46Z GET /api/user/logout 200 114ms
2025-07-04T14:07:49Z POST /api/admin/stats 201 1038ms
2025-07-04T14:07:52Z GET /api/user/list 204 300ms
2025-07-04T14:07:55Z POST /api/user/logout 204 72ms
2025-07-04T14:07:58Z DELETE /api/product/list 201 179ms
2025-07-04T14:08:01Z GET /api/order/cancel 200 199ms
2025-07-04T14:08:04Z PUT /api/order/cancel 200 193ms
2025-07-04T14:08:07Z DELETE /api/user/list 204 132ms
2025-07-04T14:08:10Z DELETE /api/order/create 403 73ms
2025-07-04T14:08:13Z DELETE /api/order/create 400 173ms
2025-07-04T14:08:16Z DELETE /api/product/detail 201 121ms
2025-07-04T14:08:19Z GET /api/order/cancel 201 153ms
2025-07-04T14:08:22Z GET /api/user/logout 404 83ms
2025-07-04T14:08:25Z GET /api/admin/stats 200 1183ms
2025-07-04T14:08:28Z POST /api/user/logout 400 194ms
2025-07-04T14:08:31Z PUT /api/order/create 204 153ms
2025-07-04T14:08:34Z DELETE /api/product/detail 204 225ms
2025-07-04T14:08:37Z PUT /api/user/login 201 65ms
2025-07-04T14:08:40Z DELETE /api/product/detail 200 80ms
2025-07-04T14:08:43Z POST /api/product/detail 204 228ms
2025-07-04T14:08:46Z POST /api/admin/stats 204 805ms
2025-07-04T14:08:49Z PUT /api/order/cancel 204 208ms
2025-07-04T14:08:52Z PUT /api/order/cancel 200 286ms
2025-07-04T14:08:55Z POST /api/user/logout 502 760ms
2025-07-04T14:08:58Z POST /api/user/login 403 130ms
2025-07-04T14:09:01Z DELETE /api/admin/stats 404 1111ms
2025-07-04T14:09:04Z DELETE /api/user/logout 502 345ms
2025-07-04T14:09:07Z POST /api/product/detail 403 155ms
2025-07-04T14:09:10Z DELETE /api/order/create 404 180ms
2025-07-04T14:09:13Z DELETE /api/admin/stats 204 1044ms
2025-07-04T14:09:16Z GET /api/order/cancel 204 150ms
2025-07-04T14:09:19Z DELETE /api/order/cancel 404 58ms
2025-07-04T14:09:22Z PUT /api/user/list 403 165ms
2025-07-04T14:09:25Z DELETE /api/product/list 204 199ms
2025-07-04T14:09:28Z GET /api/order/create 201 77ms
2025-07-04T14:09:31Z PUT /api/order/cancel 502 656ms
2025-07-04T14:09:34Z GET /api/user/logout 204 181ms
2025-07-04T14:09:37Z POST /api/product/detail 201 172ms
2025-07-04T14:09:40Z GET /api/product/list 204 147ms
2025-07-04T14:09:43Z GET /api/admin/stats 400 970ms
2025-07-04T14:09:46Z POST /api/admin/stats 401 1009ms
2025-07-04T14:09:49Z POST /api/user/list 200 97ms
2025-07-04T14:09:52Z DELETE /api/user/list 204 178ms
2025-07-04T14:09:55Z POST /api/product/detail 403 114ms
2025-07-04T14:09:58Z PUT /api/admin/stats 200 931ms
2025-07-04T14:10:01Z PUT /api/order/cancel 201 223ms
2025-07-04T14:10:04Z POST /api/order/create 200 213ms
2025-07-04T14:10:07Z DELETE /api/user/logout 404 177ms
2025-07-04T14:10:10Z GET /api/admin/stats 200 958ms
2025-07-04T14:10:13Z PUT /api/user/list 403 181ms
2025-07-04T14:10:16Z DELETE /api/product/list 204 134ms
2025-07-04T14:10:19Z PUT /api/order/create 500 545ms
2025-07-04T14:10:23Z DELETE /api/user/list 200 291ms
2025-07-04T14:10:26Z PUT /api/admin/stats 204 1163ms
2025-07-04T14:10:29Z POST /api/product/list 400 52ms
2025-07-04T14:10:32Z GET /api/product/list 204 143ms
2025-07-04T14:10:35Z PUT /api/user/login 204 125ms
2025-07-04T14:10:38Z PUT /api/product/detail 201 234ms
2025-07-04T14:10:41Z DELETE /api/order/create 401 189ms
2025-07-04T14:10:44Z PUT /api/order/create 503 633ms
2025-07-04T14:10:47Z DELETE /api/user/list 403 100ms
2025-07-04T14:10:50Z POST /api/product/detail 400 54ms
2025-07-04T14:10:53Z POST /api/product/detail 200 172ms
2025-07-04T14:10:56Z DELETE /api/order/cancel 201 259ms
2025-07-04T14:10:59Z PUT /api/user/list 404 83ms
2025-07-04T14:11:02Z POST /api/user/list 204 255ms
2025-07-04T14:11:05Z GET /api/product/detail 201 132ms
2025-07-04T14:11:08Z DELETE /api/user/logout 401 94ms
2025-07-04T14:11:11Z GET /api/product/list 201 202ms
2025-07-04T14:11:14Z PUT /api/admin/stats 200 1166ms
2025-07-04T14:11:17Z DELETE /api/user/list 200 130ms
2025-07-04T14:11:20Z PUT /api/admin/stats 200 909ms
2025-07-04T14:11:23Z DELETE /api/order/cancel 404 79ms
2025-07-04T14:11:26Z PUT /api/user/login 401 110ms
2025-07-04T14:11:29Z PUT /api/order/create 200 54ms
2025-07-04T14:11:32Z DELETE /api/user/list 403 135ms
2025-07-04T14:11:35Z GET /api/order/cancel 401 94ms
2025-07-04T14:11:38Z POST /api/order/cancel 500 581ms
2025-07-04T14:11:41Z POST /api/user/login 400 164ms
2025-07-04T14:11:44Z GET /api/user/logout 200 97ms
2025-07-04T14:11:47Z GET /api/product/list 200 186ms
2025-07-04T14:11:50Z GET /api/user/list 204 85ms
2025-07-04T14:11:53Z POST /api/admin/stats 403 1152ms
2025-07-04T14:11:56Z GET /api/user/list 404 140ms
2025-07-04T14:11:59Z DELETE /api/product/list 401 93ms
2025-07-04T14:12:02Z PUT /api/user/logout 401 85ms
2025-07-04T14:12:05Z GET /api/user/list 403 86ms
2025-07-04T14:12:08Z PUT /api/user/list 403 62ms
2025-07-04T14:12:11Z GET /api/user/list 403 79ms
2025-07-04T14:12:14Z GET /api/product/detail 201 57ms
2025-07-04T14:12:17Z GET /api/user/logout 204 233ms
2025-07-04T14:12:20Z DELETE /api/product/detail 204 203ms
2025-07-04T14:12:23Z PUT /api/user/list 401 124ms
2025-07-04T14:12:26Z DELETE /api/product/list 200 183ms
2025-07-04T14:12:29Z GET /api/user/login 403 200ms
2025-07-04T14:12:32Z GET /api/product/list 204 82ms
2025-07-04T14:12:35Z PUT /api/order/cancel 401 107ms
2025-07-04T14:12:38Z PUT /api/user/list 200 229ms
2025-07-04T14:12:41Z PUT /api/admin/stats 500 985ms
2025-07-04T14:12:44Z DELETE /api/user/list 500 670ms
2025-07-04T14:12:47Z GET /api/user/login 503 791ms
2025-07-04T14:12:50Z PUT /api/user/list 404 129ms
2025-07-04T14:12:53Z PUT /api/admin/stats 400 1035ms
2025-07-04T14:12:56Z DELETE /api/admin/stats 200 994ms
2025-07-04T14:12:59Z DELETE /api/product/detail 404 160ms
2025-07-04T14:13:02Z POST /api/product/detail 400 156ms
2025-07-04T14:13:05Z DELETE /api/product/detail 503 318ms
2025-07-04T14:13:08Z DELETE /api/admin/stats 201 1106ms
2025-07-04T14:13:11Z GET /api/product/detail 204 112ms
2025-07-04T14:13:14Z DELETE /api/product/list 201 276ms
2025-07-04T14:13:17Z POST /api/product/list 404 93ms
2025-07-04T14:13:20Z PUT /api/user/list 403 164ms
2025-07-04T14:13:23Z PUT /api/order/create 404 108ms
2025-07-04T14:13:26Z POST /api/user/list 200 125ms
2025-07-04T14:13:29Z GET /api/product/detail 403 136ms
2025-07-04T14:13:32Z POST /api/admin/stats 201 868ms
2025-07-04T14:13:35Z DELETE /api/order/cancel 204 71ms
2025-07-04T14:13:38Z GET /api/product/detail 401 153ms
2025-07-04T14:13:41Z GET /api/product/list 404 157ms
2025-07-04T14:13:44Z GET /api/admin/stats 201 854ms
2025-07-04T14:13:47Z DELETE /api/user/list 404 185ms
2025-07-04T14:13:50Z PUT /api/order/create 404 186ms
2025-07-04T14:13:53Z PUT /api/order/create 200 156ms
2025-07-04T14:13:56Z POST /api/user/logout 204 149ms
2025-07-04T14:13:59Z GET /api/user/logout 200 150ms
