2025-05-01T00:00:00Z DELETE /api/product/list 200 105ms
2025-05-01T00:01:00Z POST /api/order/create 201 511ms
2025-05-01T00:00:00Z POST /api/user/logout 200 94ms
2025-05-01T00:00:00Z PUT /api/user/list 200 133ms
2025-05-01T00:04:00Z GET /api/user/login 201 257ms
2025-05-01T00:00:00Z PUT /api/product/list 200 223ms
2025-05-01T00:18:00Z GET /api/product/detail 200 78ms
2025-05-01T00:14:00Z DELETE /api/product/list 200 130ms
2025-05-01T00:08:00Z PUT /api/product/list 200 67ms
2025-05-01T00:27:00Z DELETE /api/order/create 200 172ms
2025-05-01T00:20:00Z PUT /api/order/cancel 200 280ms
2025-05-01T00:22:00Z DELETE /api/user/logout 200 101ms
2025-05-01T00:12:00Z DELETE /api/product/list 400 172ms
2025-05-01T00:26:00Z PUT /api/product/detail 500 253ms
2025-05-01T00:14:00Z GET /api/admin/stats 500 514ms
2025-05-01T00:45:00Z POST /api/user/login 200 295ms
2025-05-01T00:16:00Z DELETE /api/product/list 200 241ms
2025-05-01T00:00:00Z GET /api/user/list 201 163ms
2025-05-01T00:54:00Z PUT /api/product/list 200 130ms
2025-05-01T00:19:00Z DELETE /api/product/detail 500 273ms
2025-05-01T00:00:00Z PUT /api/user/login 200 85ms
2025-05-01T00:21:00Z PUT /api/order/create 200 462ms
2025-05-01T00:44:00Z PUT /api/user/login 201 299ms
2025-05-01T00:00:00Z POST /api/user/logout 200 299ms
2025-05-01T00:48:00Z POST /api/product/detail 200 222ms
2025-05-01T00:25:00Z POST /api/user/login 200 195ms
2025-05-01T00:26:00Z POST /api/order/cancel 201 125ms
2025-05-01T00:54:00Z GET /api/product/detail 200 164ms
2025-05-01T00:56:00Z POST /api/user/list 200 166ms
2025-05-01T01:27:00Z GET /api/product/list 200 130ms
2025-05-01T01:00:00Z POST /api/user/login 204 171ms
2025-05-01T01:02:00Z GET /api/admin/stats 200 611ms
2025-05-01T00:32:00Z PUT /api/user/logout 200 81ms
2025-05-01T01:39:00Z DELETE /api/user/login 400 235ms
2025-05-01T01:42:00Z PUT /api/order/cancel 503 180ms
2025-05-01T00:35:00Z GET /api/admin/stats 400 1188ms
2025-05-01T00:00:00Z GET /api/product/list 201 249ms
2025-05-01T01:51:00Z POST /api/user/list 200 97ms
2025-05-01T01:54:00Z DELETE /api/product/list 201 226ms
2025-05-01T01:18:00Z PUT /api/product/detail 200 219ms
2025-05-01T01:20:00Z DELETE /api/user/list 404 175ms
2025-05-01T00:41:00Z GET /api/order/create 200 255ms
2025-05-01T01:24:00Z PUT /api/user/login 502 55ms
2025-05-01T00:43:00Z PUT /api/order/create 201 250ms
2025-05-01T00:44:00Z PUT /api/product/detail 400 294ms
2025-05-01T01:30:00Z GET /api/user/login 201 108ms
2025-05-01T02:18:00Z DELETE /api/user/list 204 150ms
2025-05-01T02:21:00Z POST /api/product/list 201 107ms
2025-05-01T02:24:00Z POST /api/admin/stats 201 1102ms
2025-05-01T01:38:00Z POST /api/product/list 200 89ms
2025-05-01T02:30:00Z GET /api/product/list 200 88ms
2025-05-01T00:00:00Z POST /api/product/detail 200 84ms
2025-05-01T00:52:00Z DELETE /api/user/list 200 123ms
2025-05-01T01:46:00Z GET /api/user/list 201 193ms
2025-05-01T02:42:00Z PUT /api/user/login 401 275ms
2025-05-01T01:50:00Z POST /api/user/list 201 151ms
2025-05-01T02:48:00Z POST /api/user/list 200 145ms
2025-05-01T00:57:00Z DELETE /api/product/list 201 153ms
2025-05-01T00:58:00Z PUT /api/user/list 500 111ms
2025-05-01T00:00:00Z PUT /api/order/create 404 307ms
2025-05-01T03:00:00Z PUT /api/product/list 200 139ms
2025-05-01T01:01:00Z GET /api/user/login 201 174ms
2025-05-01T01:02:00Z GET /api/product/detail 400 256ms
2025-05-01T01:03:00Z POST /api/product/list 201 296ms
2025-05-01T02:08:00Z PUT /api/order/create 200 169ms
2025-05-01T01:05:00Z POST /api/user/list 400 83ms
2025-05-01T00:00:00Z GET /api/product/detail 200 255ms
2025-05-01T00:00:00Z PUT /api/user/list 200 157ms
2025-05-01T00:00:00Z PUT /api/user/list 404 96ms
2025-05-01T00:00:00Z PUT /api/user/list 200 143ms
2025-05-01T02:20:00Z DELETE /api/user/login 200 102ms
2025-05-01T00:00:00Z POST /api/product/detail 200 62ms
2025-05-01T00:00:00Z GET /api/product/list 400 225ms
2025-05-01T03:39:00Z GET /api/user/list 200 192ms
2025-05-01T00:00:00Z GET /api/product/detail 200 89ms
2025-05-01T02:30:00Z POST /api/user/login 200 186ms
2025-05-01T00:00:00Z PUT /api/user/login 201 199ms
2025-05-01T01:17:00Z DELETE /api/order/create 200 539ms
2025-05-01T03:54:00Z DELETE /api/user/list 204 84ms
2025-05-01T00:00:00Z GET /api/order/create 200 164ms
2025-05-01T01:20:00Z PUT /api/admin/stats 200 738ms
2025-05-01T04:03:00Z GET /api/order/cancel 204 126ms
2025-05-01T01:22:00Z DELETE /api/admin/stats 400 758ms
2025-05-01T04:09:00Z PUT /api/user/login 400 126ms
2025-05-01T00:00:00Z GET /api/product/list 404 153ms
2025-05-01T01:25:00Z DELETE /api/order/create 200 217ms
2025-05-01T04:18:00Z DELETE /api/user/list 201 81ms
2025-05-01T04:21:00Z GET /api/product/list 204 174ms
2025-05-01T04:24:00Z PUT /api/product/detail 200 249ms
2025-05-01T01:29:00Z DELETE /api/order/create 200 302ms
2025-05-01T00:00:00Z GET /api/user/list 200 136ms
2025-05-01T03:02:00Z GET /api/user/list 200 147ms
2025-05-01T00:00:00Z POST /api/user/login 500 111ms
2025-05-01T03:06:00Z DELETE /api/user/login 201 62ms
2025-05-01T01:34:00Z DELETE /api/order/create 404 178ms
2025-05-01T00:00:00Z GET /api/user/logout 200 80ms
2025-05-01T00:00:00Z GET /api/user/list 200 102ms
2025-05-01T01:37:00Z DELETE /api/user/login 503 290ms
2025-05-01T00:00:00Z POST /api/user/login 200 177ms
2025-05-01T04:57:00Z POST /api/product/list 200 126ms
2025-05-01T05:00:00Z POST /api/product/list 200 168ms
2025-05-01T05:03:00Z GET /api/order/create 200 152ms
2025-05-01T03:24:00Z PUT /api/user/list 200 183ms
2025-05-01T00:00:00Z POST /api/order/create 200 254ms
2025-05-01T01:44:00Z PUT /api/user/list 204 148ms
2025-05-01T05:15:00Z POST /api/user/list 204 159ms
2025-05-01T01:46:00Z GET /api/user/list 404 94ms
2025-05-01T00:00:00Z POST /api/product/list 200 267ms
2025-05-01T03:36:00Z GET /api/user/list 200 100ms
2025-05-01T01:49:00Z GET /api/user/login 200 161ms
2025-05-01T03:40:00Z GET /api/user/login 200 114ms
2025-05-01T03:42:00Z PUT /api/user/login 201 141ms
2025-05-01T05:36:00Z GET /api/user/list 200 188ms
2025-05-01T00:00:00Z GET /api/product/list 200 189ms
2025-05-01T00:00:00Z PUT /api/order/create 200 211ms
2025-05-01T03:50:00Z GET /api/user/list 200 151ms
2025-05-01T00:00:00Z POST /api/user/list 200 93ms
2025-05-01T00:00:00Z POST /api/order/create 404 394ms
2025-05-01T05:54:00Z PUT /api/product/detail 201 201ms
2025-05-01T03:58:00Z GET /api/product/list 204 95ms
2025-05-01T00:00:00Z DELETE /api/product/detail 400 200ms
2025-05-01T06:03:00Z PUT /api/user/login 201 123ms
2025-05-01T00:00:00Z POST /api/user/list 200 175ms
2025-05-01T06:09:00Z PUT /api/user/list 200 178ms
2025-05-01T04:08:00Z GET /api/admin/stats 200 396ms
2025-05-01T02:05:00Z POST /api/product/list 200 98ms
2025-05-01T04:12:00Z DELETE /api/user/login 200 224ms
2025-05-01T02:07:00Z PUT /api/product/list 200 87ms
2025-05-01T00:00:00Z GET /api/product/list 404 65ms
2025-05-01T02:09:00Z PUT /api/order/create 200 312ms
2025-05-01T02:10:00Z PUT /api/order/create 200 375ms
2025-05-01T04:22:00Z DELETE /api/user/login 200 128ms
2025-05-01T02:12:00Z PUT /api/admin/stats 403 637ms
2025-05-01T04:26:00Z POST /api/user/login 200 217ms
2025-05-01T04:28:00Z DELETE /api/product/list 200 154ms
2025-05-01T00:00:00Z POST /api/admin/stats 200 349ms
2025-05-01T00:00:00Z POST /api/order/create 200 332ms
2025-05-01T00:00:00Z GET /api/order/create 401 541ms
2025-05-01T02:18:00Z DELETE /api/user/login 403 128ms
2025-05-01T02:19:00Z PUT /api/user/logout 201 292ms
2025-05-01T02:20:00Z DELETE /api/order/create 400 345ms
2025-05-01T04:42:00Z GET /api/order/cancel 401 205ms
2025-05-01T02:22:00Z POST /api/user/logout 404 238ms
2025-05-01T07:09:00Z PUT /api/user/list 201 114ms
2025-05-01T00:00:00Z DELETE /api/user/login 201 57ms
2025-05-01T00:00:00Z GET /api/user/login 200 244ms
2025-05-01T02:26:00Z POST /api/user/list 200 151ms
2025-05-01T00:00:00Z PUT /api/order/create 500 172ms
2025-05-01T02:28:00Z POST /api/admin/stats 200 500ms
2025-05-01T07:27:00Z DELETE /api/user/list 204 138ms
2025-05-01T07:30:00Z PUT /api/product/detail 401 123ms
2025-05-01T00:00:00Z PUT /api/product/list 200 53ms
2025-05-01T02:32:00Z GET /api/user/list 200 104ms
2025-05-01T05:06:00Z DELETE /api/user/logout 200 201ms
2025-05-01T05:08:00Z PUT /api/product/list 401 287ms
2025-05-01T05:10:00Z GET /api/product/detail 201 255ms
2025-05-01T05:12:00Z POST /api/user/login 500 89ms
2025-05-01T02:37:00Z PUT /api/user/login 204 80ms
2025-05-01T02:38:00Z POST /api/user/login 400 178ms
2025-05-01T07:57:00Z POST /api/order/create 200 404ms
2025-05-01T08:00:00Z DELETE /api/user/logout 500 211ms
2025-05-01T02:41:00Z PUT /api/user/list 200 170ms
2025-05-01T05:24:00Z POST /api/user/list 400 103ms
2025-05-01T05:26:00Z POST /api/user/list 200 135ms
2025-05-01T00:00:00Z PUT /api/product/list 200 183ms
2025-05-01T08:15:00Z POST /api/user/logout 200 111ms
2025-05-01T02:46:00Z GET /api/product/list 200 278ms
2025-05-01T05:34:00Z POST /api/user/logout 200 174ms
2025-05-01T00:00:00Z PUT /api/user/logout 200 162ms
2025-05-01T08:27:00Z PUT /api/user/login 500 174ms
2025-05-01T00:00:00Z PUT /api/product/list 201 271ms
2025-05-01T00:00:00Z DELETE /api/user/list 201 100ms
2025-05-01T02:52:00Z DELETE /api/user/login 500 161ms
2025-05-01T08:39:00Z GET /api/user/logout 200 115ms
2025-05-01T02:54:00Z GET /api/user/login 200 73ms
2025-05-01T05:50:00Z PUT /api/product/list 403 144ms
2025-05-01T00:00:00Z DELETE /api/product/list 200 92ms
2025-05-01T00:00:00Z DELETE /api/user/list 200 100ms
2025-05-01T08:54:00Z DELETE /api/user/list 200 195ms
2025-05-01T08:57:00Z DELETE /api/order/create 200 186ms
2025-05-01T06:00:00Z GET /api/user/login 200 118ms
2025-05-01T03:01:00Z POST /api/user/list 400 104ms
2025-05-01T03:02:00Z GET /api/user/login 400 185ms
2025-05-01T03:03:00Z PUT /api/user/logout 201 259ms
2025-05-01T00:00:00Z DELETE /api/user/logout 200 274ms
2025-05-01T09:15:00Z PUT /api/product/list 404 110ms
2025-05-01T09:18:00Z GET /api/user/login 200 217ms
2025-05-01T06:14:00Z PUT /api/product/detail 200 201ms
2025-05-01T03:08:00Z GET /api/product/detail 200 283ms
2025-05-01T00:00:00Z PUT /api/product/list 201 60ms
2025-05-01T06:20:00Z DELETE /api/user/list 200 199ms
2025-05-01T09:33:00Z POST /api/admin/stats 200 1001ms
2025-05-01T00:00:00Z PUT /api/product/detail 200 104ms
2025-05-01T03:13:00Z PUT /api/admin/stats 200 695ms
2025-05-01T00:00:00Z DELETE /api/user/list 200 131ms
2025-05-01T06:30:00Z POST /api/order/create 200 413ms
2025-05-01T09:48:00Z PUT /api/order/create 200 225ms
2025-05-01T09:51:00Z GET /api/user/list 200 172ms
2025-05-01T00:00:00Z GET /api/order/cancel 200 269ms
2025-05-01T09:57:00Z PUT /api/product/list 200 159ms
2025-05-01T00:00:00Z DELETE /api/user/list 200 158ms
2025-05-01T06:42:00Z PUT /api/user/login 200 148ms
2025-05-01T03:22:00Z POST /api/user/list 200 80ms
2025-05-01T00:00:00Z GET /api/user/list 201 140ms
2025-05-01T00:00:00Z POST /api/product/detail 404 175ms
2025-05-01T03:25:00Z POST /api/admin/stats 404 845ms
2025-05-01T00:00:00Z DELETE /api/user/login 201 67ms
2025-05-01T03:27:00Z PUT /api/user/logout 200 172ms
2025-05-01T10:24:00Z PUT /api/product/detail 200 258ms
2025-05-01T03:29:00Z DELETE /api/product/list 404 237ms
2025-05-01T10:30:00Z GET /api/order/cancel 201 218ms
2025-05-01T07:02:00Z POST /api/user/login 200 168ms
2025-05-01T07:04:00Z DELETE /api/user/logout 400 262ms
2025-05-01T03:33:00Z POST /api/order/create 204 200ms
2025-05-01T00:00:00Z POST /api/order/create 200 185ms
2025-05-01T03:35:00Z GET /api/product/list 200 244ms
2025-05-01T03:36:00Z POST /api/user/list 400 150ms
2025-05-01T03:37:00Z PUT /api/product/list 200 184ms
2025-05-01T00:00:00Z DELETE /api/user/list 201 85ms
2025-05-01T00:00:00Z POST /api/product/list 200 150ms
2025-05-01T07:20:00Z DELETE /api/order/create 200 401ms
2025-05-01T00:00:00Z DELETE /api/product/list 500 199ms
2025-05-01T00:00:00Z POST /api/order/create 200 381ms
2025-05-01T00:00:00Z POST /api/user/list 200 83ms
2025-05-01T03:44:00Z PUT /api/order/create 201 390ms
2025-05-01T07:30:00Z POST /api/admin/stats 200 1121ms
2025-05-01T00:00:00Z POST /api/user/logout 200 55ms
2025-05-01T11:21:00Z PUT /api/user/list 200 192ms
2025-05-01T11:24:00Z POST /api/order/create 200 275ms
2025-05-01T11:27:00Z PUT /api/product/detail 200 64ms
2025-05-01T07:40:00Z PUT /api/user/login 200 66ms
2025-05-01T00:00:00Z PUT /api/order/create 200 253ms
2025-05-01T11:36:00Z DELETE /api/admin/stats 200 308ms
2025-05-01T00:00:00Z GET /api/product/detail 200 258ms
2025-05-01T07:48:00Z DELETE /api/user/list 404 168ms
2025-05-01T07:50:00Z DELETE /api/product/detail 200 122ms
2025-05-01T03:56:00Z GET /api/order/create 200 595ms
2025-05-01T03:57:00Z GET /api/product/list 200 256ms
2025-05-01T11:54:00Z GET /api/user/list 200 157ms
2025-05-01T07:58:00Z GET /api/order/create 201 274ms
2025-05-01T00:00:00Z GET /api/product/list 200 259ms
2025-05-01T00:00:00Z DELETE /api/product/detail 401 77ms
2025-05-01T00:00:00Z POST /api/admin/stats 200 742ms
2025-05-01T04:03:00Z GET /api/user/list 200 133ms
2025-05-01T04:04:00Z DELETE /api/admin/stats 200 991ms
2025-05-01T04:05:00Z GET /api/product/detail 404 154ms
2025-05-01T04:06:00Z GET /api/order/create 404 151ms
2025-05-01T12:21:00Z GET /api/product/list 200 214ms
2025-05-01T00:00:00Z POST /api/user/login 201 51ms
2025-05-01T08:18:00Z POST /api/user/list 200 195ms
2025-05-01T12:30:00Z PUT /api/user/login 400 208ms
2025-05-01T00:00:00Z PUT /api/product/detail 200 295ms
2025-05-01T08:24:00Z PUT /api/product/list 200 238ms
2025-05-01T00:00:00Z PUT /api/product/list 204 113ms
2025-05-01T04:14:00Z POST /api/product/detail 200 294ms
2025-05-01T04:15:00Z DELETE /api/product/list 200 300ms
2025-05-01T04:16:00Z GET /api/order/create 400 437ms
2025-05-01T08:34:00Z PUT /api/user/list 200 200ms
2025-05-01T00:00:00Z POST /api/user/login 200 265ms
2025-05-01T12:57:00Z DELETE /api/order/create 404 443ms
2025-05-01T00:00:00Z POST /api/order/cancel 200 71ms
2025-05-01T00:00:00Z POST /api/product/list 200 272ms
2025-05-01T00:00:00Z PUT /api/user/login 200 157ms
2025-05-01T04:23:00Z PUT /api/product/list 200 289ms
2025-05-01T04:24:00Z DELETE /api/user/list 200 158ms
2025-05-01T13:15:00Z DELETE /api/product/list 200 255ms
2025-05-01T08:52:00Z POST /api/product/list 200 53ms
2025-05-01T04:27:00Z PUT /api/product/list 404 112ms
2025-05-01T04:28:00Z PUT /api/user/list 200 195ms
2025-05-01T08:58:00Z DELETE /api/user/login 200 63ms
2025-05-01T04:30:00Z GET /api/product/detail 201 273ms
2025-05-01T00:00:00Z PUT /api/order/create 200 597ms
2025-05-01T13:36:00Z GET /api/user/login 201 259ms
2025-05-01T13:39:00Z POST /api/order/create 200 377ms
2025-05-01T00:00:00Z GET /api/admin/stats 200 1181ms
2025-05-01T09:10:00Z GET /api/admin/stats 200 1160ms
2025-05-01T13:48:00Z POST /api/order/create 200 315ms
2025-05-01T04:37:00Z POST /api/user/list 200 175ms
2025-05-01T09:16:00Z PUT /api/product/detail 404 192ms
2025-05-01T13:57:00Z GET /api/user/list 201 107ms
2025-05-01T14:00:00Z POST /api/order/cancel 200 227ms
2025-05-01T14:03:00Z GET /api/product/list 200 133ms
2025-05-01T14:06:00Z POST /api/user/login 200 210ms
2025-05-01T04:43:00Z POST /api/admin/stats 200 1193ms
2025-05-01T00:00:00Z POST /api/product/list 200 65ms
2025-05-01T04:45:00Z PUT /api/order/create 200 336ms
2025-05-01T00:00:00Z POST /api/user/login 200 291ms
2025-05-01T00:00:00Z GET /api/order/create 200 306ms
2025-05-01T04:48:00Z DELETE /api/admin/stats 200 1168ms
2025-05-01T04:49:00Z PUT /api/user/list 200 133ms
2025-05-01T00:00:00Z DELETE /api/order/create 404 448ms
2025-05-01T09:42:00Z POST /api/user/login 502 84ms
2025-05-01T14:36:00Z POST /api/user/login 404 276ms
2025-05-01T04:53:00Z POST /api/product/list 200 216ms
2025-05-01T04:54:00Z GET /api/admin/stats 400 696ms
2025-05-01T00:00:00Z PUT /api/order/create 200 214ms
2025-05-01T04:56:00Z PUT /api/product/list 200 288ms
2025-05-01T09:54:00Z POST /api/user/list 400 119ms
2025-05-01T09:56:00Z GET /api/user/list 200 90ms
2025-05-01T14:57:00Z PUT /api/order/create 200 600ms
2025-05-01T10:00:00Z PUT /api/order/create 500 469ms
2025-05-01T15:03:00Z DELETE /api/user/login 200 219ms
2025-05-01T05:02:00Z GET /api/product/list 200 162ms
2025-05-01T10:06:00Z GET /api/admin/stats 500 620ms
2025-05-01T10:08:00Z DELETE /api/order/cancel 400 130ms
2025-05-01T10:10:00Z GET /api/order/create 200 351ms
2025-05-01T00:00:00Z GET /api/product/list 200 157ms
2025-05-01T05:07:00Z PUT /api/user/login 200 188ms
2025-05-01T15:24:00Z GET /api/user/login 200 294ms
2025-05-01T00:00:00Z POST /api/user/list 200 193ms
2025-05-01T15:30:00Z GET /api/user/login 200 248ms
2025-05-01T05:11:00Z PUT /api/user/list 200 130ms
2025-05-01T00:00:00Z PUT /api/product/list 200 165ms
2025-05-01T15:39:00Z GET /api/user/login 200 165ms
2025-05-01T05:14:00Z DELETE /api/user/list 400 101ms
2025-05-01T00:00:00Z DELETE /api/user/login 400 74ms
2025-05-01T10:32:00Z PUT /api/user/list 401 137ms
2025-05-01T15:51:00Z PUT /api/user/list 200 101ms
2025-05-01T10:36:00Z POST /api/user/logout 200 94ms
2025-05-01T10:38:00Z PUT /api/admin/stats 200 327ms
2025-05-01T10:40:00Z DELETE /api/user/login 200 237ms
2025-05-01T05:21:00Z PUT /api/user/login 200 179ms
2025-05-01T05:22:00Z GET /api/product/detail 500 194ms
2025-05-01T10:46:00Z POST /api/user/list 200 138ms
2025-05-01T05:24:00Z DELETE /api/admin/stats 200 314ms
2025-05-01T10:50:00Z GET /api/order/cancel 200 125ms
2025-05-01T00:00:00Z DELETE /api/admin/stats 200 928ms
2025-05-01T00:00:00Z DELETE /api/user/login 503 278ms
2025-05-01T00:00:00Z POST /api/order/create 400 385ms
2025-05-01T00:00:00Z POST /api/order/cancel 201 196ms
2025-05-01T00:00:00Z PUT /api/product/list 204 155ms
2025-05-01T11:02:00Z POST /api/product/list 200 177ms
2025-05-01T05:32:00Z POST /api/order/create 201 285ms
2025-05-01T11:06:00Z PUT /api/user/login 200 285ms
2025-05-01T11:08:00Z DELETE /api/product/list 200 255ms
2025-05-01T11:10:00Z GET /api/user/login 200 117ms
2025-05-01T00:00:00Z GET /api/user/list 503 153ms
2025-05-01T11:14:00Z DELETE /api/order/cancel 400 292ms
2025-05-01T11:16:00Z DELETE /api/product/list 200 275ms
2025-05-01T05:39:00Z GET /api/user/list 201 165ms
2025-05-01T00:00:00Z GET /api/product/list 200 292ms
2025-05-01T17:03:00Z PUT /api/order/cancel 200 266ms
2025-05-01T05:42:00Z POST /api/product/list 500 291ms
2025-05-01T11:26:00Z GET /api/order/create 201 361ms
2025-05-01T05:44:00Z PUT /api/user/login 200 111ms
2025-05-01T11:30:00Z DELETE /api/user/list 200 119ms
2025-05-01T00:00:00Z DELETE /api/order/create 200 375ms
2025-05-01T17:21:00Z DELETE /api/user/list 200 190ms
2025-05-01T00:00:00Z POST /api/product/detail 200 101ms
2025-05-01T05:49:00Z GET /api/order/cancel 200 124ms
2025-05-01T17:30:00Z POST /api/user/login 200 266ms
2025-05-01T17:33:00Z DELETE /api/product/detail 404 192ms
2025-05-01T17:36:00Z POST /api/order/cancel 200 133ms
2025-05-01T17:39:00Z POST /api/user/list 200 174ms
2025-05-01T05:54:00Z GET /api/user/logout 200 290ms
2025-05-01T05:55:00Z POST /api/user/login 200 193ms
2025-05-01T11:52:00Z PUT /api/order/create 201 540ms
2025-05-01T17:51:00Z PUT /api/product/list 404 239ms
2025-05-01T00:00:00Z PUT /api/user/list 200 111ms
2025-05-01T00:00:00Z POST /api/product/detail 200 298ms
2025-05-01T06:00:00Z GET /api/user/list 404 173ms
2025-05-01T00:00:00Z DELETE /api/product/detail 201 188ms
2025-05-01T18:06:00Z PUT /api/user/list 200 107ms
2025-05-01T06:03:00Z POST /api/user/list 401 151ms
2025-05-01T18:12:00Z POST /api/user/list 200 161ms
2025-05-01T12:10:00Z POST /api/user/list 200 110ms
2025-05-01T12:12:00Z PUT /api/user/list 200 121ms
2025-05-01T18:21:00Z DELETE /api/user/list 201 174ms
2025-05-01T12:16:00Z DELETE /api/product/detail 200 168ms
2025-05-01T18:27:00Z PUT /api/order/create 200 160ms
2025-05-01T12:20:00Z PUT /api/user/list 200 119ms
2025-05-01T12:22:00Z DELETE /api/user/logout 200 88ms
2025-05-01T00:00:00Z PUT /api/order/create 200 547ms
2025-05-01T18:39:00Z GET /api/product/list 200 299ms
2025-05-01T12:28:00Z DELETE /api/user/login 200 257ms
2025-05-01T12:30:00Z POST /api/user/logout 500 103ms
2025-05-01T06:16:00Z GET /api/user/list 200 131ms
2025-05-01T06:17:00Z DELETE /api/user/list 201 171ms
2025-05-01T12:36:00Z DELETE /api/order/create 200 562ms
2025-05-01T06:19:00Z PUT /api/product/list 200 180ms
2025-05-01T19:00:00Z DELETE /api/user/list 200 158ms
2025-05-01T06:21:00Z DELETE /api/product/list 200 200ms
2025-05-01T12:44:00Z DELETE /api/order/create 201 256ms
2025-05-01T00:00:00Z POST /api/user/list 401 103ms
2025-05-01T19:12:00Z PUT /api/user/list 200 153ms
2025-05-01T19:15:00Z PUT /api/order/create 200 339ms
2025-05-01T00:00:00Z POST /api/product/detail 200 89ms
2025-05-01T19:21:00Z DELETE /api/product/detail 200 297ms
2025-05-01T12:56:00Z PUT /api/order/create 200 212ms
2025-05-01T12:58:00Z PUT /api/user/list 200 86ms
2025-05-01T19:30:00Z PUT /api/user/login 200 77ms
2025-05-01T06:31:00Z PUT /api/user/list 201 83ms
2025-05-01T06:32:00Z PUT /api/product/list 200 297ms
2025-05-01T19:39:00Z DELETE /api/product/detail 200 237ms
2025-05-01T13:08:00Z GET /api/user/login 200 116ms
2025-05-01T13:10:00Z PUT /api/product/list 400 98ms
2025-05-01T13:12:00Z POST /api/order/cancel 200 126ms
2025-05-01T00:00:00Z POST /api/product/detail 201 63ms
2025-05-01T00:00:00Z GET /api/user/list 200 125ms
2025-05-01T13:18:00Z GET /api/user/logout 200 257ms
2025-05-01T06:40:00Z DELETE /api/user/login 200 174ms
2025-05-01T13:22:00Z GET /api/user/login 200 289ms
2025-05-01T00:00:00Z PUT /api/user/login 200 256ms
2025-05-01T06:43:00Z POST /api/user/list 200 188ms
2025-05-01T13:28:00Z POST /api/user/list 201 130ms
2025-05-01T20:15:00Z DELETE /api/product/detail 201 76ms
2025-05-01T13:32:00Z PUT /api/product/list 500 143ms
2025-05-01T00:00:00Z POST /api/admin/stats 200 757ms
2025-05-01T06:48:00Z GET /api/user/list 403 98ms
2025-05-01T20:27:00Z DELETE /api/order/create 404 362ms
2025-05-01T06:50:00Z PUT /api/product/list 204 76ms
2025-05-01T20:33:00Z PUT /api/user/logout 200 137ms
2025-05-01T20:36:00Z GET /api/product/list 200 96ms
2025-05-01T13:46:00Z GET /api/admin/stats 204 623ms
2025-05-01T06:54:00Z GET /api/user/logout 200 285ms
2025-05-01T13:50:00Z DELETE /api/product/detail 200 78ms
2025-05-01T06:56:00Z POST /api/user/list 200 81ms
2025-05-01T00:00:00Z DELETE /api/product/list 200 232ms
2025-05-01T00:00:00Z POST /api/product/list 502 217ms
2025-05-01T20:57:00Z PUT /api/admin/stats 200 338ms
2025-05-01T00:00:00Z GET /api/product/detail 500 147ms
2025-05-01T07:01:00Z PUT /api/user/login 404 140ms
2025-05-01T07:02:00Z GET /api/order/create 200 272ms
2025-05-01T14:06:00Z GET /api/user/list 200 151ms
2025-05-01T07:04:00Z PUT /api/product/detail 502 137ms
2025-05-01T07:05:00Z GET /api/product/list 200 110ms
2025-05-01T00:00:00Z POST /api/user/list 200 117ms
2025-05-01T00:00:00Z GET /api/order/cancel 200 123ms
2025-05-01T21:24:00Z GET /api/user/logout 503 297ms
2025-05-01T00:00:00Z DELETE /api/product/list 200 294ms
2025-05-01T21:30:00Z GET /api/admin/stats 200 1078ms
2025-05-01T21:33:00Z GET /api/product/list 400 87ms
2025-05-01T07:12:00Z DELETE /api/user/list 200 125ms
2025-05-01T14:26:00Z PUT /api/user/list 200 80ms
2025-05-01T21:42:00Z DELETE /api/product/list 200 253ms
2025-05-01T14:30:00Z DELETE /api/product/list 200 117ms
2025-05-01T00:00:00Z POST /api/order/cancel 403 197ms
2025-05-01T21:51:00Z GET /api/admin/stats 200 1061ms
2025-05-01T14:36:00Z PUT /api/user/login 204 92ms
2025-05-01T14:38:00Z POST /api/user/list 200 149ms
2025-05-01T00:00:00Z POST /api/user/list 200 90ms
2025-05-01T07:21:00Z GET /api/product/detail 200 250ms
2025-05-01T00:00:00Z POST /api/order/cancel 200 139ms
2025-05-01T07:23:00Z PUT /api/product/detail 200 68ms
2025-05-01T07:24:00Z DELETE /api/user/list 200 159ms
2025-05-01T07:25:00Z POST /api/user/logout 500 158ms
2025-05-01T14:52:00Z POST /api/user/login 200 68ms
2025-05-01T00:00:00Z DELETE /api/order/create 404 410ms
2025-05-01T07:28:00Z POST /api/admin/stats 201 435ms
2025-05-01T07:29:00Z GET /api/product/list 201 167ms
2025-05-01T00:00:00Z PUT /api/order/create 200 446ms
2025-05-01T22:33:00Z DELETE /api/order/cancel 400 191ms
2025-05-01T07:32:00Z DELETE /api/user/logout 200 52ms
2025-05-01T00:00:00Z GET /api/order/create 204 592ms
2025-05-01T00:00:00Z POST /api/product/detail 200 252ms
2025-05-01T00:00:00Z GET /api/admin/stats 200 632ms
2025-05-01T07:36:00Z DELETE /api/user/login 200 240ms
2025-05-01T22:51:00Z POST /api/user/logout 401 280ms
2025-05-01T07:38:00Z GET /api/product/list 400 299ms
2025-05-01T07:39:00Z PUT /api/product/list 400 136ms
2025-05-01T15:20:00Z DELETE /api/product/detail 200 153ms
2025-05-01T00:00:00Z PUT /api/product/detail 200 270ms
2025-05-01T23:06:00Z POST /api/product/list 403 210ms
2025-05-01T07:43:00Z DELETE /api/user/list 200 128ms
2025-05-01T07:44:00Z PUT /api/product/list 200 172ms
2025-05-01T23:15:00Z PUT /api/order/cancel 200 77ms
2025-05-01T07:46:00Z DELETE /api/user/login 200 76ms
2025-05-01T23:21:00Z PUT /api/order/cancel 200 187ms
2025-05-01T07:48:00Z POST /api/product/list 200 248ms
2025-05-01T23:27:00Z DELETE /api/product/list 200 131ms
2025-05-01T15:40:00Z GET /api/product/detail 201 89ms
2025-05-01T23:33:00Z PUT /api/user/list 200 89ms
2025-05-01T00:00:00Z POST /api/admin/stats 200 310ms
2025-05-01T15:46:00Z POST /api/product/list 401 235ms
2025-05-01T07:54:00Z POST /api/order/create 200 522ms
2025-05-01T00:00:00Z PUT /api/product/list 200 183ms
2025-05-01T15:52:00Z PUT /api/user/login 200 200ms
2025-05-01T23:51:00Z GET /api/admin/stats 200 1027ms
2025-05-01T00:00:00Z POST /api/product/list 400 279ms
2025-05-01T15:58:00Z GET /api/order/cancel 204 95ms
2025-05-02T00:00:00Z GET /api/admin/stats 200 373ms
2025-05-02T00:03:00Z POST /api/user/login 200 269ms
2025-05-01T16:04:00Z GET /api/order/create 200 572ms
2025-05-01T16:06:00Z DELETE /api/order/cancel 200 189ms
2025-05-02T00:12:00Z PUT /api/user/list 200 164ms
2025-05-01T00:00:00Z POST /api/product/detail 200 255ms
2025-05-01T00:00:00Z PUT /api/product/detail 200 98ms
2025-05-02T00:21:00Z PUT /api/order/create 400 334ms
2025-05-01T08:08:00Z POST /api/user/login 201 284ms
2025-05-01T16:18:00Z POST /api/user/list 200 152ms
2025-05-01T00:00:00Z GET /api/product/list 404 298ms
2025-05-01T00:00:00Z PUT /api/order/create 200 245ms
2025-05-01T08:12:00Z POST /api/admin/stats 200 696ms
2025-05-01T08:13:00Z DELETE /api/product/list 200 74ms
2025-05-01T08:14:00Z GET /api/admin/stats 403 675ms
2025-05-02T00:45:00Z DELETE /api/order/create 200 399ms
2025-05-01T08:16:00Z POST /api/product/list 204 120ms
2025-05-01T08:17:00Z GET /api/user/login 403 182ms
2025-05-01T08:18:00Z POST /api/order/create 200 316ms
2025-05-01T16:38:00Z GET /api/order/create 403 459ms
2025-05-01T00:00:00Z GET /api/product/list 403 291ms
2025-05-02T01:03:00Z GET /api/user/logout 201 267ms
2025-05-01T08:22:00Z PUT /api/product/detail 200 119ms
2025-05-01T00:00:00Z DELETE /api/order/create 404 201ms
2025-05-02T01:12:00Z DELETE /api/user/list 200 183ms
2025-05-01T08:25:00Z PUT /api/user/list 200 163ms
2025-05-02T01:18:00Z DELETE /api/user/list 200 106ms
2025-05-01T08:27:00Z POST /api/user/login 200 159ms
2025-05-01T16:56:00Z GET /api/product/list 200 138ms
2025-05-02T01:27:00Z DELETE /api/product/list 200 134ms
2025-05-01T08:30:00Z DELETE /api/product/detail 201 151ms
2025-05-01T00:00:00Z DELETE /api/user/list 204 145ms
2025-05-02T01:36:00Z DELETE /api/user/login 201 81ms
2025-05-02T01:39:00Z PUT /api/admin/stats 200 760ms
2025-05-02T01:42:00Z PUT /api/order/create 200 337ms
2025-05-01T00:00:00Z PUT /api/product/list 204 248ms
2025-05-01T00:00:00Z DELETE /api/product/list 403 265ms
2025-05-02T01:51:00Z GET /api/product/list 200 212ms
2025-05-01T17:16:00Z PUT /api/order/cancel 403 281ms
2025-05-01T17:18:00Z PUT /api/order/create 200 523ms
2025-05-02T02:00:00Z POST /api/product/detail 200 283ms
2025-05-02T02:03:00Z GET /api/order/cancel 403 229ms
2025-05-01T17:24:00Z PUT /api/product/detail 200 131ms
2025-05-01T17:26:00Z PUT /api/product/list 200 199ms
2025-05-02T02:12:00Z GET /api/user/list 403 82ms
2025-05-02T02:15:00Z GET /api/product/detail 201 190ms
2025-05-01T08:46:00Z POST /api/admin/stats 201 460ms
2025-05-01T08:47:00Z POST /api/user/logout 200 284ms
2025-05-01T00:00:00Z POST /api/product/list 200 81ms
2025-05-01T00:00:00Z DELETE /api/product/detail 200 53ms
2025-05-01T00:00:00Z POST /api/product/list 200 87ms
2025-05-02T02:33:00Z POST /api/user/list 200 182ms
2025-05-01T17:44:00Z DELETE /api/product/detail 200 140ms
2025-05-01T17:46:00Z PUT /api/user/logout 200 147ms
2025-05-01T08:54:00Z GET /api/user/login 204 184ms
2025-05-01T08:55:00Z PUT /api/user/list 400 171ms
2025-05-01T00:00:00Z GET /api/user/list 200 108ms
2025-05-01T08:57:00Z PUT /api/user/login 502 62ms
2025-05-01T00:00:00Z POST /api/product/detail 400 111ms
2025-05-02T02:57:00Z POST /api/order/create 200 412ms
2025-05-01T18:00:00Z GET /api/user/login 200 281ms
2025-05-01T00:00:00Z DELETE /api/order/cancel 200 109ms
2025-05-01T00:00:00Z GET /api/product/detail 401 85ms
2025-05-01T18:06:00Z PUT /api/user/login 200 250ms
2025-05-01T09:04:00Z DELETE /api/user/login 200 67ms
2025-05-01T09:05:00Z POST /api/user/list 200 105ms
2025-05-01T00:00:00Z GET /api/user/list 200 141ms
2025-05-01T09:07:00Z PUT /api/user/login 201 109ms
2025-05-01T18:16:00Z GET /api/user/list 201 80ms
2025-05-01T18:18:00Z GET /api/user/logout 200 60ms
2025-05-01T09:10:00Z PUT /api/product/detail 200 148ms
2025-05-01T18:22:00Z GET /api/admin/stats 200 866ms
2025-05-01T00:00:00Z PUT /api/user/login 403 205ms
2025-05-01T09:13:00Z PUT /api/user/logout 200 90ms
2025-05-01T00:00:00Z GET /api/product/list 200 51ms
2025-05-01T00:00:00Z PUT /api/user/list 200 186ms
2025-05-01T09:16:00Z PUT /api/product/detail 200 228ms
2025-05-01T18:34:00Z POST /api/product/list 200 243ms
2025-05-01T09:18:00Z POST /api/product/list 201 297ms
2025-05-01T00:00:00Z DELETE /api/user/login 200 105ms
2025-05-01T09:20:00Z POST /api/user/list 200 96ms
2025-05-01T18:42:00Z PUT /api/user/logout 201 176ms
2025-05-02T04:06:00Z DELETE /api/order/cancel 200 249ms
2025-05-02T04:09:00Z PUT /api/user/list 200 100ms
2025-05-01T18:48:00Z DELETE /api/user/login 200 218ms
2025-05-02T04:15:00Z POST /api/product/list 201 204ms
2025-05-01T00:00:00Z DELETE /api/product/list 200 232ms
2025-05-01T18:54:00Z PUT /api/admin/stats 200 909ms
2025-05-01T18:56:00Z GET /api/product/list 201 77ms
2025-05-01T18:58:00Z GET /api/order/create 500 314ms
2025-05-02T04:30:00Z DELETE /api/order/create 200 354ms
2025-05-01T19:02:00Z PUT /api/order/create 200 339ms
2025-05-01T09:32:00Z DELETE /api/order/cancel 201 109ms
2025-05-01T19:06:00Z DELETE /api/product/list 404 172ms
2025-05-02T04:42:00Z GET /api/user/login 200 270ms
2025-05-02T04:45:00Z PUT /api/user/list 200 166ms
2025-05-01T00:00:00Z DELETE /api/product/list 200 220ms
2025-05-01T00:00:00Z PUT /api/user/login 200 147ms
2025-05-01T09:38:00Z POST /api/user/login 200 208ms
2025-05-01T19:18:00Z POST /api/user/list 200 114ms
2025-05-02T05:00:00Z DELETE /api/user/list 200 126ms
2025-05-01T19:22:00Z PUT /api/admin/stats 201 854ms
2025-05-01T00:00:00Z DELETE /api/user/list 400 127ms
2025-05-01T09:43:00Z POST /api/product/list 200 291ms
2025-05-01T00:00:00Z PUT /api/product/list 200 128ms
2025-05-02T05:15:00Z GET /api/admin/stats 201 841ms
2025-05-01T09:46:00Z POST /api/admin/stats 200 973ms
2025-05-01T19:34:00Z GET /api/product/list 200 60ms
2025-05-01T19:36:00Z PUT /api/order/create 200 392ms
2025-05-01T00:00:00Z PUT /api/product/list 200 228ms
2025-05-01T19:40:00Z DELETE /api/product/list 200 207ms
2025-05-02T05:33:00Z PUT /api/user/login 204 203ms
2025-05-01T00:00:00Z PUT /api/user/login 200 95ms
2025-05-01T19:46:00Z POST /api/order/cancel 200 102ms
2025-05-01T00:00:00Z GET /api/product/detail 200 285ms
2025-05-01T19:50:00Z POST /api/user/list 200 125ms
2025-05-02T05:48:00Z DELETE /api/admin/stats 201 854ms
2025-05-02T05:51:00Z GET /api/product/list 500 192ms
2025-05-02T05:54:00Z GET /api/product/detail 200 151ms
2025-05-02T05:57:00Z POST /api/product/list 200 65ms
2025-05-02T06:00:00Z PUT /api/user/list 200 151ms
2025-05-01T00:00:00Z POST /api/user/login 200 250ms
2025-05-01T00:00:00Z GET /api/user/list 200 160ms
2025-05-01T00:00:00Z GET /api/product/detail 200 188ms
2025-05-01T10:04:00Z POST /api/product/detail 201 229ms
2025-05-01T00:00:00Z POST /api/admin/stats 200 1056ms
2025-05-01T10:06:00Z POST /api/user/list 201 103ms
2025-05-01T20:14:00Z POST /api/user/list 400 92ms
2025-05-01T20:16:00Z PUT /api/admin/stats 200 807ms
2025-05-02T06:27:00Z PUT /api/product/detail 200 215ms
2025-05-01T10:10:00Z GET /api/order/create 200 352ms
2025-05-02T06:33:00Z GET /api/user/login 404 115ms
2025-05-01T00:00:00Z DELETE /api/admin/stats 200 510ms
2025-05-02T06:39:00Z PUT /api/user/list 200 90ms
2025-05-01T20:28:00Z PUT /api/product/list 201 217ms
2025-05-01T20:30:00Z GET /api/user/list 200 168ms
2025-05-02T06:48:00Z DELETE /api/user/list 200 95ms
2025-05-01T10:17:00Z DELETE /api/user/login 403 263ms
2025-05-02T06:54:00Z GET /api/user/list 500 88ms
2025-05-01T00:00:00Z GET /api/product/detail 200 91ms
2025-05-01T10:20:00Z POST /api/user/list 200 91ms
2025-05-01T20:42:00Z DELETE /api/user/list 401 195ms
2025-05-01T10:22:00Z POST /api/product/detail 200 72ms
2025-05-01T00:00:00Z POST /api/user/list 200 184ms
2025-05-02T07:12:00Z GET /api/user/list 401 189ms
2025-05-01T10:25:00Z POST /api/user/login 201 160ms
2025-05-01T00:00:00Z DELETE /api/order/create 400 479ms
2025-05-01T20:54:00Z DELETE /api/user/list 502 163ms
2025-05-01T10:28:00Z DELETE /api/admin/stats 200 753ms
2025-05-01T10:29:00Z POST /api/order/create 200 404ms
2025-05-02T07:30:00Z DELETE /api/product/detail 200 195ms
2025-05-01T21:02:00Z GET /api/product/detail 200 263ms
2025-05-02T07:36:00Z DELETE /api/user/logout 200 204ms
2025-05-01T00:00:00Z POST /api/order/create 403 546ms
2025-05-02T07:42:00Z DELETE /api/product/detail 200 106ms
2025-05-01T10:35:00Z PUT /api/product/list 200 238ms
2025-05-01T00:00:00Z DELETE /api/user/list 201 96ms
2025-05-01T00:00:00Z POST /api/product/detail 201 223ms
2025-05-01T10:38:00Z POST /api/user/list 200 119ms
2025-05-02T07:57:00Z GET /api/order/create 201 545ms
2025-05-01T00:00:00Z DELETE /api/product/list 200 100ms
2025-05-01T10:41:00Z GET /api/user/logout 200 182ms
2025-05-01T21:24:00Z GET /api/user/list 200 194ms
2025-05-02T08:09:00Z POST /api/product/list 500 98ms
2025-05-01T10:44:00Z PUT /api/order/create 200 404ms
2025-05-02T08:15:00Z DELETE /api/product/detail 200 63ms
2025-05-01T10:46:00Z POST /api/order/cancel 200 143ms
2025-05-02T08:21:00Z GET /api/product/list 200 173ms
2025-05-02T08:24:00Z PUT /api/product/list 201 149ms
2025-05-01T10:49:00Z PUT /api/product/list 201 231ms
2025-05-01T00:00:00Z PUT /api/user/list 200 137ms
2025-05-01T00:00:00Z DELETE /api/product/list 403 165ms
2025-05-01T00:00:00Z GET /api/product/list 200 67ms
2025-05-02T08:39:00Z PUT /api/order/cancel 200 184ms
2025-05-02T08:42:00Z DELETE /api/product/list 200 218ms
2025-05-01T21:50:00Z PUT /api/admin/stats 201 492ms
2025-05-01T00:00:00Z POST /api/user/list 200 138ms
2025-05-02T08:51:00Z DELETE /api/product/detail 200 155ms
2025-05-01T21:56:00Z DELETE /api/product/detail 404 54ms
2025-05-01T10:59:00Z POST /api/product/list 200 144ms
2025-05-01T22:00:00Z DELETE /api/user/list 500 190ms
2025-05-01T22:02:00Z DELETE /api/user/list 201 115ms
2025-05-01T11:02:00Z PUT /api/user/logout 200 249ms
2025-05-01T00:00:00Z POST /api/order/create 404 519ms
2025-05-01T00:00:00Z PUT /api/user/list 200 121ms
2025-05-01T22:10:00Z PUT /api/product/detail 200 71ms
2025-05-02T09:18:00Z GET /api/order/create 204 470ms
2025-05-01T22:14:00Z POST /api/product/list 200 84ms
2025-05-01T22:16:00Z DELETE /api/user/list 200 194ms
2025-05-02T09:27:00Z DELETE /api/user/list 200 111ms
2025-05-01T22:20:00Z GET /api/product/list 200 227ms
2025-05-01T11:11:00Z GET /api/user/login 201 151ms
2025-05-01T11:12:00Z GET /api/product/list 204 125ms
2025-05-01T22:26:00Z DELETE /api/user/logout 200 146ms
2025-05-01T22:28:00Z DELETE /api/user/list 200 183ms
2025-05-01T22:30:00Z POST /api/user/login 200 116ms
2025-05-01T22:32:00Z POST /api/admin/stats 200 739ms
2025-05-01T00:00:00Z PUT /api/product/list 200 202ms
2025-05-01T11:18:00Z POST /api/order/cancel 200 93ms
2025-05-02T09:57:00Z DELETE /api/order/create 401 236ms
2025-05-01T00:00:00Z GET /api/admin/stats 404 569ms
2025-05-01T22:42:00Z DELETE /api/product/list 200 68ms
2025-05-02T10:06:00Z GET /api/product/list 200 168ms
2025-05-01T11:23:00Z GET /api/order/create 400 578ms
2025-05-01T11:24:00Z GET /api/user/login 200 253ms
2025-05-01T11:25:00Z PUT /api/product/list 502 244ms
2025-05-01T00:00:00Z POST /api/user/list 404 135ms
2025-05-01T11:27:00Z GET /api/admin/stats 201 848ms
2025-05-02T10:24:00Z PUT /api/product/list 200 64ms
2025-05-01T00:00:00Z GET /api/order/create 200 425ms
2025-05-01T23:00:00Z POST /api/product/detail 201 297ms
2025-05-01T23:02:00Z PUT /api/order/cancel 200 273ms
2025-05-02T10:36:00Z GET /api/user/login 201 97ms
2025-05-01T00:00:00Z GET /api/admin/stats 201 614ms
2025-05-01T00:00:00Z POST /api/user/logout 200 257ms
2025-05-02T10:45:00Z GET /api/user/login 200 86ms
2025-05-01T00:00:00Z PUT /api/product/detail 200 162ms
2025-05-02T10:51:00Z PUT /api/user/login 201 80ms
2025-05-01T23:16:00Z DELETE /api/user/login 400 98ms
2025-05-01T11:39:00Z POST /api/admin/stats 200 1182ms
2025-05-02T11:00:00Z DELETE /api/product/list 400 120ms
2025-05-01T11:41:00Z POST /api/user/login 404 263ms
2025-05-01T23:24:00Z GET /api/user/login 400 295ms
2025-05-01T11:43:00Z POST /api/user/logout 200 292ms
2025-05-01T23:28:00Z POST /api/product/detail 200 169ms
2025-05-02T11:15:00Z PUT /api/user/list 200 188ms
2025-05-02T11:18:00Z GET /api/order/create 200 367ms
2025-05-02T11:21:00Z GET /api/user/list 200 127ms
2025-05-02T11:24:00Z GET /api/order/create 503 467ms
2025-05-01T11:49:00Z DELETE /api/user/list 503 105ms
2025-05-01T23:40:00Z GET /api/product/list 200 86ms
2025-05-01T11:51:00Z POST /api/user/login 200 52ms
2025-05-01T23:44:00Z PUT /api/product/list 400 179ms
2025-05-02T11:39:00Z POST /api/user/list 200 135ms
2025-05-02T11:42:00Z GET /api/product/list 200 96ms
2025-05-01T00:00:00Z PUT /api/order/create 500 410ms
2025-05-01T11:56:00Z POST /api/product/list 400 161ms
2025-05-02T11:51:00Z POST /api/user/list 200 128ms
2025-05-02T11:54:00Z POST /api/user/login 204 294ms
2025-05-01T00:00:00Z POST /api/product/detail 400 249ms
2025-05-01T00:00:00Z GET /api/product/list 201 164ms
2025-05-01T12:01:00Z POST /api/product/list 200 121ms
2025-05-02T00:04:00Z POST /api/user/logout 201 53ms
2025-05-02T12:09:00Z GET /api/order/create 404 287ms
2025-05-01T00:00:00Z DELETE /api/user/list 200 157ms
2025-05-02T00:10:00Z PUT /api/admin/stats 200 1167ms
2025-05-01T00:00:00Z DELETE /api/admin/stats 201 760ms
2025-05-01T12:07:00Z PUT /api/user/list 200 156ms
2025-05-01T00:00:00Z POST /api/product/list 200 255ms
2025-05-02T00:18:00Z DELETE /api/order/create 200 551ms
2025-05-02T12:30:00Z POST /api/product/detail 204 187ms
2025-05-01T12:11:00Z POST /api/product/list 400 126ms
2025-05-02T12:36:00Z PUT /api/product/detail 401 146ms
2025-05-01T12:13:00Z POST /api/user/logout 201 288ms
2025-05-02T12:42:00Z POST /api/user/list 200 193ms
2025-05-01T00:00:00Z POST /api/product/list 200 89ms
2025-05-02T00:32:00Z GET /api/product/list 403 174ms
2025-05-01T00:00:00Z PUT /api/product/list 401 264ms
2025-05-02T00:36:00Z PUT /api/admin/stats 200 1112ms
2025-05-02T12:57:00Z POST /api/user/login 200 91ms
2025-05-01T00:00:00Z PUT /api/product/list 200 154ms
2025-05-01T12:21:00Z POST /api/order/cancel 201 90ms
2025-05-02T13:06:00Z DELETE /api/user/list 500 160ms
2025-05-01T12:23:00Z GET /api/order/create 200 583ms
2025-05-01T00:00:00Z GET /api/user/list 201 121ms
2025-05-02T13:15:00Z POST /api/product/detail 403 80ms
2025-05-01T00:00:00Z PUT /api/product/list 200 69ms
2025-05-02T13:21:00Z GET /api/order/create 201 537ms
2025-05-01T00:00:00Z PUT /api/admin/stats 200 894ms
2025-05-01T00:00:00Z PUT /api/user/list 201 107ms
2025-05-02T13:30:00Z GET /api/user/list 200 115ms
2025-05-02T01:02:00Z PUT /api/product/list 200 239ms
2025-05-01T00:00:00Z GET /api/order/create 404 475ms
2025-05-01T00:00:00Z DELETE /api/product/list 200 145ms
2025-05-02T01:08:00Z DELETE /api/product/list 200 75ms
2025-05-02T01:10:00Z POST /api/admin/stats 404 739ms
2025-05-02T13:48:00Z GET /api/order/create 404 316ms
2025-05-02T01:14:00Z GET /api/product/list 403 233ms
2025-05-01T12:38:00Z PUT /api/product/detail 200 55ms
2025-05-01T00:00:00Z PUT /api/user/list 200 179ms
2025-05-01T00:00:00Z GET /api/user/login 200 202ms
2025-05-01T12:41:00Z POST /api/product/detail 200 201ms
2025-05-01T00:00:00Z DELETE /api/user/login 400 286ms
2025-05-01T00:00:00Z POST /api/user/list 201 190ms
2025-05-02T14:12:00Z GET /api/order/create 200 372ms
2025-05-02T14:15:00Z DELETE /api/order/create 500 205ms
2025-05-01T12:46:00Z DELETE /api/admin/stats 200 673ms
2025-05-02T14:21:00Z POST /api/user/logout 404 72ms
2025-05-01T00:00:00Z POST /api/order/create 200 371ms
2025-05-01T12:49:00Z DELETE /api/user/login 200 102ms
2025-05-01T12:50:00Z DELETE /api/product/list 200 271ms
2025-05-01T00:00:00Z GET /api/product/list 200 82ms
2025-05-01T00:00:00Z POST /api/user/list 200 181ms
2025-05-02T14:39:00Z POST /api/order/create 201 217ms
2025-05-02T14:42:00Z DELETE /api/product/list 204 151ms
2025-05-01T12:55:00Z GET /api/product/detail 200 186ms
2025-05-01T12:56:00Z GET /api/user/login 200 186ms
2025-05-01T12:57:00Z DELETE /api/product/list 400 165ms
2025-05-01T00:00:00Z GET /api/user/login 204 231ms
2025-05-02T14:57:00Z PUT /api/user/login 201 105ms
2025-05-02T02:00:00Z DELETE /api/product/detail 200 174ms
2025-05-02T15:03:00Z DELETE /api/user/login 200 229ms
2025-05-02T02:04:00Z GET /api/product/list 401 274ms
2025-05-02T15:09:00Z DELETE /api/user/logout 200 125ms
2025-05-02T15:12:00Z PUT /api/admin/stats 200 335ms
2025-05-02T15:15:00Z DELETE /api/user/list 200 180ms
2025-05-01T00:00:00Z PUT /api/user/list 201 88ms
2025-05-01T00:00:00Z POST /api/order/create 200 354ms
2025-05-02T15:24:00Z DELETE /api/product/detail 201 124ms
2025-05-01T13:09:00Z DELETE /api/user/login 201 80ms
2025-05-02T02:20:00Z DELETE /api/product/detail 204 294ms
2025-05-02T02:22:00Z DELETE /api/order/create 200 484ms
2025-05-02T15:36:00Z GET /api/product/list 200 252ms
2025-05-02T02:26:00Z POST /api/order/create 403 196ms
2025-05-02T02:28:00Z PUT /api/user/list 200 123ms
2025-05-01T00:00:00Z DELETE /api/user/list 200 124ms
2025-05-02T15:48:00Z DELETE /api/user/list 201 176ms
2025-05-02T15:51:00Z POST /api/user/login 200 210ms
2025-05-01T00:00:00Z POST /api/user/list 200 192ms
2025-05-01T13:19:00Z PUT /api/admin/stats 200 911ms
2025-05-01T13:20:00Z POST /api/product/detail 200 253ms
2025-05-02T16:03:00Z GET /api/user/login 200 180ms
2025-05-02T02:44:00Z PUT /api/user/list 400 86ms
2025-05-01T00:00:00Z DELETE /api/user/list 201 85ms
2025-05-01T13:24:00Z PUT /api/user/list 201 125ms
2025-05-01T13:25:00Z GET /api/product/list 200 210ms
2025-05-01T13:26:00Z POST /api/user/list 200 83ms
2025-05-01T13:27:00Z DELETE /api/product/list 404 125ms
2025-05-01T00:00:00Z GET /api/product/detail 404 241ms
2025-05-02T16:27:00Z PUT /api/user/list 400 199ms
2025-05-01T13:30:00Z PUT /api/product/detail 200 128ms
2025-05-02T03:02:00Z PUT /api/user/list 404 174ms
2025-05-02T16:36:00Z PUT /api/order/create 200 270ms
2025-05-01T00:00:00Z DELETE /api/user/login 404 71ms
2025-05-02T16:42:00Z DELETE /api/product/list 503 157ms
2025-05-02T16:45:00Z GET /api/user/list 204 121ms
2025-05-01T00:00:00Z POST /api/product/detail 200 163ms
2025-05-02T03:14:00Z DELETE /api/order/create 200 550ms
2025-05-02T16:54:00Z PUT /api/user/list 201 133ms
2025-05-02T16:57:00Z POST /api/order/create 201 261ms
2025-05-02T03:20:00Z DELETE /api/product/list 200 73ms
2025-05-02T17:03:00Z PUT /api/user/list 503 96ms
2025-05-02T03:24:00Z DELETE /api/product/list 200 265ms
2025-05-02T03:26:00Z PUT /api/order/cancel 200 169ms
2025-05-01T13:44:00Z POST /api/order/create 200 527ms
2025-05-01T13:45:00Z PUT /api/user/list 201 182ms
2025-05-02T17:18:00Z POST /api/user/list 200 186ms
2025-05-01T00:00:00Z GET /api/user/login 401 74ms
2025-05-01T13:48:00Z PUT /api/order/create 200 407ms
2025-05-01T00:00:00Z DELETE /api/user/list 200 192ms
2025-05-02T17:30:00Z POST /api/user/login 404 256ms
2025-05-02T17:33:00Z GET /api/user/list 200 145ms
2025-05-02T03:44:00Z POST /api/user/login 400 233ms
2025-05-01T13:53:00Z DELETE /api/user/login 403 53ms
2025-05-01T00:00:00Z DELETE /api/user/list 200 155ms
2025-05-02T17:45:00Z POST /api/user/login 400 50ms
2025-05-01T00:00:00Z GET /api/user/list 200 141ms
2025-05-01T13:57:00Z DELETE /api/order/create 200 353ms
2025-05-02T03:56:00Z GET /api/user/login 200 191ms
2025-05-01T13:59:00Z GET /api/order/create 200 462ms
2025-05-02T04:00:00Z DELETE /api/product/detail 401 59ms
2025-05-01T00:00:00Z GET /api/product/list 200 279ms
2025-05-01T00:00:00Z GET /api/product/list 200 79ms
2025-05-02T18:09:00Z GET /api/user/logout 201 143ms
2025-05-01T00:00:00Z POST /api/product/list 200 136ms
2025-05-01T14:05:00Z GET /api/user/list 200 152ms
2025-05-02T04:12:00Z POST /api/product/list 200 50ms
2025-05-01T14:07:00Z DELETE /api/product/detail 201 99ms
2025-05-01T14:08:00Z PUT /api/product/list 200 271ms
2025-05-02T18:27:00Z PUT /api/product/list 200 166ms
2025-05-01T14:10:00Z PUT /api/product/list 200 273ms
2025-05-02T18:33:00Z GET /api/user/list 200 194ms
2025-05-01T00:00:00Z PUT /api/user/list 200 168ms
2025-05-01T14:13:00Z PUT /api/user/login 200 130ms
2025-05-02T18:42:00Z GET /api/user/list 200 104ms
2025-05-02T04:30:00Z GET /api/product/list 200 223ms
2025-05-01T00:00:00Z POST /api/product/list 200 269ms
2025-05-01T00:00:00Z GET /api/product/list 204 94ms
2025-05-02T18:54:00Z DELETE /api/user/list 200 167ms
2025-05-02T04:38:00Z PUT /api/product/detail 200 253ms
2025-05-01T14:20:00Z GET /api/product/detail 200 86ms
2025-05-01T14:21:00Z DELETE /api/user/list 200 105ms
2025-05-02T19:06:00Z PUT /api/user/login 403 74ms
2025-05-02T04:46:00Z PUT /api/order/create 204 173ms
2025-05-02T19:12:00Z PUT /api/order/create 201 157ms
2025-05-02T04:50:00Z POST /api/user/login 200 100ms
2025-05-01T00:00:00Z PUT /api/user/login 200 184ms
2025-05-02T04:54:00Z DELETE /api/user/list 200 109ms
2025-05-02T04:56:00Z POST /api/user/list 200 94ms
2025-05-01T14:29:00Z DELETE /api/product/detail 200 263ms
2025-05-01T00:00:00Z DELETE /api/product/list 400 92ms
2025-05-02T19:33:00Z GET /api/order/create 204 477ms
2025-05-02T19:36:00Z PUT /api/user/logout 200 123ms
2025-05-02T05:06:00Z POST /api/product/detail 200 213ms
2025-05-01T14:34:00Z GET /api/user/login 200 279ms
2025-05-02T19:45:00Z DELETE /api/user/list 201 81ms
2025-05-01T14:36:00Z PUT /api/order/create 404 368ms
2025-05-01T00:00:00Z DELETE /api/order/create 200 365ms
2025-05-02T19:54:00Z GET /api/user/list 200 186ms
2025-05-01T00:00:00Z POST /api/product/detail 200 247ms
2025-05-02T05:20:00Z POST /api/user/login 401 210ms
2025-05-01T00:00:00Z GET /api/user/login 200 139ms
2025-05-02T05:24:00Z DELETE /api/user/list 200 141ms
2025-05-01T00:00:00Z POST /api/user/login 200 84ms
2025-05-01T14:44:00Z POST /api/product/list 204 158ms
2025-05-01T14:45:00Z DELETE /api/user/list 403 155ms
2025-05-01T00:00:00Z POST /api/user/login 200 83ms
2025-05-02T20:21:00Z GET /api/product/list 200 258ms
2025-05-01T00:00:00Z GET /api/product/list 201 227ms
2025-05-02T20:27:00Z PUT /api/order/cancel 200 57ms
2025-05-01T14:50:00Z POST /api/product/detail 401 215ms
2025-05-01T00:00:00Z POST /api/product/detail 200 228ms
2025-05-01T00:00:00Z DELETE /api/user/list 200 115ms
2025-05-02T20:39:00Z PUT /api/order/cancel 200 143ms
2025-05-01T00:00:00Z GET /api/product/detail 200 171ms
2025-05-01T14:55:00Z PUT /api/user/login 200 80ms
2025-05-01T00:00:00Z DELETE /api/product/detail 200 220ms
2025-05-01T00:00:00Z DELETE /api/product/list 201 203ms
2025-05-01T14:58:00Z GET /api/order/cancel 201 218ms
2025-05-01T00:00:00Z GET /api/user/login 200 51ms
2025-05-02T06:00:00Z DELETE /api/user/list 200 128ms
2025-05-01T00:00:00Z POST /api/product/detail 201 163ms
2025-05-02T21:06:00Z DELETE /api/user/login 401 288ms
2025-05-02T21:09:00Z DELETE /api/user/list 200 97ms
2025-05-02T06:08:00Z PUT /api/user/list 200 120ms
2025-05-01T00:00:00Z DELETE /api/product/list 200 175ms
2025-05-02T21:18:00Z DELETE /api/product/list 201 216ms
2025-05-02T06:14:00Z PUT /api/user/login 403 236ms
2025-05-01T15:08:00Z DELETE /api/user/list 502 119ms
2025-05-02T06:18:00Z POST /api/product/list 200 123ms
2025-05-02T21:30:00Z POST /api/product/list 200 206ms
2025-05-01T15:11:00Z PUT /api/user/login 200 116ms
2025-05-01T00:00:00Z POST /api/order/create 200 225ms
2025-05-02T21:39:00Z PUT /api/user/login 200 84ms
2025-05-02T06:28:00Z GET /api/product/detail 200 250ms
2025-05-01T15:15:00Z PUT /api/user/login 400 52ms
2025-05-02T06:32:00Z PUT /api/admin/stats 503 674ms
2025-05-02T21:51:00Z PUT /api/user/login 200 51ms
2025-05-01T00:00:00Z POST /api/product/list 204 252ms
2025-05-01T00:00:00Z GET /api/product/list 403 169ms
2025-05-01T00:00:00Z POST /api/user/list 404 118ms
2025-05-02T22:03:00Z POST /api/order/create 200 579ms
2025-05-02T22:06:00Z PUT /api/user/list 200 114ms
2025-05-01T15:23:00Z GET /api/admin/stats 200 660ms
2025-05-02T06:48:00Z POST /api/user/login 204 284ms
2025-05-02T06:50:00Z PUT /api/product/detail 200 107ms
2025-05-02T22:18:00Z POST /api/user/logout 200 95ms
2025-05-01T00:00:00Z POST /api/product/list 200 232ms
2025-05-02T06:56:00Z POST /api/order/cancel 200 205ms
2025-05-02T22:27:00Z DELETE /api/user/login 200 118ms
2025-05-01T15:30:00Z DELETE /api/user/list 200 86ms
2025-05-01T00:00:00Z DELETE /api/product/list 200 70ms
2025-05-02T22:36:00Z PUT /api/user/logout 200 166ms
2025-05-02T07:06:00Z GET /api/user/list 404 196ms
2025-05-02T07:08:00Z PUT /api/user/logout 200 231ms
2025-05-02T22:45:00Z PUT /api/product/list 200 107ms
2025-05-01T00:00:00Z PUT /api/product/list 403 175ms
2025-05-01T15:37:00Z POST /api/product/list 200 229ms
2025-05-02T22:54:00Z DELETE /api/product/detail 200 102ms
2025-05-01T15:39:00Z PUT /api/user/list 403 138ms
2025-05-02T23:00:00Z POST /api/product/detail 403 296ms
2025-05-01T15:41:00Z DELETE /api/user/login 200 91ms
2025-05-01T15:42:00Z DELETE /api/order/cancel 204 235ms
2025-05-01T00:00:00Z POST /api/user/list 204 191ms
2025-05-02T07:28:00Z GET /api/product/list 200 180ms
2025-05-01T00:00:00Z GET /api/order/create 401 168ms
2025-05-02T07:32:00Z GET /api/user/list 201 155ms
2025-05-01T00:00:00Z DELETE /api/user/login 201 94ms
2025-05-01T15:48:00Z GET /api/user/list 401 108ms
2025-05-01T00:00:00Z PUT /api/user/list 502 178ms
2025-05-01T15:50:00Z POST /api/user/logout 200 149ms
2025-05-01T15:51:00Z GET /api/user/list 200 151ms
2025-05-01T00:00:00Z PUT /api/product/list 201 60ms
2025-05-01T15:53:00Z PUT /api/user/list 200 141ms
2025-05-02T23:42:00Z POST /api/order/cancel 502 77ms
2025-05-02T07:50:00Z GET /api/user/login 200 238ms
2025-05-02T07:52:00Z GET /api/user/login 401 233ms
2025-05-02T07:54:00Z PUT /api/user/list 200 131ms
2025-05-02T07:56:00Z POST /api/product/list 400 203ms
2025-05-02T23:57:00Z GET /api/product/list 200 163ms
2025-05-01T00:00:00Z PUT /api/user/list 200 194ms
2025-05-01T16:01:00Z POST /api/user/list 200 138ms
2025-05-01T00:00:00Z POST /api/order/create 200 196ms
2025-05-01T16:03:00Z PUT /api/admin/stats 200 556ms
2025-05-02T08:08:00Z GET /api/user/list 201 99ms
2025-05-03T00:15:00Z GET /api/product/list 401 269ms
2025-05-03T00:18:00Z POST /api/user/login 200 154ms
2025-05-01T16:07:00Z POST /api/user/list 200 98ms
2025-05-01T00:00:00Z PUT /api/order/create 200 361ms
2025-05-03T00:27:00Z GET /api/user/login 200 168ms
2025-05-01T00:00:00Z GET /api/product/detail 200 135ms
2025-05-01T00:00:00Z GET /api/user/list 204 116ms
2025-05-01T00:00:00Z GET /api/user/list 200 93ms
2025-05-01T00:00:00Z DELETE /api/order/create 400 205ms
2025-05-02T08:28:00Z DELETE /api/order/cancel 400 157ms
2025-05-03T00:45:00Z POST /api/user/list 200 123ms
2025-05-03T00:48:00Z GET /api/user/list 200 90ms
2025-05-01T16:17:00Z PUT /api/user/list 200 97ms
2025-05-01T00:00:00Z POST /api/admin/stats 200 882ms
2025-05-03T00:57:00Z PUT /api/user/list 200 131ms
2025-05-02T08:40:00Z GET /api/product/detail 404 76ms
2025-05-02T08:42:00Z PUT /api/user/list 200 152ms
2025-05-01T00:00:00Z POST /api/product/list 200 151ms
2025-05-02T08:46:00Z GET /api/user/login 201 97ms
2025-05-01T00:00:00Z POST /api/user/login 502 204ms
2025-05-01T16:25:00Z DELETE /api/order/create 204 449ms
2025-05-01T00:00:00Z GET /api/product/detail 200 164ms
2025-05-01T00:00:00Z PUT /api/product/list 204 90ms
2025-05-01T00:00:00Z POST /api/user/login 200 207ms
2025-05-02T08:58:00Z DELETE /api/order/create 404 443ms
2025-05-02T09:00:00Z POST /api/user/list 200 113ms
2025-05-03T01:33:00Z PUT /api/user/list 200 119ms
2025-05-02T09:04:00Z PUT /api/product/detail 200 68ms
2025-05-01T00:00:00Z GET /api/order/create 200 194ms
2025-05-01T16:34:00Z PUT /api/user/logout 201 162ms
2025-05-03T01:45:00Z PUT /api/user/logout 200 101ms
2025-05-03T01:48:00Z POST /api/product/list 204 255ms
2025-05-01T16:37:00Z PUT /api/user/logout 200 71ms
2025-05-03T01:54:00Z PUT /api/user/logout 503 105ms
2025-05-01T00:00:00Z DELETE /api/order/cancel 204 137ms
