2025-07-04 10:14:42,688 - dashboard_runner - INFO - 서버 로그 분석 대시보드 통합 실행 시작
2025-07-04 10:14:42,689 - dashboard_runner - INFO - 현재 디렉토리: C:\ServerLogAnalysis
2025-07-04 10:14:42,689 - dashboard_runner - INFO - 모든 필수 파일 확인 완료
2025-07-04 10:14:42,690 - dashboard_runner - INFO - 서비스 시작 준비 완료
2025-07-04 10:14:42,691 - dashboard_runner - INFO - 로그 파일 자동 생성 시작
2025-07-04 10:14:42,691 - dashboard_runner - INFO - 로그 생성 스레드 시작
2025-07-04 10:14:44,706 - dashboard_runner - INFO - Flask 웹 서버 시작
2025-07-04 10:24:35,382 - dashboard_runner - INFO - 서버 로그 분석 대시보드 통합 실행 시작
2025-07-04 10:24:35,382 - dashboard_runner - INFO - 현재 디렉토리: C:\ServerLogAnalysis
2025-07-04 10:24:35,383 - dashboard_runner - INFO - 모든 필수 파일 확인 완료
2025-07-04 10:24:35,384 - dashboard_runner - INFO - 서비스 시작 준비 완료
2025-07-04 10:24:35,385 - dashboard_runner - INFO - 로그 파일 자동 생성 시작
2025-07-04 10:24:35,385 - dashboard_runner - INFO - 로그 생성 스레드 시작
2025-07-04 10:24:35,385 - dashboard_runner - INFO - 지속적 로그 분석 시작 (5초 간격)
2025-07-04 10:24:35,385 - dashboard_runner - INFO - 지속적 분석 스레드 시작
2025-07-04 10:24:35,385 - dashboard_runner - INFO - 주기적 로그 분석 실행
2025-07-04 10:24:36,294 - dashboard_runner - INFO - 주기적 로그 분석 완료
2025-07-04 10:24:37,400 - dashboard_runner - INFO - Flask 웹 서버 시작
2025-07-04 10:24:41,304 - dashboard_runner - INFO - 주기적 로그 분석 실행
2025-07-04 10:24:41,971 - dashboard_runner - INFO - 주기적 로그 분석 완료
2025-07-04 10:24:46,974 - dashboard_runner - INFO - 주기적 로그 분석 실행
2025-07-04 10:24:47,680 - dashboard_runner - INFO - 주기적 로그 분석 완료
2025-07-04 10:24:52,687 - dashboard_runner - INFO - 주기적 로그 분석 실행
2025-07-04 10:24:53,463 - dashboard_runner - INFO - 주기적 로그 분석 완료
2025-07-04 10:24:58,471 - dashboard_runner - INFO - 주기적 로그 분석 실행
2025-07-04 10:24:59,274 - dashboard_runner - INFO - 주기적 로그 분석 완료
2025-07-04 10:25:04,288 - dashboard_runner - INFO - 주기적 로그 분석 실행
2025-07-04 10:25:05,023 - dashboard_runner - INFO - 주기적 로그 분석 완료
2025-07-04 10:25:10,030 - dashboard_runner - INFO - 주기적 로그 분석 실행
2025-07-04 10:25:10,826 - dashboard_runner - INFO - 주기적 로그 분석 완료
2025-07-04 10:25:15,836 - dashboard_runner - INFO - 주기적 로그 분석 실행
2025-07-04 10:25:16,625 - dashboard_runner - INFO - 주기적 로그 분석 완료
2025-07-04 10:25:21,633 - dashboard_runner - INFO - 주기적 로그 분석 실행
2025-07-04 10:25:22,380 - dashboard_runner - INFO - 주기적 로그 분석 완료
2025-07-04 10:25:27,384 - dashboard_runner - INFO - 주기적 로그 분석 실행
2025-07-04 10:25:28,155 - dashboard_runner - INFO - 주기적 로그 분석 완료
2025-07-04 10:25:33,169 - dashboard_runner - INFO - 주기적 로그 분석 실행
2025-07-04 10:25:33,991 - dashboard_runner - INFO - 주기적 로그 분석 완료
2025-07-04 10:25:38,998 - dashboard_runner - INFO - 주기적 로그 분석 실행
2025-07-04 10:25:39,728 - dashboard_runner - INFO - 주기적 로그 분석 완료
2025-07-04 10:25:44,737 - dashboard_runner - INFO - 주기적 로그 분석 실행
2025-07-04 10:25:45,536 - dashboard_runner - INFO - 주기적 로그 분석 완료
2025-07-04 10:25:50,547 - dashboard_runner - INFO - 주기적 로그 분석 실행
2025-07-04 10:25:51,345 - dashboard_runner - INFO - 주기적 로그 분석 완료
2025-07-04 10:25:56,358 - dashboard_runner - INFO - 주기적 로그 분석 실행
2025-07-04 10:25:57,175 - dashboard_runner - INFO - 주기적 로그 분석 완료
2025-07-04 10:26:02,180 - dashboard_runner - INFO - 주기적 로그 분석 실행
2025-07-04 10:26:02,885 - dashboard_runner - INFO - 주기적 로그 분석 완료
2025-07-04 10:26:07,890 - dashboard_runner - INFO - 주기적 로그 분석 실행
2025-07-04 10:26:08,651 - dashboard_runner - INFO - 주기적 로그 분석 완료
2025-07-04 10:26:13,660 - dashboard_runner - INFO - 주기적 로그 분석 실행
2025-07-04 10:26:14,405 - dashboard_runner - INFO - 주기적 로그 분석 완료
2025-07-04 10:26:19,422 - dashboard_runner - INFO - 주기적 로그 분석 실행
2025-07-04 10:26:20,212 - dashboard_runner - INFO - 주기적 로그 분석 완료
2025-07-04 10:26:25,220 - dashboard_runner - INFO - 주기적 로그 분석 실행
2025-07-04 10:26:25,950 - dashboard_runner - INFO - 주기적 로그 분석 완료
2025-07-04 10:26:30,954 - dashboard_runner - INFO - 주기적 로그 분석 실행
2025-07-04 10:26:31,723 - dashboard_runner - INFO - 주기적 로그 분석 완료
2025-07-04 10:26:36,739 - dashboard_runner - INFO - 주기적 로그 분석 실행
2025-07-04 10:26:37,571 - dashboard_runner - INFO - 주기적 로그 분석 완료
2025-07-04 10:26:42,578 - dashboard_runner - INFO - 주기적 로그 분석 실행
2025-07-04 10:26:43,305 - dashboard_runner - INFO - 주기적 로그 분석 완료
2025-07-04 10:26:48,318 - dashboard_runner - INFO - 주기적 로그 분석 실행
2025-07-04 10:26:49,164 - dashboard_runner - INFO - 주기적 로그 분석 완료
2025-07-04 10:26:54,171 - dashboard_runner - INFO - 주기적 로그 분석 실행
2025-07-04 10:26:55,002 - dashboard_runner - INFO - 주기적 로그 분석 완료
2025-07-04 10:27:00,012 - dashboard_runner - INFO - 주기적 로그 분석 실행
2025-07-04 10:27:00,769 - dashboard_runner - INFO - 주기적 로그 분석 완료
2025-07-04 10:27:05,782 - dashboard_runner - INFO - 주기적 로그 분석 실행
2025-07-04 10:27:06,495 - dashboard_runner - INFO - 주기적 로그 분석 완료
2025-07-04 10:27:11,506 - dashboard_runner - INFO - 주기적 로그 분석 실행
2025-07-04 10:27:12,191 - dashboard_runner - INFO - 주기적 로그 분석 완료
2025-07-04 10:27:17,206 - dashboard_runner - INFO - 주기적 로그 분석 실행
2025-07-04 10:27:17,980 - dashboard_runner - INFO - 주기적 로그 분석 완료
2025-07-04 10:27:22,984 - dashboard_runner - INFO - 주기적 로그 분석 실행
2025-07-04 10:27:23,637 - dashboard_runner - INFO - 주기적 로그 분석 완료
2025-07-04 10:27:28,651 - dashboard_runner - INFO - 주기적 로그 분석 실행
2025-07-04 10:27:29,339 - dashboard_runner - INFO - 주기적 로그 분석 완료
2025-07-04 10:27:34,354 - dashboard_runner - INFO - 주기적 로그 분석 실행
2025-07-04 10:27:35,008 - dashboard_runner - INFO - 주기적 로그 분석 완료
2025-07-04 10:27:40,010 - dashboard_runner - INFO - 주기적 로그 분석 실행
2025-07-04 10:27:40,768 - dashboard_runner - INFO - 주기적 로그 분석 완료
2025-07-04 10:27:45,771 - dashboard_runner - INFO - 주기적 로그 분석 실행
2025-07-04 10:27:46,498 - dashboard_runner - INFO - 주기적 로그 분석 완료
2025-07-04 10:27:51,500 - dashboard_runner - INFO - 주기적 로그 분석 실행
2025-07-04 10:27:52,231 - dashboard_runner - INFO - 주기적 로그 분석 완료
2025-07-04 10:27:57,240 - dashboard_runner - INFO - 주기적 로그 분석 실행
2025-07-04 10:27:58,145 - dashboard_runner - INFO - 주기적 로그 분석 완료
2025-07-04 10:28:03,158 - dashboard_runner - INFO - 주기적 로그 분석 실행
2025-07-04 10:28:03,937 - dashboard_runner - INFO - 주기적 로그 분석 완료
2025-07-04 10:28:08,945 - dashboard_runner - INFO - 주기적 로그 분석 실행
2025-07-04 10:28:09,704 - dashboard_runner - INFO - 주기적 로그 분석 완료
2025-07-04 10:28:14,708 - dashboard_runner - INFO - 주기적 로그 분석 실행
2025-07-04 10:28:15,434 - dashboard_runner - INFO - 주기적 로그 분석 완료
2025-07-04 10:28:20,436 - dashboard_runner - INFO - 주기적 로그 분석 실행
2025-07-04 10:28:21,166 - dashboard_runner - INFO - 주기적 로그 분석 완료
2025-07-04 10:28:26,173 - dashboard_runner - INFO - 주기적 로그 분석 실행
2025-07-04 10:28:26,912 - dashboard_runner - INFO - 주기적 로그 분석 완료
2025-07-04 10:28:31,919 - dashboard_runner - INFO - 주기적 로그 분석 실행
2025-07-04 10:28:32,664 - dashboard_runner - INFO - 주기적 로그 분석 완료
2025-07-04 10:28:37,680 - dashboard_runner - INFO - 주기적 로그 분석 실행
2025-07-04 10:28:38,439 - dashboard_runner - INFO - 주기적 로그 분석 완료
2025-07-04 10:28:43,444 - dashboard_runner - INFO - 주기적 로그 분석 실행
2025-07-04 10:28:44,197 - dashboard_runner - INFO - 주기적 로그 분석 완료
2025-07-04 10:28:49,201 - dashboard_runner - INFO - 주기적 로그 분석 실행
2025-07-04 10:28:49,972 - dashboard_runner - INFO - 주기적 로그 분석 완료
2025-07-04 10:28:54,976 - dashboard_runner - INFO - 주기적 로그 분석 실행
2025-07-04 10:28:55,747 - dashboard_runner - INFO - 주기적 로그 분석 완료
2025-07-04 10:29:00,750 - dashboard_runner - INFO - 주기적 로그 분석 실행
2025-07-04 10:29:01,455 - dashboard_runner - INFO - 주기적 로그 분석 완료
2025-07-04 10:29:06,466 - dashboard_runner - INFO - 주기적 로그 분석 실행
2025-07-04 10:29:07,623 - dashboard_runner - INFO - 주기적 로그 분석 완료
2025-07-04 10:29:12,627 - dashboard_runner - INFO - 주기적 로그 분석 실행
2025-07-04 10:29:13,384 - dashboard_runner - INFO - 주기적 로그 분석 완료
2025-07-04 10:29:18,402 - dashboard_runner - INFO - 주기적 로그 분석 실행
2025-07-04 10:29:19,233 - dashboard_runner - INFO - 주기적 로그 분석 완료
2025-07-04 10:29:24,247 - dashboard_runner - INFO - 주기적 로그 분석 실행
2025-07-04 10:29:25,012 - dashboard_runner - INFO - 주기적 로그 분석 완료
2025-07-04 10:29:30,020 - dashboard_runner - INFO - 주기적 로그 분석 실행
2025-07-04 10:29:30,791 - dashboard_runner - INFO - 주기적 로그 분석 완료
2025-07-04 10:29:35,805 - dashboard_runner - INFO - 주기적 로그 분석 실행
2025-07-04 10:29:36,650 - dashboard_runner - INFO - 주기적 로그 분석 완료
2025-07-04 10:29:41,656 - dashboard_runner - INFO - 주기적 로그 분석 실행
2025-07-04 10:29:42,333 - dashboard_runner - INFO - 주기적 로그 분석 완료
2025-07-04 10:29:47,335 - dashboard_runner - INFO - 주기적 로그 분석 실행
2025-07-04 10:29:48,110 - dashboard_runner - INFO - 주기적 로그 분석 완료
2025-07-04 10:29:53,117 - dashboard_runner - INFO - 주기적 로그 분석 실행
2025-07-04 10:29:53,905 - dashboard_runner - INFO - 주기적 로그 분석 완료
2025-07-04 10:29:58,913 - dashboard_runner - INFO - 주기적 로그 분석 실행
2025-07-04 10:29:59,592 - dashboard_runner - INFO - 주기적 로그 분석 완료
2025-07-04 13:46:05,906 - dashboard_runner - INFO - 서버 로그 분석 대시보드 통합 실행 시작
2025-07-04 13:46:05,906 - dashboard_runner - INFO - 현재 디렉토리: C:\ServerLogAnalysis
2025-07-04 13:46:05,907 - dashboard_runner - INFO - 모든 필수 파일 확인 완료
2025-07-04 13:46:05,907 - dashboard_runner - INFO - 서비스 시작 준비 완료
2025-07-04 13:46:05,908 - dashboard_runner - INFO - 로그 파일 자동 생성 시작
2025-07-04 13:46:05,908 - dashboard_runner - INFO - 로그 생성 스레드 시작
2025-07-04 13:46:05,908 - dashboard_runner - INFO - 지속적 로그 분석 시작 (5초 간격)
2025-07-04 13:46:05,908 - dashboard_runner - INFO - 지속적 분석 스레드 시작
2025-07-04 13:46:05,909 - dashboard_runner - INFO - 주기적 로그 분석 실행
2025-07-04 13:46:06,719 - dashboard_runner - INFO - 주기적 로그 분석 완료
2025-07-04 13:46:07,916 - dashboard_runner - INFO - Flask 웹 서버 시작
2025-07-04 13:46:11,727 - dashboard_runner - INFO - 주기적 로그 분석 실행
2025-07-04 13:46:12,443 - dashboard_runner - INFO - 주기적 로그 분석 완료
2025-07-04 13:46:17,446 - dashboard_runner - INFO - 주기적 로그 분석 실행
2025-07-04 13:46:18,205 - dashboard_runner - INFO - 주기적 로그 분석 완료
2025-07-04 13:46:23,206 - dashboard_runner - INFO - 주기적 로그 분석 실행
2025-07-04 13:46:23,901 - dashboard_runner - INFO - 주기적 로그 분석 완료
2025-07-04 13:46:28,914 - dashboard_runner - INFO - 주기적 로그 분석 실행
2025-07-04 13:46:29,662 - dashboard_runner - INFO - 주기적 로그 분석 완료
2025-07-04 13:46:34,676 - dashboard_runner - INFO - 주기적 로그 분석 실행
2025-07-04 13:46:35,400 - dashboard_runner - INFO - 주기적 로그 분석 완료
2025-07-04 13:46:40,415 - dashboard_runner - INFO - 주기적 로그 분석 실행
2025-07-04 13:46:41,131 - dashboard_runner - INFO - 주기적 로그 분석 완료
2025-07-04 13:46:46,142 - dashboard_runner - INFO - 주기적 로그 분석 실행
2025-07-04 13:46:46,852 - dashboard_runner - INFO - 주기적 로그 분석 완료
2025-07-04 13:46:51,864 - dashboard_runner - INFO - 주기적 로그 분석 실행
2025-07-04 13:46:52,611 - dashboard_runner - INFO - 주기적 로그 분석 완료
2025-07-04 13:46:57,613 - dashboard_runner - INFO - 주기적 로그 분석 실행
2025-07-04 13:46:58,394 - dashboard_runner - INFO - 주기적 로그 분석 완료
2025-07-04 13:47:03,399 - dashboard_runner - INFO - 주기적 로그 분석 실행
2025-07-04 13:47:04,301 - dashboard_runner - INFO - 주기적 로그 분석 완료
2025-07-04 13:47:09,310 - dashboard_runner - INFO - 주기적 로그 분석 실행
2025-07-04 13:47:10,073 - dashboard_runner - INFO - 주기적 로그 분석 완료
2025-07-04 13:47:15,080 - dashboard_runner - INFO - 주기적 로그 분석 실행
2025-07-04 13:47:15,832 - dashboard_runner - INFO - 주기적 로그 분석 완료
2025-07-04 13:47:20,835 - dashboard_runner - INFO - 주기적 로그 분석 실행
2025-07-04 13:47:21,526 - dashboard_runner - INFO - 주기적 로그 분석 완료
2025-07-04 13:47:26,532 - dashboard_runner - INFO - 주기적 로그 분석 실행
2025-07-04 13:47:27,363 - dashboard_runner - INFO - 주기적 로그 분석 완료
2025-07-04 13:47:32,379 - dashboard_runner - INFO - 주기적 로그 분석 실행
2025-07-04 13:47:33,036 - dashboard_runner - INFO - 주기적 로그 분석 완료
2025-07-04 13:47:38,039 - dashboard_runner - INFO - 주기적 로그 분석 실행
2025-07-04 13:47:38,949 - dashboard_runner - INFO - 주기적 로그 분석 완료
2025-07-04 13:47:43,961 - dashboard_runner - INFO - 주기적 로그 분석 실행
2025-07-04 13:47:44,664 - dashboard_runner - INFO - 주기적 로그 분석 완료
2025-07-04 13:47:49,679 - dashboard_runner - INFO - 주기적 로그 분석 실행
2025-07-04 13:47:50,403 - dashboard_runner - INFO - 주기적 로그 분석 완료
2025-07-04 13:47:55,404 - dashboard_runner - INFO - 주기적 로그 분석 실행
2025-07-04 13:47:56,064 - dashboard_runner - INFO - 주기적 로그 분석 완료
2025-07-04 13:48:01,071 - dashboard_runner - INFO - 주기적 로그 분석 실행
2025-07-04 13:48:01,797 - dashboard_runner - INFO - 주기적 로그 분석 완료
2025-07-04 13:48:06,799 - dashboard_runner - INFO - 주기적 로그 분석 실행
2025-07-04 13:48:07,565 - dashboard_runner - INFO - 주기적 로그 분석 완료
2025-07-04 13:48:12,566 - dashboard_runner - INFO - 주기적 로그 분석 실행
2025-07-04 13:48:13,448 - dashboard_runner - INFO - 주기적 로그 분석 완료
2025-07-04 13:48:18,458 - dashboard_runner - INFO - 주기적 로그 분석 실행
2025-07-04 13:48:19,223 - dashboard_runner - INFO - 주기적 로그 분석 완료
2025-07-04 13:48:24,230 - dashboard_runner - INFO - 주기적 로그 분석 실행
2025-07-04 13:48:25,044 - dashboard_runner - INFO - 주기적 로그 분석 완료
2025-07-04 13:48:30,046 - dashboard_runner - INFO - 주기적 로그 분석 실행
2025-07-04 13:48:30,781 - dashboard_runner - INFO - 주기적 로그 분석 완료
2025-07-04 13:48:35,782 - dashboard_runner - INFO - 주기적 로그 분석 실행
2025-07-04 13:48:36,521 - dashboard_runner - INFO - 주기적 로그 분석 완료
2025-07-04 13:48:41,527 - dashboard_runner - INFO - 주기적 로그 분석 실행
2025-07-04 13:48:42,365 - dashboard_runner - INFO - 주기적 로그 분석 완료
2025-07-04 13:48:47,369 - dashboard_runner - INFO - 주기적 로그 분석 실행
2025-07-04 13:48:48,404 - dashboard_runner - INFO - 주기적 로그 분석 완료
2025-07-04 13:48:53,415 - dashboard_runner - INFO - 주기적 로그 분석 실행
2025-07-04 13:48:54,165 - dashboard_runner - INFO - 주기적 로그 분석 완료
2025-07-04 13:48:59,172 - dashboard_runner - INFO - 주기적 로그 분석 실행
2025-07-04 13:48:59,929 - dashboard_runner - INFO - 주기적 로그 분석 완료
2025-07-04 13:49:04,941 - dashboard_runner - INFO - 주기적 로그 분석 실행
2025-07-04 13:49:05,669 - dashboard_runner - INFO - 주기적 로그 분석 완료
2025-07-04 13:49:10,670 - dashboard_runner - INFO - 주기적 로그 분석 실행
2025-07-04 13:49:11,418 - dashboard_runner - INFO - 주기적 로그 분석 완료
2025-07-04 13:49:16,432 - dashboard_runner - INFO - 주기적 로그 분석 실행
2025-07-04 13:49:17,401 - dashboard_runner - INFO - 주기적 로그 분석 완료
2025-07-04 13:49:22,408 - dashboard_runner - INFO - 주기적 로그 분석 실행
2025-07-04 13:49:23,132 - dashboard_runner - INFO - 주기적 로그 분석 완료
2025-07-04 13:49:28,146 - dashboard_runner - INFO - 주기적 로그 분석 실행
2025-07-04 13:49:28,991 - dashboard_runner - INFO - 주기적 로그 분석 완료
2025-07-04 13:49:33,998 - dashboard_runner - INFO - 주기적 로그 분석 실행
2025-07-04 13:49:34,715 - dashboard_runner - INFO - 주기적 로그 분석 완료
2025-07-04 13:49:39,729 - dashboard_runner - INFO - 주기적 로그 분석 실행
2025-07-04 13:49:40,797 - dashboard_runner - INFO - 주기적 로그 분석 완료
2025-07-04 13:49:45,800 - dashboard_runner - INFO - 주기적 로그 분석 실행
2025-07-04 13:49:46,634 - dashboard_runner - INFO - 주기적 로그 분석 완료
2025-07-04 13:49:51,646 - dashboard_runner - INFO - 주기적 로그 분석 실행
2025-07-04 13:49:52,457 - dashboard_runner - INFO - 주기적 로그 분석 완료
2025-07-04 13:49:57,472 - dashboard_runner - INFO - 주기적 로그 분석 실행
2025-07-04 13:49:58,257 - dashboard_runner - INFO - 주기적 로그 분석 완료
2025-07-04 13:50:03,263 - dashboard_runner - INFO - 주기적 로그 분석 실행
2025-07-04 13:50:03,982 - dashboard_runner - INFO - 주기적 로그 분석 완료
2025-07-04 13:50:08,994 - dashboard_runner - INFO - 주기적 로그 분석 실행
2025-07-04 13:50:09,726 - dashboard_runner - INFO - 주기적 로그 분석 완료
2025-07-04 13:50:14,739 - dashboard_runner - INFO - 주기적 로그 분석 실행
2025-07-04 13:50:15,490 - dashboard_runner - INFO - 주기적 로그 분석 완료
2025-07-04 13:50:20,491 - dashboard_runner - INFO - 주기적 로그 분석 실행
2025-07-04 13:50:21,343 - dashboard_runner - INFO - 주기적 로그 분석 완료
2025-07-04 13:50:26,344 - dashboard_runner - INFO - 주기적 로그 분석 실행
2025-07-04 13:50:27,214 - dashboard_runner - INFO - 주기적 로그 분석 완료
2025-07-04 13:50:32,226 - dashboard_runner - INFO - 주기적 로그 분석 실행
2025-07-04 13:50:33,027 - dashboard_runner - INFO - 주기적 로그 분석 완료
2025-07-04 13:50:38,042 - dashboard_runner - INFO - 주기적 로그 분석 실행
2025-07-04 13:50:38,690 - dashboard_runner - INFO - 주기적 로그 분석 완료
2025-07-04 13:50:43,695 - dashboard_runner - INFO - 주기적 로그 분석 실행
2025-07-04 13:50:44,447 - dashboard_runner - INFO - 주기적 로그 분석 완료
2025-07-04 13:50:49,459 - dashboard_runner - INFO - 주기적 로그 분석 실행
2025-07-04 13:50:50,247 - dashboard_runner - INFO - 주기적 로그 분석 완료
2025-07-04 13:50:55,260 - dashboard_runner - INFO - 주기적 로그 분석 실행
2025-07-04 13:50:56,041 - dashboard_runner - INFO - 주기적 로그 분석 완료
2025-07-04 13:51:01,056 - dashboard_runner - INFO - 주기적 로그 분석 실행
2025-07-04 13:51:01,880 - dashboard_runner - INFO - 주기적 로그 분석 완료
2025-07-04 13:51:06,894 - dashboard_runner - INFO - 주기적 로그 분석 실행
2025-07-04 13:51:07,690 - dashboard_runner - INFO - 주기적 로그 분석 완료
2025-07-04 13:51:12,698 - dashboard_runner - INFO - 주기적 로그 분석 실행
2025-07-04 13:51:13,434 - dashboard_runner - INFO - 주기적 로그 분석 완료
2025-07-04 13:51:18,445 - dashboard_runner - INFO - 주기적 로그 분석 실행
2025-07-04 13:51:19,252 - dashboard_runner - INFO - 주기적 로그 분석 완료
2025-07-04 13:51:24,258 - dashboard_runner - INFO - 주기적 로그 분석 실행
2025-07-04 13:51:25,080 - dashboard_runner - INFO - 주기적 로그 분석 완료
2025-07-04 13:51:30,096 - dashboard_runner - INFO - 주기적 로그 분석 실행
2025-07-04 13:51:30,876 - dashboard_runner - INFO - 주기적 로그 분석 완료
2025-07-04 13:51:35,879 - dashboard_runner - INFO - 주기적 로그 분석 실행
2025-07-04 13:51:36,663 - dashboard_runner - INFO - 주기적 로그 분석 완료
2025-07-04 13:51:41,668 - dashboard_runner - INFO - 주기적 로그 분석 실행
2025-07-04 13:51:42,437 - dashboard_runner - INFO - 주기적 로그 분석 완료
2025-07-04 13:51:47,440 - dashboard_runner - INFO - 주기적 로그 분석 실행
2025-07-04 13:51:48,238 - dashboard_runner - INFO - 주기적 로그 분석 완료
2025-07-04 13:51:53,240 - dashboard_runner - INFO - 주기적 로그 분석 실행
2025-07-04 13:51:54,008 - dashboard_runner - INFO - 주기적 로그 분석 완료
2025-07-04 13:51:59,023 - dashboard_runner - INFO - 주기적 로그 분석 실행
2025-07-04 13:51:59,846 - dashboard_runner - INFO - 주기적 로그 분석 완료
2025-07-04 13:52:04,860 - dashboard_runner - INFO - 주기적 로그 분석 실행
2025-07-04 13:52:06,069 - dashboard_runner - INFO - 주기적 로그 분석 완료
2025-07-04 13:52:10,394 - dashboard_runner - INFO - 서버 로그 분석 대시보드 통합 실행 시작
2025-07-04 13:52:10,394 - dashboard_runner - INFO - 현재 디렉토리: C:\ServerLogAnalysis
2025-07-04 13:52:10,395 - dashboard_runner - INFO - 모든 필수 파일 확인 완료
2025-07-04 13:52:10,395 - dashboard_runner - INFO - 서비스 시작 준비 완료
2025-07-04 13:52:10,396 - dashboard_runner - INFO - 로그 파일 자동 생성 시작
2025-07-04 13:52:10,396 - dashboard_runner - INFO - 로그 생성 스레드 시작
2025-07-04 13:52:10,396 - dashboard_runner - INFO - 지속적 로그 분석 시작 (5초 간격)
2025-07-04 13:52:10,396 - dashboard_runner - INFO - 지속적 분석 스레드 시작
2025-07-04 13:52:10,397 - dashboard_runner - INFO - 주기적 로그 분석 실행
2025-07-04 13:52:11,077 - dashboard_runner - INFO - 주기적 로그 분석 실행
2025-07-04 13:52:11,193 - dashboard_runner - INFO - 주기적 로그 분석 완료
2025-07-04 13:52:11,792 - dashboard_runner - INFO - 주기적 로그 분석 완료
2025-07-04 13:52:12,412 - dashboard_runner - INFO - Flask 웹 서버 시작
2025-07-04 13:52:16,198 - dashboard_runner - INFO - 주기적 로그 분석 실행
2025-07-04 13:52:16,805 - dashboard_runner - INFO - 주기적 로그 분석 실행
2025-07-04 13:52:17,073 - dashboard_runner - INFO - 주기적 로그 분석 완료
2025-07-04 13:52:17,450 - dashboard_runner - INFO - 주기적 로그 분석 완료
2025-07-04 13:52:22,080 - dashboard_runner - INFO - 주기적 로그 분석 실행
2025-07-04 13:52:22,453 - dashboard_runner - INFO - 주기적 로그 분석 실행
2025-07-04 13:52:22,769 - dashboard_runner - INFO - 주기적 로그 분석 완료
2025-07-04 13:52:23,142 - dashboard_runner - INFO - 주기적 로그 분석 완료
2025-07-04 13:52:27,784 - dashboard_runner - INFO - 주기적 로그 분석 실행
2025-07-04 13:52:28,156 - dashboard_runner - INFO - 주기적 로그 분석 실행
2025-07-04 13:52:28,469 - dashboard_runner - INFO - 주기적 로그 분석 완료
2025-07-04 13:52:28,929 - dashboard_runner - INFO - 주기적 로그 분석 완료
2025-07-04 13:52:33,483 - dashboard_runner - INFO - 주기적 로그 분석 실행
2025-07-04 13:52:33,935 - dashboard_runner - INFO - 주기적 로그 분석 실행
2025-07-04 13:52:34,219 - dashboard_runner - INFO - 주기적 로그 분석 완료
2025-07-04 13:52:34,722 - dashboard_runner - INFO - 주기적 로그 분석 완료
2025-07-04 13:52:39,225 - dashboard_runner - INFO - 주기적 로그 분석 실행
2025-07-04 13:52:39,731 - dashboard_runner - INFO - 주기적 로그 분석 실행
2025-07-04 13:52:39,977 - dashboard_runner - INFO - 주기적 로그 분석 완료
2025-07-04 13:52:40,408 - dashboard_runner - INFO - 주기적 로그 분석 완료
2025-07-04 13:52:44,990 - dashboard_runner - INFO - 주기적 로그 분석 실행
2025-07-04 13:52:45,410 - dashboard_runner - INFO - 주기적 로그 분석 실행
2025-07-04 13:52:45,731 - dashboard_runner - INFO - 주기적 로그 분석 완료
2025-07-04 13:52:46,089 - dashboard_runner - INFO - 주기적 로그 분석 완료
2025-07-04 13:52:50,733 - dashboard_runner - INFO - 주기적 로그 분석 실행
2025-07-04 13:52:51,095 - dashboard_runner - INFO - 주기적 로그 분석 실행
2025-07-04 13:52:51,406 - dashboard_runner - INFO - 주기적 로그 분석 완료
2025-07-04 13:52:51,711 - dashboard_runner - INFO - 주기적 로그 분석 완료
2025-07-04 13:52:56,413 - dashboard_runner - INFO - 주기적 로그 분석 실행
2025-07-04 13:52:56,722 - dashboard_runner - INFO - 주기적 로그 분석 실행
2025-07-04 13:52:57,089 - dashboard_runner - INFO - 주기적 로그 분석 완료
2025-07-04 13:52:57,353 - dashboard_runner - INFO - 주기적 로그 분석 완료
2025-07-04 13:53:02,102 - dashboard_runner - INFO - 주기적 로그 분석 실행
2025-07-04 13:53:02,365 - dashboard_runner - INFO - 주기적 로그 분석 실행
2025-07-04 13:53:02,813 - dashboard_runner - INFO - 주기적 로그 분석 완료
2025-07-04 13:53:03,017 - dashboard_runner - INFO - 주기적 로그 분석 완료
2025-07-04 13:53:07,828 - dashboard_runner - INFO - 주기적 로그 분석 실행
2025-07-04 13:53:08,027 - dashboard_runner - INFO - 주기적 로그 분석 실행
2025-07-04 13:53:08,929 - dashboard_runner - INFO - 주기적 로그 분석 완료
2025-07-04 13:53:09,062 - dashboard_runner - INFO - 주기적 로그 분석 완료
2025-07-04 13:53:13,933 - dashboard_runner - INFO - 주기적 로그 분석 실행
2025-07-04 13:53:14,074 - dashboard_runner - INFO - 주기적 로그 분석 실행
2025-07-04 13:53:14,619 - dashboard_runner - INFO - 주기적 로그 분석 완료
2025-07-04 13:53:14,708 - dashboard_runner - INFO - 주기적 로그 분석 완료
2025-07-04 13:53:19,626 - dashboard_runner - INFO - 주기적 로그 분석 실행
2025-07-04 13:53:19,717 - dashboard_runner - INFO - 주기적 로그 분석 실행
2025-07-04 13:53:20,303 - dashboard_runner - INFO - 주기적 로그 분석 완료
2025-07-04 13:53:20,396 - dashboard_runner - INFO - 주기적 로그 분석 완료
2025-07-04 13:53:25,313 - dashboard_runner - INFO - 주기적 로그 분석 실행
2025-07-04 13:53:25,408 - dashboard_runner - INFO - 주기적 로그 분석 실행
2025-07-04 13:53:25,984 - dashboard_runner - INFO - 주기적 로그 분석 완료
2025-07-04 13:53:26,037 - dashboard_runner - INFO - 주기적 로그 분석 완료
2025-07-04 13:53:30,998 - dashboard_runner - INFO - 주기적 로그 분석 실행
2025-07-04 13:53:31,045 - dashboard_runner - INFO - 주기적 로그 분석 실행
2025-07-04 13:53:31,811 - dashboard_runner - INFO - 주기적 로그 분석 완료
2025-07-04 13:53:31,811 - dashboard_runner - INFO - 주기적 로그 분석 완료
2025-07-04 13:53:36,822 - dashboard_runner - INFO - 주기적 로그 분석 실행
2025-07-04 13:53:36,822 - dashboard_runner - INFO - 주기적 로그 분석 실행
2025-07-04 13:53:37,528 - dashboard_runner - INFO - 주기적 로그 분석 완료
2025-07-04 13:53:37,544 - dashboard_runner - INFO - 주기적 로그 분석 완료
2025-07-04 13:53:42,541 - dashboard_runner - INFO - 주기적 로그 분석 실행
2025-07-04 13:53:42,557 - dashboard_runner - INFO - 주기적 로그 분석 실행
2025-07-04 13:53:43,290 - dashboard_runner - INFO - 주기적 로그 분석 완료
2025-07-04 13:53:43,300 - dashboard_runner - INFO - 주기적 로그 분석 완료
2025-07-04 13:53:48,303 - dashboard_runner - INFO - 주기적 로그 분석 실행
2025-07-04 13:53:48,303 - dashboard_runner - INFO - 주기적 로그 분석 실행
2025-07-04 13:53:49,027 - dashboard_runner - INFO - 주기적 로그 분석 완료
2025-07-04 13:53:49,052 - dashboard_runner - INFO - 주기적 로그 분석 완료
2025-07-04 13:53:54,031 - dashboard_runner - INFO - 주기적 로그 분석 실행
2025-07-04 13:53:54,062 - dashboard_runner - INFO - 주기적 로그 분석 실행
2025-07-04 13:53:54,730 - dashboard_runner - INFO - 주기적 로그 분석 완료
2025-07-04 13:53:54,743 - dashboard_runner - INFO - 주기적 로그 분석 완료
2025-07-04 13:53:59,733 - dashboard_runner - INFO - 주기적 로그 분석 실행
2025-07-04 13:53:59,749 - dashboard_runner - INFO - 주기적 로그 분석 실행
2025-07-04 13:54:00,405 - dashboard_runner - INFO - 주기적 로그 분석 완료
2025-07-04 13:54:00,417 - dashboard_runner - INFO - 주기적 로그 분석 완료
2025-07-04 13:54:05,408 - dashboard_runner - INFO - 주기적 로그 분석 실행
2025-07-04 13:54:05,423 - dashboard_runner - INFO - 주기적 로그 분석 실행
2025-07-04 13:54:06,146 - dashboard_runner - INFO - 주기적 로그 분석 완료
2025-07-04 13:54:06,155 - dashboard_runner - INFO - 주기적 로그 분석 완료
2025-07-04 13:54:11,159 - dashboard_runner - INFO - 주기적 로그 분석 실행
2025-07-04 13:54:11,160 - dashboard_runner - INFO - 주기적 로그 분석 실행
2025-07-04 13:54:11,860 - dashboard_runner - INFO - 주기적 로그 분석 완료
2025-07-04 13:54:16,868 - dashboard_runner - INFO - 주기적 로그 분석 실행
2025-07-04 13:54:16,868 - dashboard_runner - INFO - 주기적 로그 분석 실행
2025-07-04 13:54:17,551 - dashboard_runner - INFO - 주기적 로그 분석 완료
2025-07-04 13:54:17,560 - dashboard_runner - INFO - 주기적 로그 분석 완료
2025-07-04 13:54:22,564 - dashboard_runner - INFO - 주기적 로그 분석 실행
2025-07-04 13:54:23,249 - dashboard_runner - INFO - 주기적 로그 분석 완료
2025-07-04 13:54:28,251 - dashboard_runner - INFO - 주기적 로그 분석 실행
2025-07-04 13:54:28,251 - dashboard_runner - INFO - 주기적 로그 분석 실행
2025-07-04 13:54:28,911 - dashboard_runner - INFO - 주기적 로그 분석 완료
2025-07-04 13:54:33,916 - dashboard_runner - INFO - 주기적 로그 분석 실행
2025-07-04 13:54:33,916 - dashboard_runner - INFO - 주기적 로그 분석 실행
2025-07-04 13:54:34,565 - dashboard_runner - INFO - 주기적 로그 분석 완료
2025-07-04 13:54:34,565 - dashboard_runner - INFO - 주기적 로그 분석 완료
2025-07-04 13:54:39,570 - dashboard_runner - INFO - 주기적 로그 분석 실행
2025-07-04 13:54:40,256 - dashboard_runner - INFO - 주기적 로그 분석 완료
2025-07-04 13:54:40,260 - dashboard_runner - INFO - 주기적 로그 분석 완료
2025-07-04 13:54:45,272 - dashboard_runner - INFO - 주기적 로그 분석 실행
2025-07-04 13:54:45,273 - dashboard_runner - INFO - 주기적 로그 분석 실행
2025-07-04 13:54:46,012 - dashboard_runner - INFO - 주기적 로그 분석 완료
2025-07-04 13:54:51,014 - dashboard_runner - INFO - 주기적 로그 분석 실행
2025-07-04 13:54:51,016 - dashboard_runner - INFO - 주기적 로그 분석 실행
2025-07-04 13:54:51,691 - dashboard_runner - INFO - 주기적 로그 분석 완료
2025-07-04 13:54:51,691 - dashboard_runner - INFO - 주기적 로그 분석 완료
2025-07-04 13:54:56,701 - dashboard_runner - INFO - 주기적 로그 분석 실행
2025-07-04 13:54:56,701 - dashboard_runner - INFO - 주기적 로그 분석 실행
2025-07-04 13:54:57,362 - dashboard_runner - INFO - 주기적 로그 분석 완료
2025-07-04 13:54:57,362 - dashboard_runner - INFO - 주기적 로그 분석 완료
2025-07-04 13:55:02,368 - dashboard_runner - INFO - 주기적 로그 분석 실행
2025-07-04 13:55:02,368 - dashboard_runner - INFO - 주기적 로그 분석 실행
2025-07-04 13:55:03,060 - dashboard_runner - INFO - 주기적 로그 분석 완료
2025-07-04 13:55:03,069 - dashboard_runner - INFO - 주기적 로그 분석 완료
2025-07-04 13:55:08,069 - dashboard_runner - INFO - 주기적 로그 분석 실행
2025-07-04 13:55:08,085 - dashboard_runner - INFO - 주기적 로그 분석 실행
2025-07-04 13:55:08,845 - dashboard_runner - INFO - 주기적 로그 분석 완료
2025-07-04 13:55:08,846 - dashboard_runner - INFO - 주기적 로그 분석 완료
2025-07-04 13:55:13,855 - dashboard_runner - INFO - 주기적 로그 분석 실행
2025-07-04 13:55:14,544 - dashboard_runner - INFO - 주기적 로그 분석 완료
2025-07-04 13:55:14,549 - dashboard_runner - INFO - 주기적 로그 분석 완료
2025-07-04 13:55:19,557 - dashboard_runner - INFO - 주기적 로그 분석 실행
2025-07-04 13:55:19,558 - dashboard_runner - INFO - 주기적 로그 분석 실행
2025-07-04 13:55:20,232 - dashboard_runner - INFO - 주기적 로그 분석 완료
2025-07-04 13:55:20,233 - dashboard_runner - INFO - 주기적 로그 분석 완료
2025-07-04 13:55:25,238 - dashboard_runner - INFO - 주기적 로그 분석 실행
2025-07-04 13:55:25,894 - dashboard_runner - INFO - 주기적 로그 분석 완료
2025-07-04 13:55:25,895 - dashboard_runner - INFO - 주기적 로그 분석 완료
2025-07-04 13:55:30,898 - dashboard_runner - INFO - 주기적 로그 분석 실행
2025-07-04 13:55:30,898 - dashboard_runner - INFO - 주기적 로그 분석 실행
2025-07-04 13:55:31,574 - dashboard_runner - INFO - 주기적 로그 분석 완료
2025-07-04 13:55:31,583 - dashboard_runner - INFO - 주기적 로그 분석 완료
2025-07-04 13:55:36,580 - dashboard_runner - INFO - 주기적 로그 분석 실행
2025-07-04 13:55:36,595 - dashboard_runner - INFO - 주기적 로그 분석 실행
2025-07-04 13:55:37,255 - dashboard_runner - INFO - 주기적 로그 분석 완료
2025-07-04 13:55:37,255 - dashboard_runner - INFO - 주기적 로그 분석 완료
2025-07-04 13:55:42,256 - dashboard_runner - INFO - 주기적 로그 분석 실행
2025-07-04 13:55:42,256 - dashboard_runner - INFO - 주기적 로그 분석 실행
2025-07-04 13:55:43,055 - dashboard_runner - INFO - 주기적 로그 분석 완료
2025-07-04 13:55:48,065 - dashboard_runner - INFO - 주기적 로그 분석 실행
2025-07-04 13:55:48,067 - dashboard_runner - INFO - 주기적 로그 분석 실행
2025-07-04 13:55:48,797 - dashboard_runner - INFO - 주기적 로그 분석 완료
2025-07-04 13:55:48,813 - dashboard_runner - INFO - 주기적 로그 분석 완료
2025-07-04 13:55:53,807 - dashboard_runner - INFO - 주기적 로그 분석 실행
2025-07-04 13:55:53,823 - dashboard_runner - INFO - 주기적 로그 분석 실행
2025-07-04 13:55:54,498 - dashboard_runner - INFO - 주기적 로그 분석 완료
2025-07-04 13:55:54,512 - dashboard_runner - INFO - 주기적 로그 분석 완료
2025-07-04 13:55:59,503 - dashboard_runner - INFO - 주기적 로그 분석 실행
2025-07-04 13:55:59,519 - dashboard_runner - INFO - 주기적 로그 분석 실행
2025-07-04 13:56:00,263 - dashboard_runner - INFO - 주기적 로그 분석 완료
2025-07-04 13:56:00,263 - dashboard_runner - INFO - 주기적 로그 분석 완료
2025-07-04 13:56:05,277 - dashboard_runner - INFO - 주기적 로그 분석 실행
2025-07-04 13:56:05,999 - dashboard_runner - INFO - 주기적 로그 분석 완료
2025-07-04 13:56:06,000 - dashboard_runner - INFO - 주기적 로그 분석 완료
2025-07-04 13:56:11,007 - dashboard_runner - INFO - 주기적 로그 분석 실행
2025-07-04 13:56:11,007 - dashboard_runner - INFO - 주기적 로그 분석 실행
2025-07-04 13:56:11,728 - dashboard_runner - INFO - 주기적 로그 분석 완료
2025-07-04 13:56:11,738 - dashboard_runner - INFO - 주기적 로그 분석 완료
2025-07-04 13:56:16,736 - dashboard_runner - INFO - 주기적 로그 분석 실행
2025-07-04 13:56:16,752 - dashboard_runner - INFO - 주기적 로그 분석 실행
2025-07-04 13:56:17,445 - dashboard_runner - INFO - 주기적 로그 분석 완료
2025-07-04 13:56:17,453 - dashboard_runner - INFO - 주기적 로그 분석 완료
2025-07-04 13:56:22,446 - dashboard_runner - INFO - 주기적 로그 분석 실행
2025-07-04 13:56:22,461 - dashboard_runner - INFO - 주기적 로그 분석 실행
2025-07-04 13:56:23,199 - dashboard_runner - INFO - 주기적 로그 분석 완료
2025-07-04 13:56:23,209 - dashboard_runner - INFO - 주기적 로그 분석 완료
2025-07-04 13:56:28,205 - dashboard_runner - INFO - 주기적 로그 분석 실행
2025-07-04 13:56:28,221 - dashboard_runner - INFO - 주기적 로그 분석 실행
2025-07-04 13:56:28,916 - dashboard_runner - INFO - 주기적 로그 분석 완료
2025-07-04 13:56:28,920 - dashboard_runner - INFO - 주기적 로그 분석 완료
2025-07-04 13:56:33,930 - dashboard_runner - INFO - 주기적 로그 분석 실행
2025-07-04 13:56:33,931 - dashboard_runner - INFO - 주기적 로그 분석 실행
2025-07-04 13:56:34,594 - dashboard_runner - INFO - 주기적 로그 분석 완료
2025-07-04 13:56:39,608 - dashboard_runner - INFO - 주기적 로그 분석 실행
2025-07-04 13:56:39,609 - dashboard_runner - INFO - 주기적 로그 분석 실행
2025-07-04 13:56:40,296 - dashboard_runner - INFO - 주기적 로그 분석 완료
2025-07-04 13:56:40,297 - dashboard_runner - INFO - 주기적 로그 분석 완료
2025-07-04 13:56:45,297 - dashboard_runner - INFO - 주기적 로그 분석 실행
2025-07-04 13:56:45,313 - dashboard_runner - INFO - 주기적 로그 분석 실행
2025-07-04 13:56:45,983 - dashboard_runner - INFO - 주기적 로그 분석 완료
2025-07-04 13:56:45,984 - dashboard_runner - INFO - 주기적 로그 분석 완료
2025-07-04 13:56:50,985 - dashboard_runner - INFO - 주기적 로그 분석 실행
2025-07-04 13:56:50,985 - dashboard_runner - INFO - 주기적 로그 분석 실행
2025-07-04 13:56:51,666 - dashboard_runner - INFO - 주기적 로그 분석 완료
2025-07-04 13:56:51,666 - dashboard_runner - INFO - 주기적 로그 분석 완료
2025-07-04 13:56:56,678 - dashboard_runner - INFO - 주기적 로그 분석 실행
2025-07-04 13:56:56,679 - dashboard_runner - INFO - 주기적 로그 분석 실행
2025-07-04 13:56:57,352 - dashboard_runner - INFO - 주기적 로그 분석 완료
2025-07-04 13:56:57,352 - dashboard_runner - INFO - 주기적 로그 분석 완료
2025-07-04 13:57:02,356 - dashboard_runner - INFO - 주기적 로그 분석 실행
2025-07-04 13:57:02,356 - dashboard_runner - INFO - 주기적 로그 분석 실행
2025-07-04 13:57:03,059 - dashboard_runner - INFO - 주기적 로그 분석 완료
2025-07-04 13:57:03,064 - dashboard_runner - INFO - 주기적 로그 분석 완료
2025-07-04 13:57:08,069 - dashboard_runner - INFO - 주기적 로그 분석 실행
2025-07-04 13:57:08,069 - dashboard_runner - INFO - 주기적 로그 분석 실행
2025-07-04 13:57:09,125 - dashboard_runner - INFO - 주기적 로그 분석 완료
2025-07-04 13:57:09,141 - dashboard_runner - INFO - 주기적 로그 분석 완료
2025-07-04 13:57:14,128 - dashboard_runner - INFO - 주기적 로그 분석 실행
2025-07-04 13:57:14,143 - dashboard_runner - INFO - 주기적 로그 분석 실행
2025-07-04 13:57:14,851 - dashboard_runner - INFO - 주기적 로그 분석 완료
2025-07-04 13:57:14,853 - dashboard_runner - INFO - 주기적 로그 분석 완료
2025-07-04 13:57:19,855 - dashboard_runner - INFO - 주기적 로그 분석 실행
2025-07-04 13:57:19,855 - dashboard_runner - INFO - 주기적 로그 분석 실행
2025-07-04 13:57:20,652 - dashboard_runner - INFO - 주기적 로그 분석 완료
2025-07-04 13:57:20,652 - dashboard_runner - INFO - 주기적 로그 분석 완료
2025-07-04 13:57:25,662 - dashboard_runner - INFO - 주기적 로그 분석 실행
2025-07-04 13:57:25,662 - dashboard_runner - INFO - 주기적 로그 분석 실행
2025-07-04 13:57:26,503 - dashboard_runner - INFO - 주기적 로그 분석 완료
2025-07-04 13:57:26,503 - dashboard_runner - INFO - 주기적 로그 분석 완료
2025-07-04 13:57:31,515 - dashboard_runner - INFO - 주기적 로그 분석 실행
2025-07-04 13:57:32,282 - dashboard_runner - INFO - 주기적 로그 분석 완료
2025-07-04 13:57:32,303 - dashboard_runner - INFO - 주기적 로그 분석 완료
2025-07-04 13:57:37,290 - dashboard_runner - INFO - 주기적 로그 분석 실행
2025-07-04 13:57:37,305 - dashboard_runner - INFO - 주기적 로그 분석 실행
2025-07-04 13:57:38,041 - dashboard_runner - INFO - 주기적 로그 분석 완료
2025-07-04 13:57:38,042 - dashboard_runner - INFO - 주기적 로그 분석 완료
2025-07-04 13:57:43,044 - dashboard_runner - INFO - 주기적 로그 분석 실행
2025-07-04 13:57:43,044 - dashboard_runner - INFO - 주기적 로그 분석 실행
2025-07-04 13:57:43,834 - dashboard_runner - INFO - 주기적 로그 분석 완료
2025-07-04 13:57:43,844 - dashboard_runner - INFO - 주기적 로그 분석 완료
2025-07-04 13:57:48,848 - dashboard_runner - INFO - 주기적 로그 분석 실행
2025-07-04 13:57:48,848 - dashboard_runner - INFO - 주기적 로그 분석 실행
2025-07-04 13:57:49,683 - dashboard_runner - INFO - 주기적 로그 분석 완료
2025-07-04 13:57:49,691 - dashboard_runner - INFO - 주기적 로그 분석 완료
2025-07-04 13:57:51,209 - dashboard_runner - INFO - 로그 파일 자동 생성 완료
2025-07-04 13:57:51,401 - dashboard_runner - INFO - 사용자에 의해 Flask 서버가 중단되었습니다
2025-07-04 13:57:54,694 - dashboard_runner - INFO - 주기적 로그 분석 실행
2025-07-04 13:57:55,665 - dashboard_runner - INFO - 주기적 로그 분석 완료
2025-07-04 13:58:00,680 - dashboard_runner - INFO - 주기적 로그 분석 실행
2025-07-04 13:58:01,553 - dashboard_runner - INFO - 주기적 로그 분석 완료
2025-07-04 13:58:06,558 - dashboard_runner - INFO - 주기적 로그 분석 실행
2025-07-04 13:58:07,352 - dashboard_runner - INFO - 주기적 로그 분석 완료
2025-07-04 13:58:12,364 - dashboard_runner - INFO - 주기적 로그 분석 실행
2025-07-04 13:58:13,237 - dashboard_runner - INFO - 주기적 로그 분석 완료
2025-07-04 13:58:18,243 - dashboard_runner - INFO - 주기적 로그 분석 실행
2025-07-04 13:58:19,006 - dashboard_runner - INFO - 주기적 로그 분석 완료
2025-07-04 13:58:24,020 - dashboard_runner - INFO - 주기적 로그 분석 실행
2025-07-04 13:58:24,737 - dashboard_runner - INFO - 주기적 로그 분석 완료
2025-07-04 13:58:29,739 - dashboard_runner - INFO - 주기적 로그 분석 실행
2025-07-04 13:58:30,474 - dashboard_runner - INFO - 주기적 로그 분석 완료
2025-07-04 13:58:35,490 - dashboard_runner - INFO - 주기적 로그 분석 실행
2025-07-04 13:58:36,238 - dashboard_runner - INFO - 주기적 로그 분석 완료
2025-07-04 13:58:41,251 - dashboard_runner - INFO - 주기적 로그 분석 실행
2025-07-04 13:58:42,014 - dashboard_runner - INFO - 주기적 로그 분석 완료
2025-07-04 13:58:47,018 - dashboard_runner - INFO - 주기적 로그 분석 실행
2025-07-04 13:58:47,780 - dashboard_runner - INFO - 주기적 로그 분석 완료
2025-07-04 13:58:52,786 - dashboard_runner - INFO - 주기적 로그 분석 실행
2025-07-04 13:58:53,570 - dashboard_runner - INFO - 주기적 로그 분석 완료
2025-07-04 13:58:58,571 - dashboard_runner - INFO - 주기적 로그 분석 실행
2025-07-04 13:58:59,357 - dashboard_runner - INFO - 주기적 로그 분석 완료
2025-07-04 13:59:04,361 - dashboard_runner - INFO - 주기적 로그 분석 실행
2025-07-04 13:59:05,134 - dashboard_runner - INFO - 주기적 로그 분석 완료
2025-07-04 13:59:10,149 - dashboard_runner - INFO - 주기적 로그 분석 실행
2025-07-04 13:59:10,927 - dashboard_runner - INFO - 주기적 로그 분석 완료
2025-07-04 13:59:15,931 - dashboard_runner - INFO - 주기적 로그 분석 실행
2025-07-04 13:59:16,723 - dashboard_runner - INFO - 주기적 로그 분석 완료
2025-07-04 13:59:21,737 - dashboard_runner - INFO - 주기적 로그 분석 실행
2025-07-04 13:59:22,507 - dashboard_runner - INFO - 주기적 로그 분석 완료
2025-07-04 13:59:27,520 - dashboard_runner - INFO - 주기적 로그 분석 실행
2025-07-04 13:59:28,309 - dashboard_runner - INFO - 주기적 로그 분석 완료
2025-07-04 13:59:33,321 - dashboard_runner - INFO - 주기적 로그 분석 실행
2025-07-04 13:59:34,072 - dashboard_runner - INFO - 주기적 로그 분석 완료
2025-07-04 13:59:39,087 - dashboard_runner - INFO - 주기적 로그 분석 실행
2025-07-04 13:59:39,878 - dashboard_runner - INFO - 주기적 로그 분석 완료
2025-07-04 13:59:44,891 - dashboard_runner - INFO - 주기적 로그 분석 실행
2025-07-04 13:59:45,689 - dashboard_runner - INFO - 주기적 로그 분석 완료
2025-07-04 13:59:50,690 - dashboard_runner - INFO - 주기적 로그 분석 실행
2025-07-04 13:59:51,526 - dashboard_runner - INFO - 주기적 로그 분석 완료
2025-07-04 13:59:56,527 - dashboard_runner - INFO - 주기적 로그 분석 실행
2025-07-04 13:59:57,308 - dashboard_runner - INFO - 주기적 로그 분석 완료
2025-07-04 14:00:02,309 - dashboard_runner - INFO - 주기적 로그 분석 실행
2025-07-04 14:00:03,102 - dashboard_runner - INFO - 주기적 로그 분석 완료
2025-07-04 14:00:08,118 - dashboard_runner - INFO - 주기적 로그 분석 실행
2025-07-04 14:00:08,907 - dashboard_runner - INFO - 주기적 로그 분석 완료
2025-07-04 14:00:13,920 - dashboard_runner - INFO - 주기적 로그 분석 실행
2025-07-04 14:00:14,716 - dashboard_runner - INFO - 주기적 로그 분석 완료
2025-07-04 14:00:19,724 - dashboard_runner - INFO - 주기적 로그 분석 실행
2025-07-04 14:00:20,490 - dashboard_runner - INFO - 주기적 로그 분석 완료
2025-07-04 14:00:25,496 - dashboard_runner - INFO - 주기적 로그 분석 실행
2025-07-04 14:00:26,317 - dashboard_runner - INFO - 주기적 로그 분석 완료
2025-07-04 14:00:31,323 - dashboard_runner - INFO - 주기적 로그 분석 실행
2025-07-04 14:00:32,154 - dashboard_runner - INFO - 주기적 로그 분석 완료
2025-07-04 14:00:37,166 - dashboard_runner - INFO - 주기적 로그 분석 실행
2025-07-04 14:00:37,940 - dashboard_runner - INFO - 주기적 로그 분석 완료
2025-07-04 14:00:42,944 - dashboard_runner - INFO - 주기적 로그 분석 실행
2025-07-04 14:00:43,748 - dashboard_runner - INFO - 주기적 로그 분석 완료
2025-07-04 14:00:48,757 - dashboard_runner - INFO - 주기적 로그 분석 실행
2025-07-04 14:00:49,574 - dashboard_runner - INFO - 주기적 로그 분석 완료
2025-07-04 14:00:54,575 - dashboard_runner - INFO - 주기적 로그 분석 실행
2025-07-04 14:00:55,356 - dashboard_runner - INFO - 주기적 로그 분석 완료
2025-07-04 14:01:00,358 - dashboard_runner - INFO - 주기적 로그 분석 실행
2025-07-04 14:01:01,172 - dashboard_runner - INFO - 주기적 로그 분석 완료
2025-07-04 14:01:06,180 - dashboard_runner - INFO - 주기적 로그 분석 실행
2025-07-04 14:01:07,176 - dashboard_runner - INFO - 주기적 로그 분석 완료
2025-07-04 14:01:12,177 - dashboard_runner - INFO - 주기적 로그 분석 실행
2025-07-04 14:01:13,054 - dashboard_runner - INFO - 주기적 로그 분석 완료
2025-07-04 14:01:18,057 - dashboard_runner - INFO - 주기적 로그 분석 실행
2025-07-04 14:01:18,869 - dashboard_runner - INFO - 주기적 로그 분석 완료
2025-07-04 14:01:23,885 - dashboard_runner - INFO - 주기적 로그 분석 실행
2025-07-04 14:01:24,764 - dashboard_runner - INFO - 주기적 로그 분석 완료
2025-07-04 14:01:29,775 - dashboard_runner - INFO - 주기적 로그 분석 실행
2025-07-04 14:01:30,659 - dashboard_runner - INFO - 주기적 로그 분석 완료
2025-07-04 14:01:35,669 - dashboard_runner - INFO - 주기적 로그 분석 실행
2025-07-04 14:01:36,510 - dashboard_runner - INFO - 주기적 로그 분석 완료
2025-07-04 14:01:41,514 - dashboard_runner - INFO - 주기적 로그 분석 실행
2025-07-04 14:01:42,428 - dashboard_runner - INFO - 주기적 로그 분석 완료
2025-07-04 14:01:47,435 - dashboard_runner - INFO - 주기적 로그 분석 실행
2025-07-04 14:01:48,307 - dashboard_runner - INFO - 주기적 로그 분석 완료
2025-07-04 14:01:53,321 - dashboard_runner - INFO - 주기적 로그 분석 실행
2025-07-04 14:01:54,162 - dashboard_runner - INFO - 주기적 로그 분석 완료
2025-07-04 14:01:59,169 - dashboard_runner - INFO - 주기적 로그 분석 실행
2025-07-04 14:02:00,100 - dashboard_runner - INFO - 주기적 로그 분석 완료
2025-07-04 14:02:05,116 - dashboard_runner - INFO - 주기적 로그 분석 실행
2025-07-04 14:02:05,933 - dashboard_runner - INFO - 주기적 로그 분석 완료
2025-07-04 14:02:10,941 - dashboard_runner - INFO - 주기적 로그 분석 실행
2025-07-04 14:02:11,814 - dashboard_runner - INFO - 주기적 로그 분석 완료
2025-07-04 14:02:16,818 - dashboard_runner - INFO - 주기적 로그 분석 실행
2025-07-04 14:02:17,632 - dashboard_runner - INFO - 주기적 로그 분석 완료
2025-07-04 14:02:22,640 - dashboard_runner - INFO - 주기적 로그 분석 실행
2025-07-04 14:02:23,427 - dashboard_runner - INFO - 주기적 로그 분석 완료
2025-07-04 14:02:28,442 - dashboard_runner - INFO - 주기적 로그 분석 실행
2025-07-04 14:02:29,261 - dashboard_runner - INFO - 주기적 로그 분석 완료
2025-07-04 14:02:34,271 - dashboard_runner - INFO - 주기적 로그 분석 실행
2025-07-04 14:02:35,016 - dashboard_runner - INFO - 주기적 로그 분석 완료
2025-07-04 14:02:40,029 - dashboard_runner - INFO - 주기적 로그 분석 실행
2025-07-04 14:02:40,803 - dashboard_runner - INFO - 주기적 로그 분석 완료
2025-07-04 14:02:45,815 - dashboard_runner - INFO - 주기적 로그 분석 실행
2025-07-04 14:02:46,593 - dashboard_runner - INFO - 주기적 로그 분석 완료
2025-07-04 14:02:51,599 - dashboard_runner - INFO - 주기적 로그 분석 실행
2025-07-04 14:02:52,375 - dashboard_runner - INFO - 주기적 로그 분석 완료
2025-07-04 14:02:57,381 - dashboard_runner - INFO - 주기적 로그 분석 실행
2025-07-04 14:02:58,150 - dashboard_runner - INFO - 주기적 로그 분석 완료
2025-07-04 14:03:03,155 - dashboard_runner - INFO - 주기적 로그 분석 실행
2025-07-04 14:03:03,995 - dashboard_runner - INFO - 주기적 로그 분석 완료
2025-07-04 14:03:09,004 - dashboard_runner - INFO - 주기적 로그 분석 실행
2025-07-04 14:03:09,813 - dashboard_runner - INFO - 주기적 로그 분석 완료
2025-07-04 14:03:14,828 - dashboard_runner - INFO - 주기적 로그 분석 실행
2025-07-04 14:03:15,604 - dashboard_runner - INFO - 주기적 로그 분석 완료
2025-07-04 14:03:20,608 - dashboard_runner - INFO - 주기적 로그 분석 실행
2025-07-04 14:03:21,395 - dashboard_runner - INFO - 주기적 로그 분석 완료
2025-07-04 14:03:26,402 - dashboard_runner - INFO - 주기적 로그 분석 실행
2025-07-04 14:03:27,157 - dashboard_runner - INFO - 주기적 로그 분석 완료
2025-07-04 14:03:32,168 - dashboard_runner - INFO - 주기적 로그 분석 실행
2025-07-04 14:03:32,978 - dashboard_runner - INFO - 주기적 로그 분석 완료
2025-07-04 14:03:37,982 - dashboard_runner - INFO - 주기적 로그 분석 실행
2025-07-04 14:03:38,905 - dashboard_runner - INFO - 주기적 로그 분석 완료
2025-07-04 14:03:43,914 - dashboard_runner - INFO - 주기적 로그 분석 실행
2025-07-04 14:03:44,799 - dashboard_runner - INFO - 주기적 로그 분석 완료
2025-07-04 14:03:49,806 - dashboard_runner - INFO - 주기적 로그 분석 실행
2025-07-04 14:03:50,627 - dashboard_runner - INFO - 주기적 로그 분석 완료
2025-07-04 14:03:55,642 - dashboard_runner - INFO - 주기적 로그 분석 실행
2025-07-04 14:03:56,449 - dashboard_runner - INFO - 주기적 로그 분석 완료
2025-07-04 14:04:01,461 - dashboard_runner - INFO - 주기적 로그 분석 실행
2025-07-04 14:04:02,228 - dashboard_runner - INFO - 주기적 로그 분석 완료
2025-07-04 14:04:07,236 - dashboard_runner - INFO - 주기적 로그 분석 실행
2025-07-04 14:04:07,990 - dashboard_runner - INFO - 주기적 로그 분석 완료
2025-07-04 14:04:13,004 - dashboard_runner - INFO - 주기적 로그 분석 실행
2025-07-04 14:04:13,756 - dashboard_runner - INFO - 주기적 로그 분석 완료
2025-07-04 14:04:18,761 - dashboard_runner - INFO - 주기적 로그 분석 실행
2025-07-04 14:04:19,491 - dashboard_runner - INFO - 주기적 로그 분석 완료
2025-07-04 14:04:24,493 - dashboard_runner - INFO - 주기적 로그 분석 실행
2025-07-04 14:04:25,279 - dashboard_runner - INFO - 주기적 로그 분석 완료
2025-07-04 14:04:30,283 - dashboard_runner - INFO - 주기적 로그 분석 실행
2025-07-04 14:04:31,063 - dashboard_runner - INFO - 주기적 로그 분석 완료
2025-07-04 14:04:36,067 - dashboard_runner - INFO - 주기적 로그 분석 실행
2025-07-04 14:04:36,885 - dashboard_runner - INFO - 주기적 로그 분석 완료
2025-07-04 14:04:41,901 - dashboard_runner - INFO - 주기적 로그 분석 실행
2025-07-04 14:04:42,675 - dashboard_runner - INFO - 주기적 로그 분석 완료
2025-07-04 14:04:47,687 - dashboard_runner - INFO - 주기적 로그 분석 실행
2025-07-04 14:04:48,479 - dashboard_runner - INFO - 주기적 로그 분석 완료
2025-07-04 14:04:53,494 - dashboard_runner - INFO - 주기적 로그 분석 실행
2025-07-04 14:04:54,266 - dashboard_runner - INFO - 주기적 로그 분석 완료
2025-07-04 14:04:59,275 - dashboard_runner - INFO - 주기적 로그 분석 실행
2025-07-04 14:05:00,079 - dashboard_runner - INFO - 주기적 로그 분석 완료
2025-07-04 14:05:05,095 - dashboard_runner - INFO - 주기적 로그 분석 실행
2025-07-04 14:05:05,905 - dashboard_runner - INFO - 주기적 로그 분석 완료
2025-07-04 14:05:10,907 - dashboard_runner - INFO - 주기적 로그 분석 실행
2025-07-04 14:05:11,664 - dashboard_runner - INFO - 주기적 로그 분석 완료
2025-07-04 14:05:16,671 - dashboard_runner - INFO - 주기적 로그 분석 실행
2025-07-04 14:05:17,466 - dashboard_runner - INFO - 주기적 로그 분석 완료
2025-07-04 14:05:22,472 - dashboard_runner - INFO - 주기적 로그 분석 실행
2025-07-04 14:05:23,276 - dashboard_runner - INFO - 주기적 로그 분석 완료
2025-07-04 14:05:28,284 - dashboard_runner - INFO - 주기적 로그 분석 실행
2025-07-04 14:05:29,104 - dashboard_runner - INFO - 주기적 로그 분석 완료
2025-07-04 14:05:34,116 - dashboard_runner - INFO - 주기적 로그 분석 실행
2025-07-04 14:05:34,886 - dashboard_runner - INFO - 주기적 로그 분석 완료
2025-07-04 14:05:39,889 - dashboard_runner - INFO - 주기적 로그 분석 실행
2025-07-04 14:05:40,673 - dashboard_runner - INFO - 주기적 로그 분석 완료
2025-07-04 14:05:45,675 - dashboard_runner - INFO - 주기적 로그 분석 실행
2025-07-04 14:05:46,522 - dashboard_runner - INFO - 주기적 로그 분석 완료
2025-07-04 14:05:51,529 - dashboard_runner - INFO - 주기적 로그 분석 실행
2025-07-04 14:05:52,361 - dashboard_runner - INFO - 주기적 로그 분석 완료
2025-07-04 14:05:57,362 - dashboard_runner - INFO - 주기적 로그 분석 실행
2025-07-04 14:05:58,155 - dashboard_runner - INFO - 주기적 로그 분석 완료
2025-07-04 14:06:03,168 - dashboard_runner - INFO - 주기적 로그 분석 실행
2025-07-04 14:06:03,947 - dashboard_runner - INFO - 주기적 로그 분석 완료
2025-07-04 14:06:08,961 - dashboard_runner - INFO - 주기적 로그 분석 실행
2025-07-04 14:06:10,062 - dashboard_runner - INFO - 주기적 로그 분석 완료
2025-07-04 14:06:15,065 - dashboard_runner - INFO - 주기적 로그 분석 실행
2025-07-04 14:06:15,856 - dashboard_runner - INFO - 주기적 로그 분석 완료
2025-07-04 14:06:20,863 - dashboard_runner - INFO - 주기적 로그 분석 실행
2025-07-04 14:06:21,700 - dashboard_runner - INFO - 주기적 로그 분석 완료
2025-07-04 14:06:26,713 - dashboard_runner - INFO - 주기적 로그 분석 실행
2025-07-04 14:06:27,423 - dashboard_runner - INFO - 주기적 로그 분석 완료
2025-07-04 14:06:32,426 - dashboard_runner - INFO - 주기적 로그 분석 실행
2025-07-04 14:06:33,215 - dashboard_runner - INFO - 주기적 로그 분석 완료
2025-07-04 14:06:38,219 - dashboard_runner - INFO - 주기적 로그 분석 실행
2025-07-04 14:06:38,991 - dashboard_runner - INFO - 주기적 로그 분석 완료
2025-07-04 14:06:43,999 - dashboard_runner - INFO - 주기적 로그 분석 실행
2025-07-04 14:06:44,797 - dashboard_runner - INFO - 주기적 로그 분석 완료
2025-07-04 14:06:49,803 - dashboard_runner - INFO - 주기적 로그 분석 실행
2025-07-04 14:06:50,626 - dashboard_runner - INFO - 주기적 로그 분석 완료
2025-07-04 14:06:55,636 - dashboard_runner - INFO - 주기적 로그 분석 실행
2025-07-04 14:06:56,490 - dashboard_runner - INFO - 주기적 로그 분석 완료
2025-07-04 14:07:01,495 - dashboard_runner - INFO - 주기적 로그 분석 실행
2025-07-04 14:07:02,313 - dashboard_runner - INFO - 주기적 로그 분석 완료
2025-07-04 14:07:07,320 - dashboard_runner - INFO - 주기적 로그 분석 실행
2025-07-04 14:07:08,091 - dashboard_runner - INFO - 주기적 로그 분석 완료
2025-07-04 14:07:13,096 - dashboard_runner - INFO - 주기적 로그 분석 실행
2025-07-04 14:07:14,074 - dashboard_runner - INFO - 주기적 로그 분석 완료
2025-07-04 14:07:19,081 - dashboard_runner - INFO - 주기적 로그 분석 실행
2025-07-04 14:07:19,925 - dashboard_runner - INFO - 주기적 로그 분석 완료
2025-07-04 14:07:24,934 - dashboard_runner - INFO - 주기적 로그 분석 실행
2025-07-04 14:07:25,734 - dashboard_runner - INFO - 주기적 로그 분석 완료
2025-07-04 14:07:30,744 - dashboard_runner - INFO - 주기적 로그 분석 실행
2025-07-04 14:07:31,544 - dashboard_runner - INFO - 주기적 로그 분석 완료
2025-07-04 14:07:36,550 - dashboard_runner - INFO - 주기적 로그 분석 실행
2025-07-04 14:07:37,379 - dashboard_runner - INFO - 주기적 로그 분석 완료
2025-07-04 14:07:42,381 - dashboard_runner - INFO - 주기적 로그 분석 실행
2025-07-04 14:07:43,222 - dashboard_runner - INFO - 주기적 로그 분석 완료
2025-07-04 14:07:48,224 - dashboard_runner - INFO - 주기적 로그 분석 실행
2025-07-04 14:07:49,035 - dashboard_runner - INFO - 주기적 로그 분석 완료
2025-07-04 14:07:54,036 - dashboard_runner - INFO - 주기적 로그 분석 실행
2025-07-04 14:07:54,844 - dashboard_runner - INFO - 주기적 로그 분석 완료
2025-07-04 14:07:59,855 - dashboard_runner - INFO - 주기적 로그 분석 실행
2025-07-04 14:08:00,745 - dashboard_runner - INFO - 주기적 로그 분석 완료
2025-07-04 14:08:05,758 - dashboard_runner - INFO - 주기적 로그 분석 실행
2025-07-04 14:08:06,668 - dashboard_runner - INFO - 주기적 로그 분석 완료
2025-07-04 14:08:11,672 - dashboard_runner - INFO - 주기적 로그 분석 실행
2025-07-04 14:08:12,487 - dashboard_runner - INFO - 주기적 로그 분석 완료
2025-07-04 14:08:17,493 - dashboard_runner - INFO - 주기적 로그 분석 실행
2025-07-04 14:08:18,312 - dashboard_runner - INFO - 주기적 로그 분석 완료
2025-07-04 14:08:23,325 - dashboard_runner - INFO - 주기적 로그 분석 실행
2025-07-04 14:08:24,144 - dashboard_runner - INFO - 주기적 로그 분석 완료
2025-07-04 14:08:29,145 - dashboard_runner - INFO - 주기적 로그 분석 실행
2025-07-04 14:08:29,945 - dashboard_runner - INFO - 주기적 로그 분석 완료
2025-07-04 14:08:34,951 - dashboard_runner - INFO - 주기적 로그 분석 실행
2025-07-04 14:08:35,814 - dashboard_runner - INFO - 주기적 로그 분석 완료
2025-07-04 14:08:40,818 - dashboard_runner - INFO - 주기적 로그 분석 실행
2025-07-04 14:08:41,618 - dashboard_runner - INFO - 주기적 로그 분석 완료
2025-07-04 14:08:46,627 - dashboard_runner - INFO - 주기적 로그 분석 실행
2025-07-04 14:08:47,452 - dashboard_runner - INFO - 주기적 로그 분석 완료
2025-07-04 14:08:52,459 - dashboard_runner - INFO - 주기적 로그 분석 실행
2025-07-04 14:08:53,263 - dashboard_runner - INFO - 주기적 로그 분석 완료
2025-07-04 14:08:58,266 - dashboard_runner - INFO - 주기적 로그 분석 실행
2025-07-04 14:08:59,088 - dashboard_runner - INFO - 주기적 로그 분석 완료
2025-07-04 14:09:04,096 - dashboard_runner - INFO - 주기적 로그 분석 실행
2025-07-04 14:09:04,919 - dashboard_runner - INFO - 주기적 로그 분석 완료
2025-07-04 14:09:09,927 - dashboard_runner - INFO - 주기적 로그 분석 실행
2025-07-04 14:09:10,726 - dashboard_runner - INFO - 주기적 로그 분석 완료
2025-07-04 14:09:15,739 - dashboard_runner - INFO - 주기적 로그 분석 실행
2025-07-04 14:09:16,578 - dashboard_runner - INFO - 주기적 로그 분석 완료
2025-07-04 14:09:21,581 - dashboard_runner - INFO - 주기적 로그 분석 실행
2025-07-04 14:09:22,381 - dashboard_runner - INFO - 주기적 로그 분석 완료
2025-07-04 14:09:27,392 - dashboard_runner - INFO - 주기적 로그 분석 실행
2025-07-04 14:09:28,174 - dashboard_runner - INFO - 주기적 로그 분석 완료
2025-07-04 14:09:33,184 - dashboard_runner - INFO - 주기적 로그 분석 실행
2025-07-04 14:09:34,045 - dashboard_runner - INFO - 주기적 로그 분석 완료
2025-07-04 14:09:39,055 - dashboard_runner - INFO - 주기적 로그 분석 실행
2025-07-04 14:09:39,894 - dashboard_runner - INFO - 주기적 로그 분석 완료
2025-07-04 14:09:44,905 - dashboard_runner - INFO - 주기적 로그 분석 실행
2025-07-04 14:09:45,758 - dashboard_runner - INFO - 주기적 로그 분석 완료
2025-07-04 14:09:50,767 - dashboard_runner - INFO - 주기적 로그 분석 실행
2025-07-04 14:09:51,634 - dashboard_runner - INFO - 주기적 로그 분석 완료
2025-07-04 14:09:56,651 - dashboard_runner - INFO - 주기적 로그 분석 실행
2025-07-04 14:09:57,459 - dashboard_runner - INFO - 주기적 로그 분석 완료
2025-07-04 14:10:02,472 - dashboard_runner - INFO - 주기적 로그 분석 실행
2025-07-04 14:10:03,283 - dashboard_runner - INFO - 주기적 로그 분석 완료
2025-07-04 14:10:08,296 - dashboard_runner - INFO - 주기적 로그 분석 실행
2025-07-04 14:10:09,118 - dashboard_runner - INFO - 주기적 로그 분석 완료
2025-07-04 14:10:14,125 - dashboard_runner - INFO - 주기적 로그 분석 실행
2025-07-04 14:10:14,960 - dashboard_runner - INFO - 주기적 로그 분석 완료
2025-07-04 14:10:19,974 - dashboard_runner - INFO - 주기적 로그 분석 실행
2025-07-04 14:10:20,818 - dashboard_runner - INFO - 주기적 로그 분석 완료
2025-07-04 14:10:25,832 - dashboard_runner - INFO - 주기적 로그 분석 실행
2025-07-04 14:10:26,694 - dashboard_runner - INFO - 주기적 로그 분석 완료
2025-07-04 14:10:31,700 - dashboard_runner - INFO - 주기적 로그 분석 실행
2025-07-04 14:10:32,573 - dashboard_runner - INFO - 주기적 로그 분석 완료
2025-07-04 14:10:37,585 - dashboard_runner - INFO - 주기적 로그 분석 실행
2025-07-04 14:10:38,467 - dashboard_runner - INFO - 주기적 로그 분석 완료
2025-07-04 14:10:43,474 - dashboard_runner - INFO - 주기적 로그 분석 실행
2025-07-04 14:10:44,329 - dashboard_runner - INFO - 주기적 로그 분석 완료
2025-07-04 14:10:49,331 - dashboard_runner - INFO - 주기적 로그 분석 실행
2025-07-04 14:10:50,123 - dashboard_runner - INFO - 주기적 로그 분석 완료
2025-07-04 14:10:55,129 - dashboard_runner - INFO - 주기적 로그 분석 실행
2025-07-04 14:10:55,932 - dashboard_runner - INFO - 주기적 로그 분석 완료
2025-07-04 14:11:00,937 - dashboard_runner - INFO - 주기적 로그 분석 실행
2025-07-04 14:11:01,875 - dashboard_runner - INFO - 주기적 로그 분석 완료
2025-07-04 14:11:06,888 - dashboard_runner - INFO - 주기적 로그 분석 실행
2025-07-04 14:11:07,811 - dashboard_runner - INFO - 주기적 로그 분석 완료
2025-07-04 14:11:12,825 - dashboard_runner - INFO - 주기적 로그 분석 실행
2025-07-04 14:11:13,756 - dashboard_runner - INFO - 주기적 로그 분석 완료
2025-07-04 14:11:18,773 - dashboard_runner - INFO - 주기적 로그 분석 실행
2025-07-04 14:11:19,590 - dashboard_runner - INFO - 주기적 로그 분석 완료
2025-07-04 14:11:24,593 - dashboard_runner - INFO - 주기적 로그 분석 실행
2025-07-04 14:11:25,427 - dashboard_runner - INFO - 주기적 로그 분석 완료
2025-07-04 14:11:30,440 - dashboard_runner - INFO - 주기적 로그 분석 실행
2025-07-04 14:11:31,266 - dashboard_runner - INFO - 주기적 로그 분석 완료
2025-07-04 14:11:36,278 - dashboard_runner - INFO - 주기적 로그 분석 실행
2025-07-04 14:11:37,083 - dashboard_runner - INFO - 주기적 로그 분석 완료
2025-07-04 14:11:42,085 - dashboard_runner - INFO - 주기적 로그 분석 실행
2025-07-04 14:11:42,935 - dashboard_runner - INFO - 주기적 로그 분석 완료
2025-07-04 14:11:47,939 - dashboard_runner - INFO - 주기적 로그 분석 실행
2025-07-04 14:11:48,950 - dashboard_runner - INFO - 주기적 로그 분석 완료
2025-07-04 14:11:53,956 - dashboard_runner - INFO - 주기적 로그 분석 실행
2025-07-04 14:11:54,826 - dashboard_runner - INFO - 주기적 로그 분석 완료
2025-07-04 14:11:59,837 - dashboard_runner - INFO - 주기적 로그 분석 실행
2025-07-04 14:12:01,016 - dashboard_runner - INFO - 주기적 로그 분석 완료
2025-07-04 14:12:06,027 - dashboard_runner - INFO - 주기적 로그 분석 실행
2025-07-04 14:12:06,935 - dashboard_runner - INFO - 주기적 로그 분석 완료
2025-07-04 14:12:11,947 - dashboard_runner - INFO - 주기적 로그 분석 실행
2025-07-04 14:12:12,876 - dashboard_runner - INFO - 주기적 로그 분석 완료
2025-07-04 14:12:17,884 - dashboard_runner - INFO - 주기적 로그 분석 실행
2025-07-04 14:12:18,818 - dashboard_runner - INFO - 주기적 로그 분석 완료
2025-07-04 14:12:23,822 - dashboard_runner - INFO - 주기적 로그 분석 실행
2025-07-04 14:12:24,675 - dashboard_runner - INFO - 주기적 로그 분석 완료
2025-07-04 14:12:29,677 - dashboard_runner - INFO - 주기적 로그 분석 실행
2025-07-04 14:12:30,493 - dashboard_runner - INFO - 주기적 로그 분석 완료
2025-07-04 14:12:35,499 - dashboard_runner - INFO - 주기적 로그 분석 실행
2025-07-04 14:12:36,329 - dashboard_runner - INFO - 주기적 로그 분석 완료
2025-07-04 14:12:41,345 - dashboard_runner - INFO - 주기적 로그 분석 실행
2025-07-04 14:12:42,164 - dashboard_runner - INFO - 주기적 로그 분석 완료
2025-07-04 14:12:47,177 - dashboard_runner - INFO - 주기적 로그 분석 실행
2025-07-04 14:12:48,026 - dashboard_runner - INFO - 주기적 로그 분석 완료
2025-07-04 14:12:53,028 - dashboard_runner - INFO - 주기적 로그 분석 실행
2025-07-04 14:12:53,900 - dashboard_runner - INFO - 주기적 로그 분석 완료
2025-07-04 14:12:58,914 - dashboard_runner - INFO - 주기적 로그 분석 실행
2025-07-04 14:12:59,752 - dashboard_runner - INFO - 주기적 로그 분석 완료
2025-07-04 14:13:04,763 - dashboard_runner - INFO - 주기적 로그 분석 실행
2025-07-04 14:13:05,604 - dashboard_runner - INFO - 주기적 로그 분석 완료
2025-07-04 14:13:10,617 - dashboard_runner - INFO - 주기적 로그 분석 실행
2025-07-04 14:13:11,633 - dashboard_runner - INFO - 주기적 로그 분석 완료
2025-07-04 14:13:16,644 - dashboard_runner - INFO - 주기적 로그 분석 실행
2025-07-04 14:13:17,537 - dashboard_runner - INFO - 주기적 로그 분석 완료
2025-07-04 14:13:22,544 - dashboard_runner - INFO - 주기적 로그 분석 실행
2025-07-04 14:13:23,397 - dashboard_runner - INFO - 주기적 로그 분석 완료
2025-07-04 14:13:28,407 - dashboard_runner - INFO - 주기적 로그 분석 실행
2025-07-04 14:13:29,285 - dashboard_runner - INFO - 주기적 로그 분석 완료
2025-07-04 14:13:34,300 - dashboard_runner - INFO - 주기적 로그 분석 실행
2025-07-04 14:13:35,155 - dashboard_runner - INFO - 주기적 로그 분석 완료
2025-07-04 14:13:40,157 - dashboard_runner - INFO - 주기적 로그 분석 실행
2025-07-04 14:13:41,005 - dashboard_runner - INFO - 주기적 로그 분석 완료
2025-07-04 14:13:46,009 - dashboard_runner - INFO - 주기적 로그 분석 실행
2025-07-04 14:13:46,998 - dashboard_runner - INFO - 주기적 로그 분석 완료
2025-07-04 14:13:51,998 - dashboard_runner - INFO - 주기적 로그 분석 실행
2025-07-04 14:13:52,919 - dashboard_runner - INFO - 주기적 로그 분석 완료
